2018-11-10 00:55:38.853980: I tensorflow/core/platform/cpu_feature_guard.cc:141] Your CPU supports instructions that this TensorFlow binary was not compiled to use: AVX2 FMA
[INFO] loading images...
[INFO] training network...
Epoch 1/40

1/9 [==>...........................] - ETA: 16:05 - loss: 2.8862 - acc: 0.0469
2/9 [=====>........................] - ETA: 12:23 - loss: 2.8930 - acc: 0.0430
3/9 [=========>....................] - ETA: 10:07 - loss: 2.9040 - acc: 0.0521
4/9 [============>.................] - ETA: 8:12 - loss: 2.9225 - acc: 0.0566 
5/9 [===============>..............] - ETA: 6:26 - loss: 2.9038 - acc: 0.0625
6/9 [===================>..........] - ETA: 4:46 - loss: 2.8858 - acc: 0.0664
7/9 [======================>.......] - ETA: 3:09 - loss: 2.8708 - acc: 0.0647
8/9 [=========================>....] - ETA: 1:35 - loss: 2.8547 - acc: 0.0645
9/9 [==============================] - 952s 106s/step - loss: 2.8591 - acc: 0.0651 - val_loss: 2.6826 - val_acc: 0.0900
Epoch 2/40

1/9 [==>...........................] - ETA: 4:41 - loss: 2.8134 - acc: 0.0833
2/9 [=====>........................] - ETA: 7:19 - loss: 2.8447 - acc: 0.0768
3/9 [=========>....................] - ETA: 7:10 - loss: 2.8337 - acc: 0.0747
4/9 [============>.................] - ETA: 6:22 - loss: 2.8073 - acc: 0.0872
5/9 [===============>..............] - ETA: 5:17 - loss: 2.7821 - acc: 0.0932
6/9 [===================>..........] - ETA: 4:03 - loss: 2.7784 - acc: 0.0946
7/9 [======================>.......] - ETA: 2:44 - loss: 2.7829 - acc: 0.0900
8/9 [=========================>....] - ETA: 1:22 - loss: 2.7854 - acc: 0.0876
9/9 [==============================] - 802s 89s/step - loss: 2.7703 - acc: 0.0979 - val_loss: 2.5893 - val_acc: 0.1633
Epoch 3/40

1/9 [==>...........................] - ETA: 17:35 - loss: 2.7326 - acc: 0.0781
2/9 [=====>........................] - ETA: 10:00 - loss: 2.6878 - acc: 0.1016
3/9 [=========>....................] - ETA: 8:56 - loss: 2.6971 - acc: 0.1120 
4/9 [============>.................] - ETA: 7:29 - loss: 2.7048 - acc: 0.1055
5/9 [===============>..............] - ETA: 6:01 - loss: 2.6950 - acc: 0.1000
6/9 [===================>..........] - ETA: 4:32 - loss: 2.6916 - acc: 0.1016
7/9 [======================>.......] - ETA: 3:01 - loss: 2.6872 - acc: 0.1038
8/9 [=========================>....] - ETA: 1:30 - loss: 2.6811 - acc: 0.1074
9/9 [==============================] - 864s 96s/step - loss: 2.6682 - acc: 0.1154 - val_loss: 2.4541 - val_acc: 0.3667
Epoch 4/40

1/9 [==>...........................] - ETA: 11:51 - loss: 2.5935 - acc: 0.1328
2/9 [=====>........................] - ETA: 10:53 - loss: 2.6137 - acc: 0.1250
3/9 [=========>....................] - ETA: 8:15 - loss: 2.5948 - acc: 0.1250 
4/9 [============>.................] - ETA: 7:22 - loss: 2.5634 - acc: 0.1465
5/9 [===============>..............] - ETA: 5:58 - loss: 2.5346 - acc: 0.1766
6/9 [===================>..........] - ETA: 4:29 - loss: 2.5309 - acc: 0.1797
7/9 [======================>.......] - ETA: 3:00 - loss: 2.5212 - acc: 0.1931
8/9 [=========================>....] - ETA: 1:30 - loss: 2.5064 - acc: 0.1953
9/9 [==============================] - 861s 96s/step - loss: 2.4951 - acc: 0.1976 - val_loss: 2.2713 - val_acc: 0.5400
Epoch 5/40

1/9 [==>...........................] - ETA: 12:00 - loss: 2.3762 - acc: 0.2969
2/9 [=====>........................] - ETA: 10:34 - loss: 2.3693 - acc: 0.2852
3/9 [=========>....................] - ETA: 9:01 - loss: 2.3716 - acc: 0.2630 
4/9 [============>.................] - ETA: 6:23 - loss: 2.3718 - acc: 0.2598
5/9 [===============>..............] - ETA: 5:19 - loss: 2.3792 - acc: 0.2484
6/9 [===================>..........] - ETA: 4:28 - loss: 2.3669 - acc: 0.2565
7/9 [======================>.......] - ETA: 3:01 - loss: 2.3509 - acc: 0.2645
8/9 [=========================>....] - ETA: 1:30 - loss: 2.3324 - acc: 0.2715
9/9 [==============================] - 871s 97s/step - loss: 2.3007 - acc: 0.2911 - val_loss: 2.0124 - val_acc: 0.7067
Epoch 6/40

1/9 [==>...........................] - ETA: 12:14 - loss: 2.1093 - acc: 0.3984
2/9 [=====>........................] - ETA: 10:39 - loss: 2.1035 - acc: 0.4102
3/9 [=========>....................] - ETA: 9:07 - loss: 2.1090 - acc: 0.3984 
4/9 [============>.................] - ETA: 7:34 - loss: 2.0712 - acc: 0.4238
5/9 [===============>..............] - ETA: 5:19 - loss: 2.0863 - acc: 0.4016
6/9 [===================>..........] - ETA: 4:04 - loss: 2.0654 - acc: 0.4102
7/9 [======================>.......] - ETA: 2:45 - loss: 2.0380 - acc: 0.4263
8/9 [=========================>....] - ETA: 1:30 - loss: 2.0084 - acc: 0.4307
9/9 [==============================] - 869s 97s/step - loss: 1.9810 - acc: 0.4446 - val_loss: 1.6699 - val_acc: 0.7600
Epoch 7/40

1/9 [==>...........................] - ETA: 12:04 - loss: 1.7688 - acc: 0.5156
2/9 [=====>........................] - ETA: 10:34 - loss: 1.6546 - acc: 0.5781
3/9 [=========>....................] - ETA: 9:07 - loss: 1.6758 - acc: 0.5573 
4/9 [============>.................] - ETA: 7:37 - loss: 1.6336 - acc: 0.5742
5/9 [===============>..............] - ETA: 6:05 - loss: 1.6196 - acc: 0.5797
6/9 [===================>..........] - ETA: 4:06 - loss: 1.5937 - acc: 0.5907
7/9 [======================>.......] - ETA: 2:46 - loss: 1.5517 - acc: 0.6090
8/9 [=========================>....] - ETA: 1:24 - loss: 1.5236 - acc: 0.6169
9/9 [==============================] - 823s 91s/step - loss: 1.4997 - acc: 0.6237 - val_loss: 1.2094 - val_acc: 0.8100
Epoch 8/40

1/9 [==>...........................] - ETA: 17:54 - loss: 1.3283 - acc: 0.6328
2/9 [=====>........................] - ETA: 13:20 - loss: 1.2726 - acc: 0.6602
3/9 [=========>....................] - ETA: 10:42 - loss: 1.2280 - acc: 0.6745
4/9 [============>.................] - ETA: 8:36 - loss: 1.2233 - acc: 0.6797 
5/9 [===============>..............] - ETA: 6:45 - loss: 1.1842 - acc: 0.6937
6/9 [===================>..........] - ETA: 4:59 - loss: 1.1416 - acc: 0.7044
7/9 [======================>.......] - ETA: 3:01 - loss: 1.1027 - acc: 0.7169
8/9 [=========================>....] - ETA: 1:30 - loss: 1.0657 - acc: 0.7240
9/9 [==============================] - 863s 96s/step - loss: 1.0522 - acc: 0.7246 - val_loss: 0.7752 - val_acc: 0.8300
Epoch 9/40

1/9 [==>...........................] - ETA: 12:56 - loss: 0.7403 - acc: 0.7578
2/9 [=====>........................] - ETA: 13:21 - loss: 0.7726 - acc: 0.7773
3/9 [=========>....................] - ETA: 10:43 - loss: 0.7632 - acc: 0.7812
4/9 [============>.................] - ETA: 8:36 - loss: 0.7326 - acc: 0.7891 
5/9 [===============>..............] - ETA: 6:42 - loss: 0.7285 - acc: 0.7906
6/9 [===================>..........] - ETA: 4:58 - loss: 0.7182 - acc: 0.7917
7/9 [======================>.......] - ETA: 3:16 - loss: 0.6934 - acc: 0.8013
8/9 [=========================>....] - ETA: 1:30 - loss: 0.6584 - acc: 0.8184
9/9 [==============================] - 864s 96s/step - loss: 0.6494 - acc: 0.8221 - val_loss: 0.5304 - val_acc: 0.8633
Epoch 10/40

1/9 [==>...........................] - ETA: 12:12 - loss: 0.4429 - acc: 0.8672
2/9 [=====>........................] - ETA: 10:34 - loss: 0.4923 - acc: 0.8633
3/9 [=========>....................] - ETA: 10:50 - loss: 0.4932 - acc: 0.8646
4/9 [============>.................] - ETA: 8:48 - loss: 0.4935 - acc: 0.8613 
5/9 [===============>..............] - ETA: 6:54 - loss: 0.4921 - acc: 0.8625
6/9 [===================>..........] - ETA: 5:04 - loss: 0.4841 - acc: 0.8620
7/9 [======================>.......] - ETA: 3:20 - loss: 0.4631 - acc: 0.8672
8/9 [=========================>....] - ETA: 1:38 - loss: 0.4393 - acc: 0.8770
9/9 [==============================] - 882s 98s/step - loss: 0.4388 - acc: 0.8789 - val_loss: 0.4206 - val_acc: 0.8800
Epoch 11/40

1/9 [==>...........................] - ETA: 11:46 - loss: 0.3393 - acc: 0.8984
2/9 [=====>........................] - ETA: 10:22 - loss: 0.3163 - acc: 0.9102
3/9 [=========>....................] - ETA: 8:54 - loss: 0.3359 - acc: 0.9062 
4/9 [============>.................] - ETA: 8:28 - loss: 0.3471 - acc: 0.9023
5/9 [===============>..............] - ETA: 6:44 - loss: 0.3675 - acc: 0.8969
6/9 [===================>..........] - ETA: 4:59 - loss: 0.3534 - acc: 0.9010
7/9 [======================>.......] - ETA: 3:16 - loss: 0.3517 - acc: 0.9029
8/9 [=========================>....] - ETA: 1:37 - loss: 0.3471 - acc: 0.9043
9/9 [==============================] - 923s 103s/step - loss: 0.3372 - acc: 0.9036 - val_loss: 0.3898 - val_acc: 0.8900
Epoch 12/40

1/9 [==>...........................] - ETA: 4:42 - loss: 0.3944 - acc: 0.8750
2/9 [=====>........................] - ETA: 7:14 - loss: 0.3557 - acc: 0.8789
3/9 [=========>....................] - ETA: 7:06 - loss: 0.3313 - acc: 0.8984
4/9 [============>.................] - ETA: 6:20 - loss: 0.3245 - acc: 0.9004
5/9 [===============>..............] - ETA: 5:23 - loss: 0.3088 - acc: 0.9078
6/9 [===================>..........] - ETA: 4:27 - loss: 0.2852 - acc: 0.9141
7/9 [======================>.......] - ETA: 3:00 - loss: 0.2762 - acc: 0.9185
8/9 [=========================>....] - ETA: 1:30 - loss: 0.2749 - acc: 0.9180
9/9 [==============================] - 869s 97s/step - loss: 0.2792 - acc: 0.9179 - val_loss: 0.3244 - val_acc: 0.9100
Epoch 13/40

1/9 [==>...........................] - ETA: 12:01 - loss: 0.3678 - acc: 0.8750
2/9 [=====>........................] - ETA: 7:19 - loss: 0.3467 - acc: 0.9062 
3/9 [=========>....................] - ETA: 7:11 - loss: 0.3188 - acc: 0.9010
4/9 [============>.................] - ETA: 6:22 - loss: 0.2816 - acc: 0.9160
5/9 [===============>..............] - ETA: 5:18 - loss: 0.2775 - acc: 0.9125
6/9 [===================>..........] - ETA: 4:15 - loss: 0.2675 - acc: 0.9154
7/9 [======================>.......] - ETA: 2:59 - loss: 0.2611 - acc: 0.9129
8/9 [=========================>....] - ETA: 1:30 - loss: 0.2545 - acc: 0.9141
9/9 [==============================] - 869s 97s/step - loss: 0.2445 - acc: 0.9156 - val_loss: 0.2767 - val_acc: 0.9233
Epoch 14/40

1/9 [==>...........................] - ETA: 12:26 - loss: 0.2265 - acc: 0.9297
2/9 [=====>........................] - ETA: 10:45 - loss: 0.2199 - acc: 0.9336
3/9 [=========>....................] - ETA: 7:20 - loss: 0.2013 - acc: 0.9418 
4/9 [============>.................] - ETA: 6:31 - loss: 0.2021 - acc: 0.9408
5/9 [===============>..............] - ETA: 5:23 - loss: 0.2085 - acc: 0.9385
6/9 [===================>..........] - ETA: 4:08 - loss: 0.1929 - acc: 0.9449
7/9 [======================>.......] - ETA: 2:48 - loss: 0.1907 - acc: 0.9472
8/9 [=========================>....] - ETA: 1:31 - loss: 0.1874 - acc: 0.9479
9/9 [==============================] - 883s 98s/step - loss: 0.1872 - acc: 0.9484 - val_loss: 0.2760 - val_acc: 0.9267
Epoch 15/40

1/9 [==>...........................] - ETA: 12:07 - loss: 0.1482 - acc: 0.9531
2/9 [=====>........................] - ETA: 10:35 - loss: 0.1646 - acc: 0.9570
3/9 [=========>....................] - ETA: 9:06 - loss: 0.1757 - acc: 0.9479 
4/9 [============>.................] - ETA: 6:25 - loss: 0.1883 - acc: 0.9401
5/9 [===============>..............] - ETA: 5:20 - loss: 0.1791 - acc: 0.9411
6/9 [===================>..........] - ETA: 4:06 - loss: 0.1761 - acc: 0.9431
7/9 [======================>.......] - ETA: 2:47 - loss: 0.1767 - acc: 0.9446
8/9 [=========================>....] - ETA: 1:24 - loss: 0.1682 - acc: 0.9505
9/9 [==============================] - 864s 96s/step - loss: 0.1600 - acc: 0.9537 - val_loss: 0.2682 - val_acc: 0.9267
Epoch 16/40

1/9 [==>...........................] - ETA: 12:53 - loss: 0.1940 - acc: 0.9375
2/9 [=====>........................] - ETA: 11:07 - loss: 0.1784 - acc: 0.9492
3/9 [=========>....................] - ETA: 9:23 - loss: 0.1683 - acc: 0.9479 
4/9 [============>.................] - ETA: 7:49 - loss: 0.1704 - acc: 0.9473
5/9 [===============>..............] - ETA: 5:29 - loss: 0.1610 - acc: 0.9453
6/9 [===================>..........] - ETA: 4:12 - loss: 0.1710 - acc: 0.9414
7/9 [======================>.......] - ETA: 2:49 - loss: 0.1725 - acc: 0.9420
8/9 [=========================>....] - ETA: 1:25 - loss: 0.1685 - acc: 0.9443
9/9 [==============================] - 840s 93s/step - loss: 0.1597 - acc: 0.9480 - val_loss: 0.2533 - val_acc: 0.9333
Epoch 17/40

1/9 [==>...........................] - ETA: 17:38 - loss: 0.0869 - acc: 0.9844
2/9 [=====>........................] - ETA: 13:16 - loss: 0.1031 - acc: 0.9727
3/9 [=========>....................] - ETA: 10:35 - loss: 0.1119 - acc: 0.9661
4/9 [============>.................] - ETA: 8:34 - loss: 0.1136 - acc: 0.9668 
5/9 [===============>..............] - ETA: 6:43 - loss: 0.1149 - acc: 0.9641
6/9 [===================>..........] - ETA: 4:29 - loss: 0.1180 - acc: 0.9631
7/9 [======================>.......] - ETA: 3:00 - loss: 0.1184 - acc: 0.9628
8/9 [=========================>....] - ETA: 1:30 - loss: 0.1185 - acc: 0.9645
9/9 [==============================] - 862s 96s/step - loss: 0.1263 - acc: 0.9624 - val_loss: 0.2447 - val_acc: 0.9333
Epoch 18/40

1/9 [==>...........................] - ETA: 12:16 - loss: 0.0869 - acc: 0.9766
2/9 [=====>........................] - ETA: 13:37 - loss: 0.1230 - acc: 0.9648
3/9 [=========>....................] - ETA: 11:06 - loss: 0.1299 - acc: 0.9583
4/9 [============>.................] - ETA: 8:55 - loss: 0.1179 - acc: 0.9609 
5/9 [===============>..............] - ETA: 6:57 - loss: 0.1216 - acc: 0.9625
6/9 [===================>..........] - ETA: 5:07 - loss: 0.1204 - acc: 0.9609
7/9 [======================>.......] - ETA: 3:06 - loss: 0.1131 - acc: 0.9665
8/9 [=========================>....] - ETA: 1:33 - loss: 0.1147 - acc: 0.9658
9/9 [==============================] - 886s 98s/step - loss: 0.1150 - acc: 0.9650 - val_loss: 0.2379 - val_acc: 0.9367
Epoch 19/40

1/9 [==>...........................] - ETA: 12:14 - loss: 0.1745 - acc: 0.9375
2/9 [=====>........................] - ETA: 10:44 - loss: 0.1324 - acc: 0.9531
3/9 [=========>....................] - ETA: 9:54 - loss: 0.1458 - acc: 0.9427 
4/9 [============>.................] - ETA: 8:50 - loss: 0.1568 - acc: 0.9395
5/9 [===============>..............] - ETA: 7:27 - loss: 0.1509 - acc: 0.9422
6/9 [===================>..........] - ETA: 5:44 - loss: 0.1527 - acc: 0.9440
7/9 [======================>.......] - ETA: 3:53 - loss: 0.1455 - acc: 0.9475
8/9 [=========================>....] - ETA: 1:48 - loss: 0.1471 - acc: 0.9489
9/9 [==============================] - 1070s 119s/step - loss: 0.1433 - acc: 0.9502 - val_loss: 0.2344 - val_acc: 0.9400
Epoch 20/40

1/9 [==>...........................] - ETA: 16:45 - loss: 0.0582 - acc: 1.0000
2/9 [=====>........................] - ETA: 14:48 - loss: 0.0522 - acc: 0.9961
3/9 [=========>....................] - ETA: 12:52 - loss: 0.0626 - acc: 0.9896
4/9 [============>.................] - ETA: 11:38 - loss: 0.0807 - acc: 0.9824
5/9 [===============>..............] - ETA: 9:18 - loss: 0.0856 - acc: 0.9797 
6/9 [===================>..........] - ETA: 6:54 - loss: 0.0965 - acc: 0.9701
7/9 [======================>.......] - ETA: 4:34 - loss: 0.0936 - acc: 0.9710
8/9 [=========================>....] - ETA: 2:16 - loss: 0.0984 - acc: 0.9697
9/9 [==============================] - 1214s 135s/step - loss: 0.0934 - acc: 0.9707 - val_loss: 0.2341 - val_acc: 0.9433
Epoch 21/40

1/9 [==>...........................] - ETA: 16:39 - loss: 0.1103 - acc: 0.9688
2/9 [=====>........................] - ETA: 14:32 - loss: 0.0970 - acc: 0.9766
3/9 [=========>....................] - ETA: 12:36 - loss: 0.0864 - acc: 0.9792
4/9 [============>.................] - ETA: 11:36 - loss: 0.0825 - acc: 0.9824
5/9 [===============>..............] - ETA: 9:17 - loss: 0.0895 - acc: 0.9812 
6/9 [===================>..........] - ETA: 6:53 - loss: 0.0896 - acc: 0.9805
7/9 [======================>.......] - ETA: 4:33 - loss: 0.0987 - acc: 0.9766
8/9 [=========================>....] - ETA: 2:15 - loss: 0.0961 - acc: 0.9756
9/9 [==============================] - 1284s 143s/step - loss: 0.0956 - acc: 0.9757 - val_loss: 0.2396 - val_acc: 0.9367
Epoch 22/40

1/9 [==>...........................] - ETA: 6:26 - loss: 0.0759 - acc: 1.0000
2/9 [=====>........................] - ETA: 10:14 - loss: 0.0746 - acc: 0.9922
3/9 [=========>....................] - ETA: 10:01 - loss: 0.0726 - acc: 0.9922
4/9 [============>.................] - ETA: 8:59 - loss: 0.0775 - acc: 0.9902 
5/9 [===============>..............] - ETA: 8:03 - loss: 0.0799 - acc: 0.9875
6/9 [===================>..........] - ETA: 6:11 - loss: 0.0820 - acc: 0.9870
7/9 [======================>.......] - ETA: 4:09 - loss: 0.0803 - acc: 0.9855
8/9 [=========================>....] - ETA: 2:05 - loss: 0.0840 - acc: 0.9834
9/9 [==============================] - 1207s 134s/step - loss: 0.0817 - acc: 0.9834 - val_loss: 0.2394 - val_acc: 0.9300
Epoch 23/40

1/9 [==>...........................] - ETA: 16:38 - loss: 0.0522 - acc: 0.9922
2/9 [=====>........................] - ETA: 10:06 - loss: 0.0651 - acc: 0.9961
3/9 [=========>....................] - ETA: 9:56 - loss: 0.0592 - acc: 0.9948 
4/9 [============>.................] - ETA: 8:50 - loss: 0.0695 - acc: 0.9902
5/9 [===============>..............] - ETA: 7:38 - loss: 0.0630 - acc: 0.9922
6/9 [===================>..........] - ETA: 6:05 - loss: 0.0682 - acc: 0.9909
7/9 [======================>.......] - ETA: 4:07 - loss: 0.0767 - acc: 0.9877
8/9 [=========================>....] - ETA: 2:04 - loss: 0.0766 - acc: 0.9883
9/9 [==============================] - 1199s 133s/step - loss: 0.0835 - acc: 0.9860 - val_loss: 0.2313 - val_acc: 0.9267
Epoch 24/40

1/9 [==>...........................] - ETA: 17:06 - loss: 0.0538 - acc: 0.9844
2/9 [=====>........................] - ETA: 14:59 - loss: 0.0634 - acc: 0.9844
3/9 [=========>....................] - ETA: 10:13 - loss: 0.0676 - acc: 0.9826
4/9 [============>.................] - ETA: 9:04 - loss: 0.0665 - acc: 0.9811 
5/9 [===============>..............] - ETA: 7:31 - loss: 0.0628 - acc: 0.9833
6/9 [===================>..........] - ETA: 6:03 - loss: 0.0618 - acc: 0.9848
7/9 [======================>.......] - ETA: 4:10 - loss: 0.0605 - acc: 0.9859
8/9 [=========================>....] - ETA: 2:05 - loss: 0.0614 - acc: 0.9857
9/9 [==============================] - 1212s 135s/step - loss: 0.0635 - acc: 0.9847 - val_loss: 0.2128 - val_acc: 0.9367
Epoch 25/40

1/9 [==>...........................] - ETA: 17:05 - loss: 0.0752 - acc: 0.9844
2/9 [=====>........................] - ETA: 14:56 - loss: 0.0728 - acc: 0.9883
3/9 [=========>....................] - ETA: 12:52 - loss: 0.0723 - acc: 0.9870
4/9 [============>.................] - ETA: 9:07 - loss: 0.0939 - acc: 0.9746 
5/9 [===============>..............] - ETA: 7:33 - loss: 0.1001 - acc: 0.9719
6/9 [===================>..........] - ETA: 6:05 - loss: 0.0881 - acc: 0.9766
7/9 [======================>.......] - ETA: 4:09 - loss: 0.1057 - acc: 0.9676
8/9 [=========================>....] - ETA: 2:05 - loss: 0.1064 - acc: 0.9678
9/9 [==============================] - 1211s 135s/step - loss: 0.0974 - acc: 0.9716 - val_loss: 0.2188 - val_acc: 0.9300
Epoch 26/40

1/9 [==>...........................] - ETA: 16:34 - loss: 0.0561 - acc: 0.9844
2/9 [=====>........................] - ETA: 14:41 - loss: 0.0700 - acc: 0.9727
3/9 [=========>....................] - ETA: 12:37 - loss: 0.0604 - acc: 0.9766
4/9 [============>.................] - ETA: 10:33 - loss: 0.0588 - acc: 0.9785
5/9 [===============>..............] - ETA: 7:23 - loss: 0.0696 - acc: 0.9745 
6/9 [===================>..........] - ETA: 5:52 - loss: 0.0654 - acc: 0.9787
7/9 [======================>.......] - ETA: 4:06 - loss: 0.0638 - acc: 0.9784
8/9 [=========================>....] - ETA: 2:04 - loss: 0.0623 - acc: 0.9792
9/9 [==============================] - 1202s 134s/step - loss: 0.0636 - acc: 0.9773 - val_loss: 0.2669 - val_acc: 0.9200
Epoch 27/40

1/9 [==>...........................] - ETA: 17:03 - loss: 0.0356 - acc: 1.0000
2/9 [=====>........................] - ETA: 14:56 - loss: 0.0447 - acc: 0.9961
3/9 [=========>....................] - ETA: 12:45 - loss: 0.0426 - acc: 0.9948
4/9 [============>.................] - ETA: 10:38 - loss: 0.0480 - acc: 0.9922
5/9 [===============>..............] - ETA: 8:32 - loss: 0.0559 - acc: 0.9891 
6/9 [===================>..........] - ETA: 5:55 - loss: 0.0528 - acc: 0.9909
7/9 [======================>.......] - ETA: 4:09 - loss: 0.0489 - acc: 0.9922
8/9 [=========================>....] - ETA: 2:05 - loss: 0.0485 - acc: 0.9922
9/9 [==============================] - 1206s 134s/step - loss: 0.0461 - acc: 0.9930 - val_loss: 0.2690 - val_acc: 0.9267
Epoch 28/40

1/9 [==>...........................] - ETA: 17:46 - loss: 0.0750 - acc: 0.9688
2/9 [=====>........................] - ETA: 15:15 - loss: 0.0483 - acc: 0.9844
3/9 [=========>....................] - ETA: 12:56 - loss: 0.0534 - acc: 0.9818
4/9 [============>.................] - ETA: 10:45 - loss: 0.0527 - acc: 0.9824
5/9 [===============>..............] - ETA: 8:35 - loss: 0.0470 - acc: 0.9859 
6/9 [===================>..........] - ETA: 6:50 - loss: 0.0496 - acc: 0.9844
7/9 [======================>.......] - ETA: 4:09 - loss: 0.0659 - acc: 0.9836
8/9 [=========================>....] - ETA: 2:05 - loss: 0.0629 - acc: 0.9847
9/9 [==============================] - 1207s 134s/step - loss: 0.0626 - acc: 0.9856 - val_loss: 0.2665 - val_acc: 0.9167
Epoch 29/40

1/9 [==>...........................] - ETA: 17:12 - loss: 0.0496 - acc: 0.9922
2/9 [=====>........................] - ETA: 14:54 - loss: 0.0325 - acc: 0.9961
3/9 [=========>....................] - ETA: 12:53 - loss: 0.0314 - acc: 0.9974
4/9 [============>.................] - ETA: 10:42 - loss: 0.0373 - acc: 0.9941
5/9 [===============>..............] - ETA: 8:36 - loss: 0.0400 - acc: 0.9922 
6/9 [===================>..........] - ETA: 6:50 - loss: 0.0381 - acc: 0.9935
7/9 [======================>.......] - ETA: 4:33 - loss: 0.0391 - acc: 0.9922
8/9 [=========================>....] - ETA: 2:05 - loss: 0.0384 - acc: 0.9932
9/9 [==============================] - 1211s 135s/step - loss: 0.0371 - acc: 0.9939 - val_loss: 0.2573 - val_acc: 0.9300
Epoch 30/40

1/9 [==>...........................] - ETA: 17:09 - loss: 0.0195 - acc: 1.0000
2/9 [=====>........................] - ETA: 14:53 - loss: 0.0567 - acc: 0.9883
3/9 [=========>....................] - ETA: 12:41 - loss: 0.0459 - acc: 0.9896
4/9 [============>.................] - ETA: 10:35 - loss: 0.0450 - acc: 0.9883
5/9 [===============>..............] - ETA: 8:32 - loss: 0.0397 - acc: 0.9906 
6/9 [===================>..........] - ETA: 6:45 - loss: 0.0380 - acc: 0.9909
7/9 [======================>.......] - ETA: 4:30 - loss: 0.0372 - acc: 0.9911
8/9 [=========================>....] - ETA: 2:14 - loss: 0.0362 - acc: 0.9912
9/9 [==============================] - 1200s 133s/step - loss: 0.0397 - acc: 0.9900 - val_loss: 0.2538 - val_acc: 0.9267
Epoch 31/40

1/9 [==>...........................] - ETA: 16:45 - loss: 0.0319 - acc: 1.0000
2/9 [=====>........................] - ETA: 14:38 - loss: 0.0443 - acc: 0.9961
3/9 [=========>....................] - ETA: 12:32 - loss: 0.0447 - acc: 0.9922
4/9 [============>.................] - ETA: 10:30 - loss: 0.0382 - acc: 0.9941
5/9 [===============>..............] - ETA: 8:17 - loss: 0.0473 - acc: 0.9906 
6/9 [===================>..........] - ETA: 6:21 - loss: 0.0426 - acc: 0.9909
7/9 [======================>.......] - ETA: 4:06 - loss: 0.0384 - acc: 0.9922
8/9 [=========================>....] - ETA: 1:59 - loss: 0.0410 - acc: 0.9912
9/9 [==============================] - 1100s 122s/step - loss: 0.0403 - acc: 0.9913 - val_loss: 0.2593 - val_acc: 0.9200
Epoch 32/40

1/9 [==>...........................] - ETA: 4:52 - loss: 0.2303 - acc: 0.9375
2/9 [=====>........................] - ETA: 7:33 - loss: 0.1313 - acc: 0.9648
3/9 [=========>....................] - ETA: 7:19 - loss: 0.1024 - acc: 0.9714
4/9 [============>.................] - ETA: 6:28 - loss: 0.0828 - acc: 0.9785
5/9 [===============>..............] - ETA: 5:20 - loss: 0.0713 - acc: 0.9828
6/9 [===================>..........] - ETA: 4:05 - loss: 0.0731 - acc: 0.9818
7/9 [======================>.......] - ETA: 3:01 - loss: 0.0681 - acc: 0.9833
8/9 [=========================>....] - ETA: 1:31 - loss: 0.0696 - acc: 0.9824
9/9 [==============================] - 875s 97s/step - loss: 0.0692 - acc: 0.9821 - val_loss: 0.2470 - val_acc: 0.9233
Epoch 33/40

1/9 [==>...........................] - ETA: 12:18 - loss: 0.0467 - acc: 0.9844
2/9 [=====>........................] - ETA: 7:28 - loss: 0.0267 - acc: 0.9922 
3/9 [=========>....................] - ETA: 7:22 - loss: 0.0342 - acc: 0.9896
4/9 [============>.................] - ETA: 6:35 - loss: 0.0340 - acc: 0.9902
5/9 [===============>..............] - ETA: 5:26 - loss: 0.0321 - acc: 0.9922
6/9 [===================>..........] - ETA: 4:11 - loss: 0.0363 - acc: 0.9896
7/9 [======================>.......] - ETA: 2:51 - loss: 0.0358 - acc: 0.9900
8/9 [=========================>....] - ETA: 1:32 - loss: 0.0334 - acc: 0.9912
9/9 [==============================] - 888s 99s/step - loss: 0.0316 - acc: 0.9921 - val_loss: 0.2402 - val_acc: 0.9300
Epoch 34/40

1/9 [==>...........................] - ETA: 12:25 - loss: 0.0242 - acc: 0.9922
2/9 [=====>........................] - ETA: 10:50 - loss: 0.0264 - acc: 0.9922
3/9 [=========>....................] - ETA: 7:23 - loss: 0.0270 - acc: 0.9948 
4/9 [============>.................] - ETA: 6:34 - loss: 0.0265 - acc: 0.9961
5/9 [===============>..............] - ETA: 5:27 - loss: 0.0255 - acc: 0.9953
6/9 [===================>..........] - ETA: 4:10 - loss: 0.0236 - acc: 0.9961
7/9 [======================>.......] - ETA: 2:49 - loss: 0.0247 - acc: 0.9967
8/9 [=========================>....] - ETA: 1:25 - loss: 0.0273 - acc: 0.9951
9/9 [==============================] - 876s 97s/step - loss: 0.0256 - acc: 0.9956 - val_loss: 0.2431 - val_acc: 0.9333
Epoch 35/40

1/9 [==>...........................] - ETA: 12:48 - loss: 0.0567 - acc: 0.9922
2/9 [=====>........................] - ETA: 10:55 - loss: 0.0419 - acc: 0.9922
3/9 [=========>....................] - ETA: 9:21 - loss: 0.0339 - acc: 0.9948 
4/9 [============>.................] - ETA: 6:35 - loss: 0.0396 - acc: 0.9909
5/9 [===============>..............] - ETA: 5:28 - loss: 0.0386 - acc: 0.9911
6/9 [===================>..........] - ETA: 4:12 - loss: 0.0375 - acc: 0.9913
7/9 [======================>.......] - ETA: 2:51 - loss: 0.0346 - acc: 0.9926
8/9 [=========================>....] - ETA: 1:26 - loss: 0.0339 - acc: 0.9935
9/9 [==============================] - 832s 92s/step - loss: 0.0333 - acc: 0.9926 - val_loss: 0.2424 - val_acc: 0.9300
Using TensorFlow backend.
Epoch 00035: early stopping
[INFO] evaluating network...
              precision    recall  f1-score   support

     Bedroom       0.92      0.93      0.93       116
       Coast       0.91      0.94      0.92       260
      Forest       0.92      0.95      0.94       228
     Highway       0.92      0.95      0.94       160
  Industrial       0.92      0.90      0.91       211
  InsideCity       0.90      0.86      0.88       208
     Kitchen       0.98      0.93      0.95       110
  LivingRoom       0.93      0.92      0.92       189
    Mountain       0.96      0.88      0.92       274
      Office       0.96      0.98      0.97       115
 OpenCountry       0.84      0.86      0.85       310
       Store       0.95      0.98      0.97       215
      Street       0.92      0.98      0.95       192
      Suburb       0.95      1.00      0.97       141
TallBuilding       0.97      0.91      0.94       256

 avg / total       0.92      0.92      0.92      2985

Accuracy: 0.9236180904522613
[[108   0   0   0   0   0   0   7   0   1   0   0   0   0   0]
 [  0 244   1   0   1   0   0   0   1   0  13   0   0   0   0]
 [  0   0 216   0   0   0   0   0   1   0  11   0   0   0   0]
 [  0   1   0 152   2   0   0   0   0   0   0   1   3   0   1]
 [  0   0   0   5 189   9   0   0   0   0   2   1   1   2   2]
 [  0   0   0   0   5 179   0   0   0   0   0   5  11   6   2]
 [  1   0   0   0   0   0 102   5   0   1   0   1   0   0   0]
 [  8   0   0   0   1   0   1 174   0   3   0   2   0   0   0]
 [  0   2   5   1   0   0   0   0 241   0  25   0   0   0   0]
 [  0   0   0   0   0   0   0   2   0 113   0   0   0   0   0]
 [  0  22   7   5   0   0   0   0   9   0 267   0   0   0   0]
 [  0   0   0   0   1   1   1   0   0   0   0 211   0   0   1]
 [  0   0   0   2   0   0   0   0   0   0   0   0 188   0   2]
 [  0   0   0   0   0   0   0   0   0   0   0   0   0 141   0]
 [  0   0   5   0   7  11   0   0   0   0   0   0   1   0 232]]
[INFO] serializing network and label binarizer...
[INFO] plotting and saving results...
Traceback (most recent call last):
  File "train.py", line 222, in <module>
    main()
  File "train.py", line 195, in main
    plt.plot(N, H.history["loss"], label="train_loss")
  File "/home/raphaelramos/.local/lib/python3.6/site-packages/matplotlib/pyplot.py", line 2813, in plot
    is not None else {}), **kwargs)
  File "/home/raphaelramos/.local/lib/python3.6/site-packages/matplotlib/__init__.py", line 1805, in inner
    return func(ax, *args, **kwargs)
  File "/home/raphaelramos/.local/lib/python3.6/site-packages/matplotlib/axes/_axes.py", line 1603, in plot
    for line in self._get_lines(*args, **kwargs):
  File "/home/raphaelramos/.local/lib/python3.6/site-packages/matplotlib/axes/_base.py", line 393, in _grab_next_args
    yield from self._plot_args(this, kwargs)
  File "/home/raphaelramos/.local/lib/python3.6/site-packages/matplotlib/axes/_base.py", line 370, in _plot_args
    x, y = self._xy_from_xy(x, y)
  File "/home/raphaelramos/.local/lib/python3.6/site-packages/matplotlib/axes/_base.py", line 231, in _xy_from_xy
    "have shapes {} and {}".format(x.shape, y.shape))
ValueError: x and y must have same first dimension, but have shapes (34,) and (35,)
