2018-11-09 00:07:21.259777: I tensorflow/core/platform/cpu_feature_guard.cc:141] Your CPU supports instructions that this TensorFlow binary was not compiled to use: AVX2 FMA
[INFO] loading images...
[INFO] training network...
Epoch 1/50

 1/18 [>.............................] - ETA: 10:15 - loss: 3.0626 - acc: 0.0312
 2/18 [==>...........................] - ETA: 7:54 - loss: 3.0287 - acc: 0.0391 
 3/18 [====>.........................] - ETA: 6:55 - loss: 3.0072 - acc: 0.0365
 4/18 [=====>........................] - ETA: 6:12 - loss: 3.0239 - acc: 0.0391
 5/18 [=======>......................] - ETA: 5:38 - loss: 3.0273 - acc: 0.0437
 6/18 [=========>....................] - ETA: 5:07 - loss: 3.0112 - acc: 0.0521
 7/18 [==========>...................] - ETA: 4:38 - loss: 2.9979 - acc: 0.0558
 8/18 [============>.................] - ETA: 4:10 - loss: 2.9859 - acc: 0.0586
 9/18 [==============>...............] - ETA: 3:44 - loss: 2.9682 - acc: 0.0608
10/18 [===============>..............] - ETA: 3:17 - loss: 2.9563 - acc: 0.0641
11/18 [=================>............] - ETA: 2:52 - loss: 2.9553 - acc: 0.0597
12/18 [===================>..........] - ETA: 2:26 - loss: 2.9486 - acc: 0.0599
13/18 [====================>.........] - ETA: 2:01 - loss: 2.9439 - acc: 0.0577
14/18 [======================>.......] - ETA: 1:37 - loss: 2.9339 - acc: 0.0592
15/18 [========================>.....] - ETA: 1:12 - loss: 2.9174 - acc: 0.0625
16/18 [=========================>....] - ETA: 48s - loss: 2.9186 - acc: 0.0615 
17/18 [===========================>..] - ETA: 24s - loss: 2.9104 - acc: 0.0634
18/18 [==============================] - 456s 25s/step - loss: 2.9094 - acc: 0.0625 - val_loss: 2.5915 - val_acc: 0.1367
Epoch 2/50

 1/18 [>.............................] - ETA: 4:57 - loss: 2.7651 - acc: 0.1042
 2/18 [==>...........................] - ETA: 5:24 - loss: 2.7321 - acc: 0.0990
 3/18 [====>.........................] - ETA: 5:17 - loss: 2.7406 - acc: 0.0920
 4/18 [=====>........................] - ETA: 5:02 - loss: 2.7270 - acc: 0.1042
 5/18 [=======>......................] - ETA: 4:44 - loss: 2.7015 - acc: 0.1052
 6/18 [=========>....................] - ETA: 4:25 - loss: 2.6827 - acc: 0.1163
 7/18 [==========>...................] - ETA: 4:04 - loss: 2.6645 - acc: 0.1265
 8/18 [============>.................] - ETA: 3:43 - loss: 2.6671 - acc: 0.1263
 9/18 [==============>...............] - ETA: 3:21 - loss: 2.6614 - acc: 0.1314
10/18 [===============>..............] - ETA: 3:00 - loss: 2.6531 - acc: 0.1292
11/18 [=================>............] - ETA: 2:38 - loss: 2.6305 - acc: 0.1430
12/18 [===================>..........] - ETA: 2:16 - loss: 2.6328 - acc: 0.1363
13/18 [====================>.........] - ETA: 1:53 - loss: 2.6333 - acc: 0.1366
14/18 [======================>.......] - ETA: 1:31 - loss: 2.6159 - acc: 0.1414
15/18 [========================>.....] - ETA: 1:08 - loss: 2.6125 - acc: 0.1455
16/18 [=========================>....] - ETA: 45s - loss: 2.6048 - acc: 0.1510 
17/18 [===========================>..] - ETA: 22s - loss: 2.6014 - acc: 0.1513
18/18 [==============================] - 435s 24s/step - loss: 2.5875 - acc: 0.1551 - val_loss: 2.3257 - val_acc: 0.4033
Epoch 3/50

 1/18 [>.............................] - ETA: 6:34 - loss: 2.4984 - acc: 0.1875
 2/18 [==>...........................] - ETA: 5:25 - loss: 2.4684 - acc: 0.1875
 3/18 [====>.........................] - ETA: 5:19 - loss: 2.4648 - acc: 0.2083
 4/18 [=====>........................] - ETA: 5:05 - loss: 2.4388 - acc: 0.2109
 5/18 [=======>......................] - ETA: 4:47 - loss: 2.4130 - acc: 0.2250
 6/18 [=========>....................] - ETA: 4:26 - loss: 2.3842 - acc: 0.2292
 7/18 [==========>...................] - ETA: 4:06 - loss: 2.3841 - acc: 0.2254
 8/18 [============>.................] - ETA: 3:45 - loss: 2.3744 - acc: 0.2227
 9/18 [==============>...............] - ETA: 3:23 - loss: 2.3584 - acc: 0.2309
10/18 [===============>..............] - ETA: 3:01 - loss: 2.3532 - acc: 0.2391
11/18 [=================>............] - ETA: 2:39 - loss: 2.3415 - acc: 0.2486
12/18 [===================>..........] - ETA: 2:16 - loss: 2.3533 - acc: 0.2422
13/18 [====================>.........] - ETA: 1:54 - loss: 2.3517 - acc: 0.2476
14/18 [======================>.......] - ETA: 1:31 - loss: 2.3365 - acc: 0.2567
15/18 [========================>.....] - ETA: 1:08 - loss: 2.3260 - acc: 0.2573
16/18 [=========================>....] - ETA: 45s - loss: 2.3233 - acc: 0.2588 
17/18 [===========================>..] - ETA: 22s - loss: 2.3078 - acc: 0.2629
18/18 [==============================] - 436s 24s/step - loss: 2.2902 - acc: 0.2744 - val_loss: 1.9870 - val_acc: 0.6500
Epoch 4/50

 1/18 [>.............................] - ETA: 6:34 - loss: 1.9901 - acc: 0.4062
 2/18 [==>...........................] - ETA: 6:11 - loss: 1.9987 - acc: 0.4062
 3/18 [====>.........................] - ETA: 5:19 - loss: 2.0655 - acc: 0.3889
 4/18 [=====>........................] - ETA: 5:04 - loss: 2.0497 - acc: 0.3932
 5/18 [=======>......................] - ETA: 4:46 - loss: 2.0360 - acc: 0.3990
 6/18 [=========>....................] - ETA: 4:27 - loss: 2.0161 - acc: 0.4028
 7/18 [==========>...................] - ETA: 4:07 - loss: 1.9868 - acc: 0.4189
 8/18 [============>.................] - ETA: 3:45 - loss: 1.9915 - acc: 0.4173
 9/18 [==============>...............] - ETA: 3:28 - loss: 1.9808 - acc: 0.4196
10/18 [===============>..............] - ETA: 3:14 - loss: 1.9834 - acc: 0.4167
11/18 [=================>............] - ETA: 2:54 - loss: 1.9872 - acc: 0.4115
12/18 [===================>..........] - ETA: 2:28 - loss: 1.9838 - acc: 0.4097
13/18 [====================>.........] - ETA: 2:03 - loss: 1.9744 - acc: 0.4143
14/18 [======================>.......] - ETA: 1:38 - loss: 1.9691 - acc: 0.4103
15/18 [========================>.....] - ETA: 1:13 - loss: 1.9612 - acc: 0.4132
16/18 [=========================>....] - ETA: 48s - loss: 1.9465 - acc: 0.4235 
17/18 [===========================>..] - ETA: 24s - loss: 1.9364 - acc: 0.4280
18/18 [==============================] - 471s 26s/step - loss: 1.9240 - acc: 0.4329 - val_loss: 1.6334 - val_acc: 0.7033
Epoch 5/50

 1/18 [>.............................] - ETA: 6:37 - loss: 1.6056 - acc: 0.5469
 2/18 [==>...........................] - ETA: 6:11 - loss: 1.6911 - acc: 0.5391
 3/18 [====>.........................] - ETA: 5:48 - loss: 1.6678 - acc: 0.5417
 4/18 [=====>........................] - ETA: 5:04 - loss: 1.6271 - acc: 0.5573
 5/18 [=======>......................] - ETA: 4:45 - loss: 1.5933 - acc: 0.5646
 6/18 [=========>....................] - ETA: 4:26 - loss: 1.6008 - acc: 0.5460
 7/18 [==========>...................] - ETA: 4:05 - loss: 1.5873 - acc: 0.5461
 8/18 [============>.................] - ETA: 3:44 - loss: 1.5766 - acc: 0.5618
 9/18 [==============>...............] - ETA: 3:22 - loss: 1.5869 - acc: 0.5515
10/18 [===============>..............] - ETA: 3:00 - loss: 1.5731 - acc: 0.5620
11/18 [=================>............] - ETA: 2:38 - loss: 1.5688 - acc: 0.5592
12/18 [===================>..........] - ETA: 2:16 - loss: 1.5688 - acc: 0.5621
13/18 [====================>.........] - ETA: 1:53 - loss: 1.5525 - acc: 0.5693
14/18 [======================>.......] - ETA: 1:31 - loss: 1.5406 - acc: 0.5766
15/18 [========================>.....] - ETA: 1:08 - loss: 1.5284 - acc: 0.5851
16/18 [=========================>....] - ETA: 45s - loss: 1.5289 - acc: 0.5827 
17/18 [===========================>..] - ETA: 22s - loss: 1.5205 - acc: 0.5815
18/18 [==============================] - 435s 24s/step - loss: 1.5071 - acc: 0.5891 - val_loss: 1.2468 - val_acc: 0.7933
Epoch 6/50

 1/18 [>.............................] - ETA: 6:35 - loss: 1.5098 - acc: 0.5000
 2/18 [==>...........................] - ETA: 6:15 - loss: 1.4173 - acc: 0.5938
 3/18 [====>.........................] - ETA: 5:50 - loss: 1.3711 - acc: 0.6198
 4/18 [=====>........................] - ETA: 5:27 - loss: 1.3503 - acc: 0.6367
 5/18 [=======>......................] - ETA: 4:49 - loss: 1.3806 - acc: 0.6219
 6/18 [=========>....................] - ETA: 4:29 - loss: 1.3407 - acc: 0.6302
 7/18 [==========>...................] - ETA: 4:08 - loss: 1.3244 - acc: 0.6406
 8/18 [============>.................] - ETA: 3:47 - loss: 1.2851 - acc: 0.6562
 9/18 [==============>...............] - ETA: 3:24 - loss: 1.2679 - acc: 0.6667
10/18 [===============>..............] - ETA: 3:02 - loss: 1.2638 - acc: 0.6578
11/18 [=================>............] - ETA: 2:39 - loss: 1.2647 - acc: 0.6506
12/18 [===================>..........] - ETA: 2:17 - loss: 1.2603 - acc: 0.6523
13/18 [====================>.........] - ETA: 1:54 - loss: 1.2489 - acc: 0.6550
14/18 [======================>.......] - ETA: 1:31 - loss: 1.2300 - acc: 0.6596
15/18 [========================>.....] - ETA: 1:08 - loss: 1.2056 - acc: 0.6656
16/18 [=========================>....] - ETA: 45s - loss: 1.1857 - acc: 0.6729 
17/18 [===========================>..] - ETA: 23s - loss: 1.1733 - acc: 0.6792
18/18 [==============================] - 438s 24s/step - loss: 1.1636 - acc: 0.6824 - val_loss: 0.9250 - val_acc: 0.8200
Epoch 7/50

 1/18 [>.............................] - ETA: 6:40 - loss: 0.9684 - acc: 0.6406
 2/18 [==>...........................] - ETA: 6:16 - loss: 0.9936 - acc: 0.6797
 3/18 [====>.........................] - ETA: 5:50 - loss: 1.0015 - acc: 0.6823
 4/18 [=====>........................] - ETA: 5:27 - loss: 0.9832 - acc: 0.6914
 5/18 [=======>......................] - ETA: 5:03 - loss: 0.9661 - acc: 0.7000
 6/18 [=========>....................] - ETA: 4:28 - loss: 0.9551 - acc: 0.7118
 7/18 [==========>...................] - ETA: 4:07 - loss: 0.9398 - acc: 0.7195
 8/18 [============>.................] - ETA: 3:45 - loss: 0.9327 - acc: 0.7233
 9/18 [==============>...............] - ETA: 3:23 - loss: 0.9349 - acc: 0.7228
10/18 [===============>..............] - ETA: 3:01 - loss: 0.9351 - acc: 0.7224
11/18 [=================>............] - ETA: 2:38 - loss: 0.9320 - acc: 0.7249
12/18 [===================>..........] - ETA: 2:16 - loss: 0.9359 - acc: 0.7218
13/18 [====================>.........] - ETA: 1:53 - loss: 0.9360 - acc: 0.7216
14/18 [======================>.......] - ETA: 1:31 - loss: 0.9215 - acc: 0.7236
15/18 [========================>.....] - ETA: 1:08 - loss: 0.9117 - acc: 0.7316
16/18 [=========================>....] - ETA: 45s - loss: 0.9013 - acc: 0.7327 
17/18 [===========================>..] - ETA: 22s - loss: 0.9050 - acc: 0.7292
18/18 [==============================] - 436s 24s/step - loss: 0.8944 - acc: 0.7329 - val_loss: 0.6807 - val_acc: 0.8300
Epoch 8/50

 1/18 [>.............................] - ETA: 6:38 - loss: 0.5435 - acc: 0.8906
 2/18 [==>...........................] - ETA: 6:13 - loss: 0.6179 - acc: 0.8516
 3/18 [====>.........................] - ETA: 5:50 - loss: 0.6872 - acc: 0.8229
 4/18 [=====>........................] - ETA: 5:26 - loss: 0.6743 - acc: 0.8203
 5/18 [=======>......................] - ETA: 5:03 - loss: 0.6788 - acc: 0.8094
 6/18 [=========>....................] - ETA: 4:40 - loss: 0.6878 - acc: 0.8021
 7/18 [==========>...................] - ETA: 4:08 - loss: 0.6798 - acc: 0.8095
 8/18 [============>.................] - ETA: 3:46 - loss: 0.6689 - acc: 0.8118
 9/18 [==============>...............] - ETA: 3:24 - loss: 0.6641 - acc: 0.8102
10/18 [===============>..............] - ETA: 3:02 - loss: 0.6444 - acc: 0.8151
11/18 [=================>............] - ETA: 2:39 - loss: 0.6414 - acc: 0.8149
12/18 [===================>..........] - ETA: 2:17 - loss: 0.6468 - acc: 0.8108
13/18 [====================>.........] - ETA: 1:54 - loss: 0.6409 - acc: 0.8145
14/18 [======================>.......] - ETA: 1:31 - loss: 0.6315 - acc: 0.8188
15/18 [========================>.....] - ETA: 1:08 - loss: 0.6329 - acc: 0.8194
16/18 [=========================>....] - ETA: 45s - loss: 0.6345 - acc: 0.8171 
17/18 [===========================>..] - ETA: 22s - loss: 0.6359 - acc: 0.8177
18/18 [==============================] - 437s 24s/step - loss: 0.6335 - acc: 0.8191 - val_loss: 0.5624 - val_acc: 0.8467
Epoch 9/50

 1/18 [>.............................] - ETA: 6:42 - loss: 0.6013 - acc: 0.8281
 2/18 [==>...........................] - ETA: 6:15 - loss: 0.5471 - acc: 0.8594
 3/18 [====>.........................] - ETA: 5:50 - loss: 0.5575 - acc: 0.8542
 4/18 [=====>........................] - ETA: 5:26 - loss: 0.5525 - acc: 0.8555
 5/18 [=======>......................] - ETA: 5:03 - loss: 0.5383 - acc: 0.8625
 6/18 [=========>....................] - ETA: 4:39 - loss: 0.5433 - acc: 0.8646
 7/18 [==========>...................] - ETA: 4:16 - loss: 0.5393 - acc: 0.8594
 8/18 [============>.................] - ETA: 3:46 - loss: 0.5361 - acc: 0.8587
 9/18 [==============>...............] - ETA: 3:24 - loss: 0.5319 - acc: 0.8605
10/18 [===============>..............] - ETA: 3:02 - loss: 0.5071 - acc: 0.8698
11/18 [=================>............] - ETA: 2:39 - loss: 0.5053 - acc: 0.8660
12/18 [===================>..........] - ETA: 2:17 - loss: 0.4961 - acc: 0.8694
13/18 [====================>.........] - ETA: 1:54 - loss: 0.4823 - acc: 0.8734
14/18 [======================>.......] - ETA: 1:31 - loss: 0.4767 - acc: 0.8746
15/18 [========================>.....] - ETA: 1:08 - loss: 0.4769 - acc: 0.8747
16/18 [=========================>....] - ETA: 46s - loss: 0.4754 - acc: 0.8727 
17/18 [===========================>..] - ETA: 23s - loss: 0.4850 - acc: 0.8683
18/18 [==============================] - 438s 24s/step - loss: 0.4835 - acc: 0.8678 - val_loss: 0.4416 - val_acc: 0.8633
Epoch 10/50

 1/18 [>.............................] - ETA: 6:37 - loss: 0.3893 - acc: 0.9062
 2/18 [==>...........................] - ETA: 6:10 - loss: 0.4483 - acc: 0.8594
 3/18 [====>.........................] - ETA: 5:47 - loss: 0.4666 - acc: 0.8490
 4/18 [=====>........................] - ETA: 5:23 - loss: 0.4416 - acc: 0.8555
 5/18 [=======>......................] - ETA: 5:00 - loss: 0.4187 - acc: 0.8750
 6/18 [=========>....................] - ETA: 4:38 - loss: 0.4416 - acc: 0.8724
 7/18 [==========>...................] - ETA: 4:14 - loss: 0.4547 - acc: 0.8661
 8/18 [============>.................] - ETA: 3:51 - loss: 0.4441 - acc: 0.8691
 9/18 [==============>...............] - ETA: 3:22 - loss: 0.4523 - acc: 0.8698
10/18 [===============>..............] - ETA: 3:00 - loss: 0.4340 - acc: 0.8734
11/18 [=================>............] - ETA: 2:38 - loss: 0.4223 - acc: 0.8793
12/18 [===================>..........] - ETA: 2:16 - loss: 0.4202 - acc: 0.8776
13/18 [====================>.........] - ETA: 1:53 - loss: 0.4265 - acc: 0.8750
14/18 [======================>.......] - ETA: 1:31 - loss: 0.4231 - acc: 0.8772
15/18 [========================>.....] - ETA: 1:08 - loss: 0.4119 - acc: 0.8823
16/18 [=========================>....] - ETA: 45s - loss: 0.4110 - acc: 0.8828 
17/18 [===========================>..] - ETA: 22s - loss: 0.4148 - acc: 0.8842
18/18 [==============================] - 436s 24s/step - loss: 0.4164 - acc: 0.8819 - val_loss: 0.3824 - val_acc: 0.8900
Epoch 11/50

 1/18 [>.............................] - ETA: 6:34 - loss: 0.2253 - acc: 0.9375
 2/18 [==>...........................] - ETA: 6:09 - loss: 0.2876 - acc: 0.8984
 3/18 [====>.........................] - ETA: 5:46 - loss: 0.2897 - acc: 0.9167
 4/18 [=====>........................] - ETA: 5:22 - loss: 0.3258 - acc: 0.8945
 5/18 [=======>......................] - ETA: 5:01 - loss: 0.3276 - acc: 0.9000
 6/18 [=========>....................] - ETA: 4:38 - loss: 0.3254 - acc: 0.9036
 7/18 [==========>...................] - ETA: 4:15 - loss: 0.3293 - acc: 0.9040
 8/18 [============>.................] - ETA: 3:52 - loss: 0.3265 - acc: 0.9082
 9/18 [==============>...............] - ETA: 3:29 - loss: 0.3350 - acc: 0.9028
10/18 [===============>..............] - ETA: 3:01 - loss: 0.3311 - acc: 0.9062
11/18 [=================>............] - ETA: 2:39 - loss: 0.3320 - acc: 0.9091
12/18 [===================>..........] - ETA: 2:16 - loss: 0.3305 - acc: 0.9102
13/18 [====================>.........] - ETA: 1:54 - loss: 0.3227 - acc: 0.9147
14/18 [======================>.......] - ETA: 1:31 - loss: 0.3131 - acc: 0.9185
15/18 [========================>.....] - ETA: 1:08 - loss: 0.3127 - acc: 0.9187
16/18 [=========================>....] - ETA: 45s - loss: 0.3113 - acc: 0.9189 
17/18 [===========================>..] - ETA: 22s - loss: 0.3162 - acc: 0.9145
18/18 [==============================] - 436s 24s/step - loss: 0.3112 - acc: 0.9149 - val_loss: 0.3541 - val_acc: 0.8767
Epoch 12/50

 1/18 [>.............................] - ETA: 6:29 - loss: 0.3478 - acc: 0.9062
 2/18 [==>...........................] - ETA: 6:07 - loss: 0.3543 - acc: 0.8984
 3/18 [====>.........................] - ETA: 5:44 - loss: 0.3082 - acc: 0.9167
 4/18 [=====>........................] - ETA: 5:22 - loss: 0.2996 - acc: 0.9102
 5/18 [=======>......................] - ETA: 5:00 - loss: 0.2717 - acc: 0.9250
 6/18 [=========>....................] - ETA: 4:37 - loss: 0.2695 - acc: 0.9219
 7/18 [==========>...................] - ETA: 4:14 - loss: 0.2762 - acc: 0.9219
 8/18 [============>.................] - ETA: 3:51 - loss: 0.2661 - acc: 0.9258
 9/18 [==============>...............] - ETA: 3:27 - loss: 0.2624 - acc: 0.9288
10/18 [===============>..............] - ETA: 3:04 - loss: 0.2638 - acc: 0.9297
11/18 [=================>............] - ETA: 2:38 - loss: 0.2602 - acc: 0.9304
12/18 [===================>..........] - ETA: 2:15 - loss: 0.2552 - acc: 0.9284
13/18 [====================>.........] - ETA: 1:53 - loss: 0.2494 - acc: 0.9303
14/18 [======================>.......] - ETA: 1:30 - loss: 0.2444 - acc: 0.9330
15/18 [========================>.....] - ETA: 1:08 - loss: 0.2422 - acc: 0.9333
16/18 [=========================>....] - ETA: 45s - loss: 0.2502 - acc: 0.9316 
17/18 [===========================>..] - ETA: 22s - loss: 0.2470 - acc: 0.9320
18/18 [==============================] - 434s 24s/step - loss: 0.2487 - acc: 0.9306 - val_loss: 0.3947 - val_acc: 0.8700
Epoch 13/50

 1/18 [>.............................] - ETA: 6:38 - loss: 0.2871 - acc: 0.8750
 2/18 [==>...........................] - ETA: 6:14 - loss: 0.2615 - acc: 0.9062
 3/18 [====>.........................] - ETA: 5:49 - loss: 0.3100 - acc: 0.9010
 4/18 [=====>........................] - ETA: 5:25 - loss: 0.2849 - acc: 0.9141
 5/18 [=======>......................] - ETA: 5:01 - loss: 0.2614 - acc: 0.9219
 6/18 [=========>....................] - ETA: 4:38 - loss: 0.2623 - acc: 0.9167
 7/18 [==========>...................] - ETA: 4:15 - loss: 0.2558 - acc: 0.9174
 8/18 [============>.................] - ETA: 3:52 - loss: 0.2531 - acc: 0.9219
 9/18 [==============>...............] - ETA: 3:29 - loss: 0.2458 - acc: 0.9271
10/18 [===============>..............] - ETA: 3:06 - loss: 0.2528 - acc: 0.9281
11/18 [=================>............] - ETA: 2:42 - loss: 0.2494 - acc: 0.9276
12/18 [===================>..........] - ETA: 2:16 - loss: 0.2503 - acc: 0.9319
13/18 [====================>.........] - ETA: 1:54 - loss: 0.2391 - acc: 0.9347
14/18 [======================>.......] - ETA: 1:31 - loss: 0.2357 - acc: 0.9349
15/18 [========================>.....] - ETA: 1:08 - loss: 0.2310 - acc: 0.9361
16/18 [=========================>....] - ETA: 45s - loss: 0.2308 - acc: 0.9362 
17/18 [===========================>..] - ETA: 22s - loss: 0.2302 - acc: 0.9344
18/18 [==============================] - 435s 24s/step - loss: 0.2321 - acc: 0.9320 - val_loss: 0.3615 - val_acc: 0.8933
Epoch 14/50

 1/18 [>.............................] - ETA: 6:37 - loss: 0.1999 - acc: 0.9688
 2/18 [==>...........................] - ETA: 6:13 - loss: 0.1885 - acc: 0.9766
 3/18 [====>.........................] - ETA: 5:48 - loss: 0.1933 - acc: 0.9635
 4/18 [=====>........................] - ETA: 5:24 - loss: 0.2109 - acc: 0.9453
 5/18 [=======>......................] - ETA: 5:01 - loss: 0.2133 - acc: 0.9437
 6/18 [=========>....................] - ETA: 4:38 - loss: 0.2195 - acc: 0.9479
 7/18 [==========>...................] - ETA: 4:15 - loss: 0.2315 - acc: 0.9442
 8/18 [============>.................] - ETA: 3:52 - loss: 0.2398 - acc: 0.9375
 9/18 [==============>...............] - ETA: 3:29 - loss: 0.2360 - acc: 0.9392
10/18 [===============>..............] - ETA: 3:05 - loss: 0.2274 - acc: 0.9437
11/18 [=================>............] - ETA: 2:42 - loss: 0.2227 - acc: 0.9446
12/18 [===================>..........] - ETA: 2:19 - loss: 0.2216 - acc: 0.9427
13/18 [====================>.........] - ETA: 1:53 - loss: 0.2209 - acc: 0.9407
14/18 [======================>.......] - ETA: 1:31 - loss: 0.2225 - acc: 0.9382
15/18 [========================>.....] - ETA: 1:08 - loss: 0.2169 - acc: 0.9392
16/18 [=========================>....] - ETA: 45s - loss: 0.2117 - acc: 0.9411 
17/18 [===========================>..] - ETA: 22s - loss: 0.2090 - acc: 0.9418
18/18 [==============================] - 435s 24s/step - loss: 0.2115 - acc: 0.9390 - val_loss: 0.3444 - val_acc: 0.8833
Epoch 15/50

 1/18 [>.............................] - ETA: 6:38 - loss: 0.1879 - acc: 0.9688
 2/18 [==>...........................] - ETA: 6:15 - loss: 0.1373 - acc: 0.9766
 3/18 [====>.........................] - ETA: 5:51 - loss: 0.1413 - acc: 0.9688
 4/18 [=====>........................] - ETA: 5:26 - loss: 0.1537 - acc: 0.9609
 5/18 [=======>......................] - ETA: 5:02 - loss: 0.1453 - acc: 0.9625
 6/18 [=========>....................] - ETA: 4:40 - loss: 0.1515 - acc: 0.9583
 7/18 [==========>...................] - ETA: 4:16 - loss: 0.1780 - acc: 0.9442
 8/18 [============>.................] - ETA: 3:53 - loss: 0.1904 - acc: 0.9414
 9/18 [==============>...............] - ETA: 3:30 - loss: 0.1884 - acc: 0.9427
10/18 [===============>..............] - ETA: 3:06 - loss: 0.1787 - acc: 0.9469
11/18 [=================>............] - ETA: 2:43 - loss: 0.1794 - acc: 0.9474
12/18 [===================>..........] - ETA: 2:19 - loss: 0.1800 - acc: 0.9440
13/18 [====================>.........] - ETA: 1:56 - loss: 0.1763 - acc: 0.9471
14/18 [======================>.......] - ETA: 1:31 - loss: 0.1708 - acc: 0.9494
15/18 [========================>.....] - ETA: 1:08 - loss: 0.1682 - acc: 0.9507
16/18 [=========================>....] - ETA: 45s - loss: 0.1694 - acc: 0.9508 
17/18 [===========================>..] - ETA: 22s - loss: 0.1672 - acc: 0.9519
18/18 [==============================] - 436s 24s/step - loss: 0.1652 - acc: 0.9528 - val_loss: 0.3278 - val_acc: 0.9000
Epoch 16/50

 1/18 [>.............................] - ETA: 6:34 - loss: 0.1031 - acc: 0.9688
 2/18 [==>...........................] - ETA: 6:11 - loss: 0.1497 - acc: 0.9609
 3/18 [====>.........................] - ETA: 5:47 - loss: 0.1468 - acc: 0.9583
 4/18 [=====>........................] - ETA: 5:25 - loss: 0.1339 - acc: 0.9648
 5/18 [=======>......................] - ETA: 5:01 - loss: 0.1209 - acc: 0.9688
 6/18 [=========>....................] - ETA: 4:38 - loss: 0.1248 - acc: 0.9661
 7/18 [==========>...................] - ETA: 4:15 - loss: 0.1242 - acc: 0.9665
 8/18 [============>.................] - ETA: 3:52 - loss: 0.1278 - acc: 0.9648
 9/18 [==============>...............] - ETA: 3:28 - loss: 0.1307 - acc: 0.9670
10/18 [===============>..............] - ETA: 3:05 - loss: 0.1267 - acc: 0.9672
11/18 [=================>............] - ETA: 2:42 - loss: 0.1251 - acc: 0.9673
12/18 [===================>..........] - ETA: 2:19 - loss: 0.1279 - acc: 0.9648
13/18 [====================>.........] - ETA: 1:55 - loss: 0.1334 - acc: 0.9627
14/18 [======================>.......] - ETA: 1:32 - loss: 0.1347 - acc: 0.9609
15/18 [========================>.....] - ETA: 1:08 - loss: 0.1383 - acc: 0.9594
16/18 [=========================>....] - ETA: 45s - loss: 0.1348 - acc: 0.9600 
17/18 [===========================>..] - ETA: 22s - loss: 0.1388 - acc: 0.9577
18/18 [==============================] - 436s 24s/step - loss: 0.1402 - acc: 0.9566 - val_loss: 0.3130 - val_acc: 0.9100
Epoch 17/50

 1/18 [>.............................] - ETA: 6:35 - loss: 0.1889 - acc: 0.9219
 2/18 [==>...........................] - ETA: 6:13 - loss: 0.2544 - acc: 0.9297
 3/18 [====>.........................] - ETA: 5:48 - loss: 0.2226 - acc: 0.9375
 4/18 [=====>........................] - ETA: 5:26 - loss: 0.2005 - acc: 0.9492
 5/18 [=======>......................] - ETA: 5:02 - loss: 0.1757 - acc: 0.9531
 6/18 [=========>....................] - ETA: 4:39 - loss: 0.1899 - acc: 0.9453
 7/18 [==========>...................] - ETA: 4:15 - loss: 0.1796 - acc: 0.9487
 8/18 [============>.................] - ETA: 3:52 - loss: 0.1868 - acc: 0.9395
 9/18 [==============>...............] - ETA: 3:29 - loss: 0.1780 - acc: 0.9410
10/18 [===============>..............] - ETA: 3:05 - loss: 0.1775 - acc: 0.9422
11/18 [=================>............] - ETA: 2:42 - loss: 0.1680 - acc: 0.9474
12/18 [===================>..........] - ETA: 2:19 - loss: 0.1641 - acc: 0.9479
13/18 [====================>.........] - ETA: 1:56 - loss: 0.1678 - acc: 0.9471
14/18 [======================>.......] - ETA: 1:33 - loss: 0.1621 - acc: 0.9487
15/18 [========================>.....] - ETA: 1:09 - loss: 0.1562 - acc: 0.9521
16/18 [=========================>....] - ETA: 45s - loss: 0.1558 - acc: 0.9538 
17/18 [===========================>..] - ETA: 22s - loss: 0.1561 - acc: 0.9547
18/18 [==============================] - 437s 24s/step - loss: 0.1533 - acc: 0.9546 - val_loss: 0.3044 - val_acc: 0.9067
Epoch 18/50

 1/18 [>.............................] - ETA: 6:35 - loss: 0.0704 - acc: 0.9844
 2/18 [==>...........................] - ETA: 6:13 - loss: 0.0883 - acc: 0.9844
 3/18 [====>.........................] - ETA: 5:47 - loss: 0.0953 - acc: 0.9792
 4/18 [=====>........................] - ETA: 5:23 - loss: 0.1168 - acc: 0.9688
 5/18 [=======>......................] - ETA: 5:00 - loss: 0.1205 - acc: 0.9656
 6/18 [=========>....................] - ETA: 4:37 - loss: 0.1109 - acc: 0.9688
 7/18 [==========>...................] - ETA: 4:14 - loss: 0.1261 - acc: 0.9643
 8/18 [============>.................] - ETA: 3:51 - loss: 0.1178 - acc: 0.9668
 9/18 [==============>...............] - ETA: 3:28 - loss: 0.1146 - acc: 0.9670
10/18 [===============>..............] - ETA: 3:05 - loss: 0.1126 - acc: 0.9688
11/18 [=================>............] - ETA: 2:41 - loss: 0.1090 - acc: 0.9702
12/18 [===================>..........] - ETA: 2:19 - loss: 0.1091 - acc: 0.9701
13/18 [====================>.........] - ETA: 1:55 - loss: 0.1040 - acc: 0.9712
14/18 [======================>.......] - ETA: 1:32 - loss: 0.1070 - acc: 0.9688
15/18 [========================>.....] - ETA: 1:09 - loss: 0.1101 - acc: 0.9667
16/18 [=========================>....] - ETA: 46s - loss: 0.1057 - acc: 0.9688 
17/18 [===========================>..] - ETA: 22s - loss: 0.1089 - acc: 0.9669
18/18 [==============================] - 435s 24s/step - loss: 0.1059 - acc: 0.9679 - val_loss: 0.2656 - val_acc: 0.9200
Epoch 19/50

 1/18 [>.............................] - ETA: 6:32 - loss: 0.0735 - acc: 0.9844
 2/18 [==>...........................] - ETA: 6:12 - loss: 0.1314 - acc: 0.9531
 3/18 [====>.........................] - ETA: 5:49 - loss: 0.1147 - acc: 0.9635
 4/18 [=====>........................] - ETA: 5:26 - loss: 0.1068 - acc: 0.9688
 5/18 [=======>......................] - ETA: 5:02 - loss: 0.0976 - acc: 0.9750
 6/18 [=========>....................] - ETA: 4:39 - loss: 0.1010 - acc: 0.9740
 7/18 [==========>...................] - ETA: 4:16 - loss: 0.1014 - acc: 0.9710
 8/18 [============>.................] - ETA: 3:52 - loss: 0.0962 - acc: 0.9727
 9/18 [==============>...............] - ETA: 3:29 - loss: 0.1003 - acc: 0.9705
10/18 [===============>..............] - ETA: 3:06 - loss: 0.0947 - acc: 0.9734
11/18 [=================>............] - ETA: 2:43 - loss: 0.0905 - acc: 0.9759
12/18 [===================>..........] - ETA: 2:19 - loss: 0.0955 - acc: 0.9740
13/18 [====================>.........] - ETA: 1:56 - loss: 0.0961 - acc: 0.9748
14/18 [======================>.......] - ETA: 1:33 - loss: 0.0927 - acc: 0.9754
15/18 [========================>.....] - ETA: 1:09 - loss: 0.0921 - acc: 0.9760
16/18 [=========================>....] - ETA: 46s - loss: 0.0942 - acc: 0.9756 
17/18 [===========================>..] - ETA: 23s - loss: 0.0940 - acc: 0.9761
18/18 [==============================] - 436s 24s/step - loss: 0.0912 - acc: 0.9774 - val_loss: 0.2572 - val_acc: 0.9200
Epoch 20/50

 1/18 [>.............................] - ETA: 6:30 - loss: 0.1045 - acc: 0.9688
 2/18 [==>...........................] - ETA: 6:10 - loss: 0.0791 - acc: 0.9844
 3/18 [====>.........................] - ETA: 6:07 - loss: 0.0734 - acc: 0.9844
 4/18 [=====>........................] - ETA: 6:32 - loss: 0.0762 - acc: 0.9844
 5/18 [=======>......................] - ETA: 6:31 - loss: 0.0749 - acc: 0.9812
 6/18 [=========>....................] - ETA: 6:07 - loss: 0.0792 - acc: 0.9818
 7/18 [==========>...................] - ETA: 5:30 - loss: 0.0781 - acc: 0.9821
 8/18 [============>.................] - ETA: 4:54 - loss: 0.0839 - acc: 0.9785
 9/18 [==============>...............] - ETA: 4:19 - loss: 0.0808 - acc: 0.9792
10/18 [===============>..............] - ETA: 3:47 - loss: 0.0862 - acc: 0.9797
11/18 [=================>............] - ETA: 3:16 - loss: 0.0935 - acc: 0.9744
12/18 [===================>..........] - ETA: 2:46 - loss: 0.0920 - acc: 0.9740
13/18 [====================>.........] - ETA: 2:17 - loss: 0.0914 - acc: 0.9748
14/18 [======================>.......] - ETA: 1:49 - loss: 0.0877 - acc: 0.9754
15/18 [========================>.....] - ETA: 1:21 - loss: 0.0941 - acc: 0.9729
16/18 [=========================>....] - ETA: 53s - loss: 0.0933 - acc: 0.9736 
17/18 [===========================>..] - ETA: 26s - loss: 0.0945 - acc: 0.9743
18/18 [==============================] - 504s 28s/step - loss: 0.0942 - acc: 0.9740 - val_loss: 0.2484 - val_acc: 0.9267
Epoch 21/50

 1/18 [>.............................] - ETA: 5:10 - loss: 0.1425 - acc: 0.9375
 2/18 [==>...........................] - ETA: 5:40 - loss: 0.1368 - acc: 0.9531
 3/18 [====>.........................] - ETA: 5:34 - loss: 0.1053 - acc: 0.9688
 4/18 [=====>........................] - ETA: 5:18 - loss: 0.0862 - acc: 0.9766
 5/18 [=======>......................] - ETA: 4:58 - loss: 0.0806 - acc: 0.9750
 6/18 [=========>....................] - ETA: 4:36 - loss: 0.0716 - acc: 0.9792
 7/18 [==========>...................] - ETA: 4:22 - loss: 0.0702 - acc: 0.9799
 8/18 [============>.................] - ETA: 4:17 - loss: 0.0649 - acc: 0.9824
 9/18 [==============>...............] - ETA: 4:04 - loss: 0.0661 - acc: 0.9826
10/18 [===============>..............] - ETA: 3:41 - loss: 0.0641 - acc: 0.9844
11/18 [=================>............] - ETA: 3:13 - loss: 0.0629 - acc: 0.9858
12/18 [===================>..........] - ETA: 2:44 - loss: 0.0670 - acc: 0.9831
13/18 [====================>.........] - ETA: 2:16 - loss: 0.0671 - acc: 0.9832
14/18 [======================>.......] - ETA: 1:48 - loss: 0.0667 - acc: 0.9833
15/18 [========================>.....] - ETA: 1:20 - loss: 0.0661 - acc: 0.9833
16/18 [=========================>....] - ETA: 53s - loss: 0.0665 - acc: 0.9834 
17/18 [===========================>..] - ETA: 26s - loss: 0.0649 - acc: 0.9835
18/18 [==============================] - 500s 28s/step - loss: 0.0657 - acc: 0.9835 - val_loss: 0.2504 - val_acc: 0.9300
Epoch 22/50

 1/18 [>.............................] - ETA: 6:53 - loss: 0.1102 - acc: 0.9688
 2/18 [==>...........................] - ETA: 5:38 - loss: 0.0795 - acc: 0.9844
 3/18 [====>.........................] - ETA: 5:33 - loss: 0.0808 - acc: 0.9844
 4/18 [=====>........................] - ETA: 5:17 - loss: 0.0702 - acc: 0.9883
 5/18 [=======>......................] - ETA: 4:58 - loss: 0.0690 - acc: 0.9844
 6/18 [=========>....................] - ETA: 4:37 - loss: 0.0736 - acc: 0.9818
 7/18 [==========>...................] - ETA: 4:15 - loss: 0.0751 - acc: 0.9777
 8/18 [============>.................] - ETA: 3:53 - loss: 0.0711 - acc: 0.9805
 9/18 [==============>...............] - ETA: 3:30 - loss: 0.0675 - acc: 0.9826
10/18 [===============>..............] - ETA: 3:07 - loss: 0.0706 - acc: 0.9828
11/18 [=================>............] - ETA: 2:43 - loss: 0.0660 - acc: 0.9844
12/18 [===================>..........] - ETA: 2:22 - loss: 0.0652 - acc: 0.9844
13/18 [====================>.........] - ETA: 2:05 - loss: 0.0631 - acc: 0.9856
14/18 [======================>.......] - ETA: 1:43 - loss: 0.0604 - acc: 0.9866
15/18 [========================>.....] - ETA: 1:19 - loss: 0.0601 - acc: 0.9865
16/18 [=========================>....] - ETA: 52s - loss: 0.0586 - acc: 0.9863 
17/18 [===========================>..] - ETA: 26s - loss: 0.0597 - acc: 0.9862
18/18 [==============================] - 498s 28s/step - loss: 0.0607 - acc: 0.9852 - val_loss: 0.2601 - val_acc: 0.9300
Epoch 23/50

 1/18 [>.............................] - ETA: 6:54 - loss: 0.0379 - acc: 1.0000
 2/18 [==>...........................] - ETA: 6:28 - loss: 0.0685 - acc: 0.9844
 3/18 [====>.........................] - ETA: 5:33 - loss: 0.0685 - acc: 0.9896
 4/18 [=====>........................] - ETA: 5:18 - loss: 0.0581 - acc: 0.9922
 5/18 [=======>......................] - ETA: 4:59 - loss: 0.0618 - acc: 0.9844
 6/18 [=========>....................] - ETA: 4:38 - loss: 0.0543 - acc: 0.9870
 7/18 [==========>...................] - ETA: 4:16 - loss: 0.0501 - acc: 0.9888
 8/18 [============>.................] - ETA: 3:54 - loss: 0.0473 - acc: 0.9902
 9/18 [==============>...............] - ETA: 3:31 - loss: 0.0443 - acc: 0.9913
10/18 [===============>..............] - ETA: 3:08 - loss: 0.0429 - acc: 0.9922
11/18 [=================>............] - ETA: 2:45 - loss: 0.0457 - acc: 0.9915
12/18 [===================>..........] - ETA: 2:22 - loss: 0.0434 - acc: 0.9922
13/18 [====================>.........] - ETA: 1:58 - loss: 0.0473 - acc: 0.9916
14/18 [======================>.......] - ETA: 1:35 - loss: 0.0500 - acc: 0.9888
15/18 [========================>.....] - ETA: 1:14 - loss: 0.0500 - acc: 0.9896
16/18 [=========================>....] - ETA: 51s - loss: 0.0489 - acc: 0.9902 
17/18 [===========================>..] - ETA: 26s - loss: 0.0496 - acc: 0.9890
18/18 [==============================] - 503s 28s/step - loss: 0.0487 - acc: 0.9896 - val_loss: 0.2403 - val_acc: 0.9300
Epoch 24/50

 1/18 [>.............................] - ETA: 7:02 - loss: 0.0976 - acc: 0.9844
 2/18 [==>...........................] - ETA: 6:28 - loss: 0.0661 - acc: 0.9922
 3/18 [====>.........................] - ETA: 6:02 - loss: 0.0726 - acc: 0.9844
 4/18 [=====>........................] - ETA: 5:17 - loss: 0.0887 - acc: 0.9779
 5/18 [=======>......................] - ETA: 4:58 - loss: 0.0784 - acc: 0.9823
 6/18 [=========>....................] - ETA: 4:38 - loss: 0.0696 - acc: 0.9852
 7/18 [==========>...................] - ETA: 4:17 - loss: 0.0674 - acc: 0.9807
 8/18 [============>.................] - ETA: 3:54 - loss: 0.0609 - acc: 0.9831
 9/18 [==============>...............] - ETA: 3:32 - loss: 0.0586 - acc: 0.9832
10/18 [===============>..............] - ETA: 3:09 - loss: 0.0605 - acc: 0.9818
11/18 [=================>............] - ETA: 2:45 - loss: 0.0569 - acc: 0.9834
12/18 [===================>..........] - ETA: 2:22 - loss: 0.0559 - acc: 0.9835
13/18 [====================>.........] - ETA: 1:58 - loss: 0.0541 - acc: 0.9836
14/18 [======================>.......] - ETA: 1:35 - loss: 0.0534 - acc: 0.9847
15/18 [========================>.....] - ETA: 1:11 - loss: 0.0555 - acc: 0.9837
16/18 [=========================>....] - ETA: 47s - loss: 0.0563 - acc: 0.9827 
17/18 [===========================>..] - ETA: 24s - loss: 0.0552 - acc: 0.9838
18/18 [==============================] - 493s 27s/step - loss: 0.0530 - acc: 0.9847 - val_loss: 0.2171 - val_acc: 0.9500
Epoch 25/50

 1/18 [>.............................] - ETA: 8:56 - loss: 0.0980 - acc: 0.9844
 2/18 [==>...........................] - ETA: 7:43 - loss: 0.0705 - acc: 0.9922
 3/18 [====>.........................] - ETA: 6:58 - loss: 0.0516 - acc: 0.9948
 4/18 [=====>........................] - ETA: 6:18 - loss: 0.0494 - acc: 0.9922
 5/18 [=======>......................] - ETA: 5:27 - loss: 0.0791 - acc: 0.9854
 6/18 [=========>....................] - ETA: 4:59 - loss: 0.0687 - acc: 0.9878
 7/18 [==========>...................] - ETA: 4:33 - loss: 0.0620 - acc: 0.9896
 8/18 [============>.................] - ETA: 4:07 - loss: 0.0628 - acc: 0.9889
 9/18 [==============>...............] - ETA: 3:42 - loss: 0.0642 - acc: 0.9867
10/18 [===============>..............] - ETA: 3:17 - loss: 0.0605 - acc: 0.9880
11/18 [=================>............] - ETA: 2:52 - loss: 0.0559 - acc: 0.9891
12/18 [===================>..........] - ETA: 2:27 - loss: 0.0586 - acc: 0.9887
13/18 [====================>.........] - ETA: 2:02 - loss: 0.0565 - acc: 0.9884
14/18 [======================>.......] - ETA: 1:38 - loss: 0.0546 - acc: 0.9892
15/18 [========================>.....] - ETA: 1:13 - loss: 0.0632 - acc: 0.9858
16/18 [=========================>....] - ETA: 48s - loss: 0.0638 - acc: 0.9857 
17/18 [===========================>..] - ETA: 24s - loss: 0.0650 - acc: 0.9847
18/18 [==============================] - 465s 26s/step - loss: 0.0634 - acc: 0.9847 - val_loss: 0.2530 - val_acc: 0.9400
Epoch 26/50

 1/18 [>.............................] - ETA: 7:02 - loss: 0.1058 - acc: 0.9688
 2/18 [==>...........................] - ETA: 8:23 - loss: 0.0868 - acc: 0.9688
 3/18 [====>.........................] - ETA: 8:32 - loss: 0.0783 - acc: 0.9740
 4/18 [=====>........................] - ETA: 7:56 - loss: 0.0665 - acc: 0.9766
 5/18 [=======>......................] - ETA: 7:06 - loss: 0.0616 - acc: 0.9812
 6/18 [=========>....................] - ETA: 6:06 - loss: 0.0560 - acc: 0.9844
 7/18 [==========>...................] - ETA: 5:26 - loss: 0.0545 - acc: 0.9866
 8/18 [============>.................] - ETA: 4:49 - loss: 0.0558 - acc: 0.9844
 9/18 [==============>...............] - ETA: 4:15 - loss: 0.0554 - acc: 0.9844
10/18 [===============>..............] - ETA: 3:44 - loss: 0.0527 - acc: 0.9859
11/18 [=================>............] - ETA: 3:13 - loss: 0.0501 - acc: 0.9872
12/18 [===================>..........] - ETA: 2:44 - loss: 0.0470 - acc: 0.9883
13/18 [====================>.........] - ETA: 2:15 - loss: 0.0473 - acc: 0.9868
14/18 [======================>.......] - ETA: 1:47 - loss: 0.0450 - acc: 0.9877
15/18 [========================>.....] - ETA: 1:20 - loss: 0.0441 - acc: 0.9885
16/18 [=========================>....] - ETA: 53s - loss: 0.0426 - acc: 0.9893 
17/18 [===========================>..] - ETA: 26s - loss: 0.0457 - acc: 0.9881
18/18 [==============================] - 498s 28s/step - loss: 0.0439 - acc: 0.9887 - val_loss: 0.2808 - val_acc: 0.9167
Epoch 27/50

 1/18 [>.............................] - ETA: 6:51 - loss: 0.0753 - acc: 0.9844
 2/18 [==>...........................] - ETA: 6:27 - loss: 0.0714 - acc: 0.9766
 3/18 [====>.........................] - ETA: 6:00 - loss: 0.0511 - acc: 0.9844
 4/18 [=====>........................] - ETA: 5:35 - loss: 0.0423 - acc: 0.9883
 5/18 [=======>......................] - ETA: 5:09 - loss: 0.0411 - acc: 0.9875
 6/18 [=========>....................] - ETA: 4:50 - loss: 0.0386 - acc: 0.9896
 7/18 [==========>...................] - ETA: 4:34 - loss: 0.0363 - acc: 0.9911
 8/18 [============>.................] - ETA: 4:27 - loss: 0.0337 - acc: 0.9922
 9/18 [==============>...............] - ETA: 4:08 - loss: 0.0333 - acc: 0.9931
10/18 [===============>..............] - ETA: 3:41 - loss: 0.0361 - acc: 0.9922
11/18 [=================>............] - ETA: 3:12 - loss: 0.0349 - acc: 0.9929
12/18 [===================>..........] - ETA: 2:43 - loss: 0.0368 - acc: 0.9922
13/18 [====================>.........] - ETA: 2:15 - loss: 0.0418 - acc: 0.9892
14/18 [======================>.......] - ETA: 1:47 - loss: 0.0403 - acc: 0.9900
15/18 [========================>.....] - ETA: 1:20 - loss: 0.0382 - acc: 0.9906
16/18 [=========================>....] - ETA: 53s - loss: 0.0381 - acc: 0.9893 
17/18 [===========================>..] - ETA: 26s - loss: 0.0380 - acc: 0.9890
18/18 [==============================] - 497s 28s/step - loss: 0.0374 - acc: 0.9887 - val_loss: 0.2777 - val_acc: 0.9167
Epoch 28/50

 1/18 [>.............................] - ETA: 6:51 - loss: 0.0142 - acc: 1.0000
 2/18 [==>...........................] - ETA: 6:25 - loss: 0.0238 - acc: 1.0000
 3/18 [====>.........................] - ETA: 6:02 - loss: 0.0193 - acc: 1.0000
 4/18 [=====>........................] - ETA: 5:38 - loss: 0.0196 - acc: 1.0000
 5/18 [=======>......................] - ETA: 5:13 - loss: 0.0237 - acc: 1.0000
 6/18 [=========>....................] - ETA: 4:49 - loss: 0.0224 - acc: 1.0000
 7/18 [==========>...................] - ETA: 4:24 - loss: 0.0212 - acc: 1.0000
 8/18 [============>.................] - ETA: 3:53 - loss: 0.0245 - acc: 1.0000
 9/18 [==============>...............] - ETA: 3:30 - loss: 0.0322 - acc: 0.9948
10/18 [===============>..............] - ETA: 3:07 - loss: 0.0402 - acc: 0.9906
11/18 [=================>............] - ETA: 2:44 - loss: 0.0473 - acc: 0.9886
12/18 [===================>..........] - ETA: 2:26 - loss: 0.0487 - acc: 0.9883
13/18 [====================>.........] - ETA: 2:08 - loss: 0.0493 - acc: 0.9892
14/18 [======================>.......] - ETA: 1:45 - loss: 0.0528 - acc: 0.9866
15/18 [========================>.....] - ETA: 1:19 - loss: 0.0506 - acc: 0.9875
16/18 [=========================>....] - ETA: 53s - loss: 0.0498 - acc: 0.9873 
17/18 [===========================>..] - ETA: 26s - loss: 0.0477 - acc: 0.9881
18/18 [==============================] - 498s 28s/step - loss: 0.0481 - acc: 0.9878 - val_loss: 0.2509 - val_acc: 0.9300
Epoch 29/50

 1/18 [>.............................] - ETA: 6:47 - loss: 0.0213 - acc: 1.0000
 2/18 [==>...........................] - ETA: 6:20 - loss: 0.0178 - acc: 1.0000
 3/18 [====>.........................] - ETA: 5:56 - loss: 0.0350 - acc: 0.9896
 4/18 [=====>........................] - ETA: 5:32 - loss: 0.0536 - acc: 0.9844
 5/18 [=======>......................] - ETA: 5:09 - loss: 0.0451 - acc: 0.9875
 6/18 [=========>....................] - ETA: 4:45 - loss: 0.0497 - acc: 0.9844
 7/18 [==========>...................] - ETA: 4:21 - loss: 0.0523 - acc: 0.9844
 8/18 [============>.................] - ETA: 3:57 - loss: 0.0555 - acc: 0.9844
 9/18 [==============>...............] - ETA: 3:28 - loss: 0.0516 - acc: 0.9861
10/18 [===============>..............] - ETA: 3:05 - loss: 0.0473 - acc: 0.9875
11/18 [=================>............] - ETA: 2:42 - loss: 0.0456 - acc: 0.9886
12/18 [===================>..........] - ETA: 2:19 - loss: 0.0465 - acc: 0.9870
13/18 [====================>.........] - ETA: 1:56 - loss: 0.0457 - acc: 0.9868
14/18 [======================>.......] - ETA: 1:33 - loss: 0.0453 - acc: 0.9866
15/18 [========================>.....] - ETA: 1:10 - loss: 0.0445 - acc: 0.9865
16/18 [=========================>....] - ETA: 49s - loss: 0.0526 - acc: 0.9844 
17/18 [===========================>..] - ETA: 25s - loss: 0.0510 - acc: 0.9853
18/18 [==============================] - 495s 28s/step - loss: 0.0491 - acc: 0.9861 - val_loss: 0.2522 - val_acc: 0.9267
Epoch 30/50

 1/18 [>.............................] - ETA: 7:22 - loss: 0.0106 - acc: 1.0000
 2/18 [==>...........................] - ETA: 6:47 - loss: 0.0284 - acc: 1.0000
 3/18 [====>.........................] - ETA: 6:12 - loss: 0.1060 - acc: 0.9792
 4/18 [=====>........................] - ETA: 5:45 - loss: 0.0958 - acc: 0.9805
 5/18 [=======>......................] - ETA: 5:19 - loss: 0.0782 - acc: 0.9844
 6/18 [=========>....................] - ETA: 4:53 - loss: 0.0737 - acc: 0.9844
 7/18 [==========>...................] - ETA: 4:28 - loss: 0.0691 - acc: 0.9844
 8/18 [============>.................] - ETA: 4:04 - loss: 0.0645 - acc: 0.9863
 9/18 [==============>...............] - ETA: 3:39 - loss: 0.0615 - acc: 0.9861
10/18 [===============>..............] - ETA: 3:09 - loss: 0.0571 - acc: 0.9875
11/18 [=================>............] - ETA: 2:46 - loss: 0.0538 - acc: 0.9886
12/18 [===================>..........] - ETA: 2:22 - loss: 0.0511 - acc: 0.9896
13/18 [====================>.........] - ETA: 1:59 - loss: 0.0513 - acc: 0.9892
14/18 [======================>.......] - ETA: 1:35 - loss: 0.0485 - acc: 0.9900
15/18 [========================>.....] - ETA: 1:11 - loss: 0.0519 - acc: 0.9885
16/18 [=========================>....] - ETA: 47s - loss: 0.0548 - acc: 0.9883 
17/18 [===========================>..] - ETA: 23s - loss: 0.0525 - acc: 0.9890
18/18 [==============================] - 453s 25s/step - loss: 0.0510 - acc: 0.9896 - val_loss: 0.2591 - val_acc: 0.9233
Epoch 31/50

 1/18 [>.............................] - ETA: 7:20 - loss: 0.0137 - acc: 1.0000
 2/18 [==>...........................] - ETA: 8:39 - loss: 0.0432 - acc: 0.9844
 3/18 [====>.........................] - ETA: 8:36 - loss: 0.0305 - acc: 0.9896
 4/18 [=====>........................] - ETA: 7:57 - loss: 0.0360 - acc: 0.9883
 5/18 [=======>......................] - ETA: 7:07 - loss: 0.0315 - acc: 0.9906
 6/18 [=========>....................] - ETA: 6:20 - loss: 0.0402 - acc: 0.9896
 7/18 [==========>...................] - ETA: 5:39 - loss: 0.0385 - acc: 0.9888
 8/18 [============>.................] - ETA: 5:01 - loss: 0.0347 - acc: 0.9902
 9/18 [==============>...............] - ETA: 4:25 - loss: 0.0396 - acc: 0.9878
10/18 [===============>..............] - ETA: 3:52 - loss: 0.0382 - acc: 0.9891
11/18 [=================>............] - ETA: 3:16 - loss: 0.0365 - acc: 0.9901
12/18 [===================>..........] - ETA: 2:46 - loss: 0.0341 - acc: 0.9909
13/18 [====================>.........] - ETA: 2:17 - loss: 0.0329 - acc: 0.9916
14/18 [======================>.......] - ETA: 1:48 - loss: 0.0318 - acc: 0.9922
15/18 [========================>.....] - ETA: 1:21 - loss: 0.0335 - acc: 0.9906
16/18 [=========================>....] - ETA: 53s - loss: 0.0353 - acc: 0.9902 
17/18 [===========================>..] - ETA: 26s - loss: 0.0343 - acc: 0.9908
18/18 [==============================] - 503s 28s/step - loss: 0.0329 - acc: 0.9913 - val_loss: 0.2424 - val_acc: 0.9300
Epoch 32/50

 1/18 [>.............................] - ETA: 6:43 - loss: 0.0277 - acc: 0.9844
 2/18 [==>...........................] - ETA: 6:21 - loss: 0.0220 - acc: 0.9922
 3/18 [====>.........................] - ETA: 5:59 - loss: 0.0382 - acc: 0.9896
 4/18 [=====>........................] - ETA: 5:37 - loss: 0.0454 - acc: 0.9883
 5/18 [=======>......................] - ETA: 5:12 - loss: 0.0388 - acc: 0.9906
 6/18 [=========>....................] - ETA: 4:48 - loss: 0.0343 - acc: 0.9922
 7/18 [==========>...................] - ETA: 4:32 - loss: 0.0346 - acc: 0.9911
 8/18 [============>.................] - ETA: 4:27 - loss: 0.0363 - acc: 0.9922
 9/18 [==============>...............] - ETA: 4:11 - loss: 0.0345 - acc: 0.9913
10/18 [===============>..............] - ETA: 3:45 - loss: 0.0324 - acc: 0.9922
11/18 [=================>............] - ETA: 3:16 - loss: 0.0360 - acc: 0.9915
12/18 [===================>..........] - ETA: 2:44 - loss: 0.0349 - acc: 0.9922
13/18 [====================>.........] - ETA: 2:16 - loss: 0.0349 - acc: 0.9928
14/18 [======================>.......] - ETA: 1:48 - loss: 0.0333 - acc: 0.9933
15/18 [========================>.....] - ETA: 1:20 - loss: 0.0369 - acc: 0.9927
16/18 [=========================>....] - ETA: 53s - loss: 0.0367 - acc: 0.9922 
17/18 [===========================>..] - ETA: 26s - loss: 0.0355 - acc: 0.9926
18/18 [==============================] - 502s 28s/step - loss: 0.0356 - acc: 0.9922 - val_loss: 0.2356 - val_acc: 0.9367
Epoch 33/50

 1/18 [>.............................] - ETA: 6:53 - loss: 0.0991 - acc: 0.9688
 2/18 [==>...........................] - ETA: 6:26 - loss: 0.0730 - acc: 0.9766
 3/18 [====>.........................] - ETA: 6:03 - loss: 0.0663 - acc: 0.9792
 4/18 [=====>........................] - ETA: 5:37 - loss: 0.0570 - acc: 0.9805
 5/18 [=======>......................] - ETA: 5:14 - loss: 0.0516 - acc: 0.9844
 6/18 [=========>....................] - ETA: 4:51 - loss: 0.0471 - acc: 0.9870
 7/18 [==========>...................] - ETA: 4:27 - loss: 0.0420 - acc: 0.9888
 8/18 [============>.................] - ETA: 4:02 - loss: 0.0424 - acc: 0.9883
 9/18 [==============>...............] - ETA: 3:38 - loss: 0.0408 - acc: 0.9896
10/18 [===============>..............] - ETA: 3:14 - loss: 0.0377 - acc: 0.9906
11/18 [=================>............] - ETA: 2:49 - loss: 0.0371 - acc: 0.9915
12/18 [===================>..........] - ETA: 2:25 - loss: 0.0345 - acc: 0.9922
13/18 [====================>.........] - ETA: 1:59 - loss: 0.0401 - acc: 0.9912
14/18 [======================>.......] - ETA: 1:40 - loss: 0.0401 - acc: 0.9907
15/18 [========================>.....] - ETA: 1:18 - loss: 0.0391 - acc: 0.9913
16/18 [=========================>....] - ETA: 52s - loss: 0.0385 - acc: 0.9919 
17/18 [===========================>..] - ETA: 26s - loss: 0.0377 - acc: 0.9923
18/18 [==============================] - 502s 28s/step - loss: 0.0370 - acc: 0.9919 - val_loss: 0.2484 - val_acc: 0.9400
Epoch 34/50

 1/18 [>.............................] - ETA: 6:58 - loss: 0.0174 - acc: 1.0000
 2/18 [==>...........................] - ETA: 6:32 - loss: 0.0137 - acc: 1.0000
 3/18 [====>.........................] - ETA: 6:06 - loss: 0.0124 - acc: 1.0000
 4/18 [=====>........................] - ETA: 5:42 - loss: 0.0163 - acc: 1.0000
 5/18 [=======>......................] - ETA: 5:18 - loss: 0.0146 - acc: 1.0000
 6/18 [=========>....................] - ETA: 4:54 - loss: 0.0167 - acc: 0.9974
 7/18 [==========>...................] - ETA: 4:29 - loss: 0.0156 - acc: 0.9978
 8/18 [============>.................] - ETA: 4:05 - loss: 0.0155 - acc: 0.9980
 9/18 [==============>...............] - ETA: 3:40 - loss: 0.0153 - acc: 0.9983
10/18 [===============>..............] - ETA: 3:15 - loss: 0.0148 - acc: 0.9984
11/18 [=================>............] - ETA: 2:51 - loss: 0.0141 - acc: 0.9986
12/18 [===================>..........] - ETA: 2:26 - loss: 0.0154 - acc: 0.9987
13/18 [====================>.........] - ETA: 2:02 - loss: 0.0153 - acc: 0.9988
14/18 [======================>.......] - ETA: 1:36 - loss: 0.0157 - acc: 0.9989
15/18 [========================>.....] - ETA: 1:12 - loss: 0.0163 - acc: 0.9990
16/18 [=========================>....] - ETA: 48s - loss: 0.0159 - acc: 0.9990 
17/18 [===========================>..] - ETA: 24s - loss: 0.0154 - acc: 0.9991
18/18 [==============================] - 479s 27s/step - loss: 0.0159 - acc: 0.9983 - val_loss: 0.2479 - val_acc: 0.9400
Epoch 35/50

 1/18 [>.............................] - ETA: 11:06 - loss: 0.0051 - acc: 1.0000
 2/18 [==>...........................] - ETA: 9:50 - loss: 0.0113 - acc: 1.0000 
 3/18 [====>.........................] - ETA: 8:24 - loss: 0.0105 - acc: 1.0000
 4/18 [=====>........................] - ETA: 7:23 - loss: 0.0165 - acc: 0.9961
 5/18 [=======>......................] - ETA: 6:35 - loss: 0.0146 - acc: 0.9969
 6/18 [=========>....................] - ETA: 5:53 - loss: 0.0241 - acc: 0.9948
 7/18 [==========>...................] - ETA: 5:16 - loss: 0.0216 - acc: 0.9955
 8/18 [============>.................] - ETA: 4:41 - loss: 0.0204 - acc: 0.9961
 9/18 [==============>...............] - ETA: 4:09 - loss: 0.0193 - acc: 0.9965
10/18 [===============>..............] - ETA: 3:39 - loss: 0.0184 - acc: 0.9969
11/18 [=================>............] - ETA: 3:09 - loss: 0.0179 - acc: 0.9972
12/18 [===================>..........] - ETA: 2:41 - loss: 0.0183 - acc: 0.9961
13/18 [====================>.........] - ETA: 2:13 - loss: 0.0192 - acc: 0.9964
14/18 [======================>.......] - ETA: 1:46 - loss: 0.0182 - acc: 0.9967
15/18 [========================>.....] - ETA: 1:17 - loss: 0.0211 - acc: 0.9955
16/18 [=========================>....] - ETA: 51s - loss: 0.0227 - acc: 0.9948 
17/18 [===========================>..] - ETA: 25s - loss: 0.0216 - acc: 0.9951
18/18 [==============================] - 487s 27s/step - loss: 0.0211 - acc: 0.9954 - val_loss: 0.2509 - val_acc: 0.9400
Epoch 36/50

 1/18 [>.............................] - ETA: 6:48 - loss: 0.0282 - acc: 1.0000
 2/18 [==>...........................] - ETA: 6:23 - loss: 0.0201 - acc: 1.0000
 3/18 [====>.........................] - ETA: 5:57 - loss: 0.0165 - acc: 1.0000
 4/18 [=====>........................] - ETA: 5:34 - loss: 0.0184 - acc: 1.0000
 5/18 [=======>......................] - ETA: 5:10 - loss: 0.0166 - acc: 1.0000
 6/18 [=========>....................] - ETA: 4:46 - loss: 0.0155 - acc: 1.0000
 7/18 [==========>...................] - ETA: 4:22 - loss: 0.0146 - acc: 1.0000
 8/18 [============>.................] - ETA: 4:00 - loss: 0.0211 - acc: 0.9980
 9/18 [==============>...............] - ETA: 3:52 - loss: 0.0206 - acc: 0.9983
10/18 [===============>..............] - ETA: 3:37 - loss: 0.0194 - acc: 0.9984
11/18 [=================>............] - ETA: 3:14 - loss: 0.0181 - acc: 0.9986
12/18 [===================>..........] - ETA: 2:46 - loss: 0.0168 - acc: 0.9987
13/18 [====================>.........] - ETA: 2:17 - loss: 0.0183 - acc: 0.9976
14/18 [======================>.......] - ETA: 1:49 - loss: 0.0179 - acc: 0.9978
15/18 [========================>.....] - ETA: 1:22 - loss: 0.0169 - acc: 0.9979
16/18 [=========================>....] - ETA: 53s - loss: 0.0168 - acc: 0.9980 
17/18 [===========================>..] - ETA: 26s - loss: 0.0164 - acc: 0.9982
18/18 [==============================] - 502s 28s/step - loss: 0.0184 - acc: 0.9974 - val_loss: 0.2670 - val_acc: 0.9300
Epoch 37/50

 1/18 [>.............................] - ETA: 6:52 - loss: 0.0084 - acc: 1.0000
 2/18 [==>...........................] - ETA: 6:26 - loss: 0.0102 - acc: 1.0000
 3/18 [====>.........................] - ETA: 6:03 - loss: 0.0094 - acc: 1.0000
 4/18 [=====>........................] - ETA: 5:37 - loss: 0.0119 - acc: 1.0000
 5/18 [=======>......................] - ETA: 5:13 - loss: 0.0113 - acc: 1.0000
 6/18 [=========>....................] - ETA: 4:48 - loss: 0.0124 - acc: 1.0000
 7/18 [==========>...................] - ETA: 4:24 - loss: 0.0152 - acc: 1.0000
 8/18 [============>.................] - ETA: 4:00 - loss: 0.0178 - acc: 0.9980
 9/18 [==============>...............] - ETA: 3:36 - loss: 0.0223 - acc: 0.9965
10/18 [===============>..............] - ETA: 3:11 - loss: 0.0239 - acc: 0.9969
11/18 [=================>............] - ETA: 2:47 - loss: 0.0231 - acc: 0.9972
12/18 [===================>..........] - ETA: 2:23 - loss: 0.0224 - acc: 0.9974
13/18 [====================>.........] - ETA: 1:59 - loss: 0.0227 - acc: 0.9976
14/18 [======================>.......] - ETA: 1:35 - loss: 0.0216 - acc: 0.9978
15/18 [========================>.....] - ETA: 1:11 - loss: 0.0208 - acc: 0.9979
16/18 [=========================>....] - ETA: 47s - loss: 0.0199 - acc: 0.9980 
17/18 [===========================>..] - ETA: 23s - loss: 0.0194 - acc: 0.9982
18/18 [==============================] - 489s 27s/step - loss: 0.0189 - acc: 0.9983 - val_loss: 0.2607 - val_acc: 0.9333
Epoch 38/50

 1/18 [>.............................] - ETA: 8:23 - loss: 0.0074 - acc: 1.0000
 2/18 [==>...........................] - ETA: 7:28 - loss: 0.0357 - acc: 0.9844
 3/18 [====>.........................] - ETA: 6:50 - loss: 0.0364 - acc: 0.9844
 4/18 [=====>........................] - ETA: 6:14 - loss: 0.0320 - acc: 0.9883
 5/18 [=======>......................] - ETA: 5:42 - loss: 0.0291 - acc: 0.9906
 6/18 [=========>....................] - ETA: 5:11 - loss: 0.0277 - acc: 0.9922
 7/18 [==========>...................] - ETA: 4:42 - loss: 0.0294 - acc: 0.9888
 8/18 [============>.................] - ETA: 4:14 - loss: 0.0351 - acc: 0.9883
 9/18 [==============>...............] - ETA: 3:48 - loss: 0.0339 - acc: 0.9878
10/18 [===============>..............] - ETA: 3:21 - loss: 0.0318 - acc: 0.9891
11/18 [=================>............] - ETA: 2:55 - loss: 0.0296 - acc: 0.9901
12/18 [===================>..........] - ETA: 2:30 - loss: 0.0280 - acc: 0.9909
13/18 [====================>.........] - ETA: 2:04 - loss: 0.0271 - acc: 0.9916
14/18 [======================>.......] - ETA: 1:39 - loss: 0.0274 - acc: 0.9922
15/18 [========================>.....] - ETA: 1:14 - loss: 0.0267 - acc: 0.9927
16/18 [=========================>....] - ETA: 49s - loss: 0.0268 - acc: 0.9922 
17/18 [===========================>..] - ETA: 24s - loss: 0.0260 - acc: 0.9926
18/18 [==============================] - 464s 26s/step - loss: 0.0263 - acc: 0.9931 - val_loss: 0.2471 - val_acc: 0.9467
Epoch 39/50

 1/18 [>.............................] - ETA: 6:53 - loss: 0.0287 - acc: 1.0000
 2/18 [==>...........................] - ETA: 6:25 - loss: 0.0168 - acc: 1.0000
 3/18 [====>.........................] - ETA: 5:59 - loss: 0.0122 - acc: 1.0000
 4/18 [=====>........................] - ETA: 5:34 - loss: 0.0202 - acc: 0.9961
 5/18 [=======>......................] - ETA: 5:09 - loss: 0.0284 - acc: 0.9906
 6/18 [=========>....................] - ETA: 4:48 - loss: 0.0341 - acc: 0.9870
 7/18 [==========>...................] - ETA: 4:49 - loss: 0.0301 - acc: 0.9888
 8/18 [============>.................] - ETA: 4:38 - loss: 0.0293 - acc: 0.9883
 9/18 [==============>...............] - ETA: 4:17 - loss: 0.0268 - acc: 0.9896
10/18 [===============>..............] - ETA: 3:48 - loss: 0.0276 - acc: 0.9891
11/18 [=================>............] - ETA: 3:17 - loss: 0.0285 - acc: 0.9886
12/18 [===================>..........] - ETA: 2:47 - loss: 0.0295 - acc: 0.9883
13/18 [====================>.........] - ETA: 2:18 - loss: 0.0284 - acc: 0.9892
14/18 [======================>.......] - ETA: 1:49 - loss: 0.0270 - acc: 0.9900
15/18 [========================>.....] - ETA: 1:21 - loss: 0.0264 - acc: 0.9906
16/18 [=========================>....] - ETA: 54s - loss: 0.0274 - acc: 0.9902 
17/18 [===========================>..] - ETA: 26s - loss: 0.0269 - acc: 0.9908
18/18 [==============================] - 506s 28s/step - loss: 0.0263 - acc: 0.9913 - val_loss: 0.2518 - val_acc: 0.9333

Epoch 00039: ReduceLROnPlateau reducing learning rate to 0.0010000000474974513.
Epoch 40/50

 1/18 [>.............................] - ETA: 5:05 - loss: 0.0239 - acc: 1.0000
 2/18 [==>...........................] - ETA: 5:37 - loss: 0.0188 - acc: 1.0000
 3/18 [====>.........................] - ETA: 5:31 - loss: 0.0170 - acc: 1.0000
 4/18 [=====>........................] - ETA: 5:16 - loss: 0.0208 - acc: 0.9961
 5/18 [=======>......................] - ETA: 4:57 - loss: 0.0210 - acc: 0.9938
 6/18 [=========>....................] - ETA: 4:37 - loss: 0.0205 - acc: 0.9948
 7/18 [==========>...................] - ETA: 4:15 - loss: 0.0185 - acc: 0.9955
 8/18 [============>.................] - ETA: 3:53 - loss: 0.0181 - acc: 0.9961
 9/18 [==============>...............] - ETA: 3:30 - loss: 0.0194 - acc: 0.9948
10/18 [===============>..............] - ETA: 3:07 - loss: 0.0179 - acc: 0.9953
11/18 [=================>............] - ETA: 2:43 - loss: 0.0171 - acc: 0.9957
12/18 [===================>..........] - ETA: 2:20 - loss: 0.0162 - acc: 0.9961
13/18 [====================>.........] - ETA: 2:03 - loss: 0.0154 - acc: 0.9964
14/18 [======================>.......] - ETA: 1:42 - loss: 0.0147 - acc: 0.9967
15/18 [========================>.....] - ETA: 1:18 - loss: 0.0159 - acc: 0.9948
16/18 [=========================>....] - ETA: 52s - loss: 0.0159 - acc: 0.9951 
17/18 [===========================>..] - ETA: 26s - loss: 0.0154 - acc: 0.9954
18/18 [==============================] - 499s 28s/step - loss: 0.0167 - acc: 0.9948 - val_loss: 0.2474 - val_acc: 0.9367
Epoch 41/50

 1/18 [>.............................] - ETA: 6:57 - loss: 0.0089 - acc: 1.0000
 2/18 [==>...........................] - ETA: 5:47 - loss: 0.0260 - acc: 0.9896
 3/18 [====>.........................] - ETA: 5:41 - loss: 0.0195 - acc: 0.9931
 4/18 [=====>........................] - ETA: 5:24 - loss: 0.0158 - acc: 0.9948
 5/18 [=======>......................] - ETA: 5:04 - loss: 0.0176 - acc: 0.9927
 6/18 [=========>....................] - ETA: 4:42 - loss: 0.0156 - acc: 0.9939
 7/18 [==========>...................] - ETA: 4:20 - loss: 0.0370 - acc: 0.9903
 8/18 [============>.................] - ETA: 3:57 - loss: 0.0335 - acc: 0.9915
 9/18 [==============>...............] - ETA: 3:34 - loss: 0.0333 - acc: 0.9925
10/18 [===============>..............] - ETA: 3:10 - loss: 0.0339 - acc: 0.9901
11/18 [=================>............] - ETA: 2:47 - loss: 0.0312 - acc: 0.9910
12/18 [===================>..........] - ETA: 2:23 - loss: 0.0294 - acc: 0.9918
13/18 [====================>.........] - ETA: 1:59 - loss: 0.0304 - acc: 0.9912
14/18 [======================>.......] - ETA: 1:35 - loss: 0.0295 - acc: 0.9918
15/18 [========================>.....] - ETA: 1:11 - loss: 0.0287 - acc: 0.9924
16/18 [=========================>....] - ETA: 47s - loss: 0.0291 - acc: 0.9919 
17/18 [===========================>..] - ETA: 23s - loss: 0.0296 - acc: 0.9914
18/18 [==============================] - 480s 27s/step - loss: 0.0294 - acc: 0.9910 - val_loss: 0.2385 - val_acc: 0.9300
Epoch 42/50

 1/18 [>.............................] - ETA: 10:26 - loss: 0.0232 - acc: 1.0000
 2/18 [==>...........................] - ETA: 9:07 - loss: 0.0473 - acc: 0.9844 
 3/18 [====>.........................] - ETA: 7:25 - loss: 0.0374 - acc: 0.9896
 4/18 [=====>........................] - ETA: 6:40 - loss: 0.0318 - acc: 0.9922
 5/18 [=======>......................] - ETA: 6:01 - loss: 0.0318 - acc: 0.9938
 6/18 [=========>....................] - ETA: 5:27 - loss: 0.0278 - acc: 0.9948
 7/18 [==========>...................] - ETA: 4:55 - loss: 0.0252 - acc: 0.9955
 8/18 [============>.................] - ETA: 4:25 - loss: 0.0241 - acc: 0.9961
 9/18 [==============>...............] - ETA: 3:57 - loss: 0.0234 - acc: 0.9965
10/18 [===============>..............] - ETA: 3:29 - loss: 0.0215 - acc: 0.9969
11/18 [=================>............] - ETA: 3:01 - loss: 0.0219 - acc: 0.9972
12/18 [===================>..........] - ETA: 2:35 - loss: 0.0211 - acc: 0.9974
13/18 [====================>.........] - ETA: 2:08 - loss: 0.0228 - acc: 0.9964
14/18 [======================>.......] - ETA: 1:42 - loss: 0.0231 - acc: 0.9955
15/18 [========================>.....] - ETA: 1:16 - loss: 0.0224 - acc: 0.9958
16/18 [=========================>....] - ETA: 50s - loss: 0.0216 - acc: 0.9961 
17/18 [===========================>..] - ETA: 25s - loss: 0.0208 - acc: 0.9963
18/18 [==============================] - 481s 27s/step - loss: 0.0205 - acc: 0.9965 - val_loss: 0.2363 - val_acc: 0.9400
Epoch 43/50

 1/18 [>.............................] - ETA: 6:48 - loss: 0.0091 - acc: 1.0000
 2/18 [==>...........................] - ETA: 6:23 - loss: 0.0199 - acc: 0.9922
 3/18 [====>.........................] - ETA: 5:59 - loss: 0.0145 - acc: 0.9948
 4/18 [=====>........................] - ETA: 5:59 - loss: 0.0149 - acc: 0.9961
 5/18 [=======>......................] - ETA: 6:30 - loss: 0.0252 - acc: 0.9938
 6/18 [=========>....................] - ETA: 6:34 - loss: 0.0257 - acc: 0.9922
 7/18 [==========>...................] - ETA: 6:16 - loss: 0.0364 - acc: 0.9866
 8/18 [============>.................] - ETA: 5:47 - loss: 0.0323 - acc: 0.9883
 9/18 [==============>...............] - ETA: 5:16 - loss: 0.0301 - acc: 0.9896
10/18 [===============>..............] - ETA: 4:40 - loss: 0.0281 - acc: 0.9906
11/18 [=================>............] - ETA: 4:06 - loss: 0.0312 - acc: 0.9901
12/18 [===================>..........] - ETA: 3:30 - loss: 0.0299 - acc: 0.9909
13/18 [====================>.........] - ETA: 2:56 - loss: 0.0283 - acc: 0.9916
14/18 [======================>.......] - ETA: 2:20 - loss: 0.0265 - acc: 0.9922
15/18 [========================>.....] - ETA: 1:45 - loss: 0.0254 - acc: 0.9927
16/18 [=========================>....] - ETA: 1:10 - loss: 0.0241 - acc: 0.9932
17/18 [===========================>..] - ETA: 35s - loss: 0.0245 - acc: 0.9936 
18/18 [==============================] - 671s 37s/step - loss: 0.0246 - acc: 0.9931 - val_loss: 0.2477 - val_acc: 0.9333
Epoch 44/50

 1/18 [>.............................] - ETA: 10:12 - loss: 0.0146 - acc: 1.0000
 2/18 [==>...........................] - ETA: 9:13 - loss: 0.0117 - acc: 1.0000 
 3/18 [====>.........................] - ETA: 8:44 - loss: 0.0201 - acc: 0.9948
 4/18 [=====>........................] - ETA: 8:05 - loss: 0.0172 - acc: 0.9961
 5/18 [=======>......................] - ETA: 7:34 - loss: 0.0262 - acc: 0.9927
 6/18 [=========>....................] - ETA: 7:25 - loss: 0.0301 - acc: 0.9913
 7/18 [==========>...................] - ETA: 7:04 - loss: 0.0264 - acc: 0.9926
 8/18 [============>.................] - ETA: 6:32 - loss: 0.0264 - acc: 0.9915
 9/18 [==============>...............] - ETA: 5:53 - loss: 0.0239 - acc: 0.9925
10/18 [===============>..............] - ETA: 5:11 - loss: 0.0223 - acc: 0.9932
11/18 [=================>............] - ETA: 4:31 - loss: 0.0225 - acc: 0.9938
12/18 [===================>..........] - ETA: 3:50 - loss: 0.0212 - acc: 0.9944
13/18 [====================>.........] - ETA: 3:10 - loss: 0.0199 - acc: 0.9948
14/18 [======================>.......] - ETA: 2:31 - loss: 0.0199 - acc: 0.9952
15/18 [========================>.....] - ETA: 1:53 - loss: 0.0191 - acc: 0.9955
16/18 [=========================>....] - ETA: 1:15 - loss: 0.0181 - acc: 0.9958
17/18 [===========================>..] - ETA: 37s - loss: 0.0175 - acc: 0.9960 
18/18 [==============================] - 708s 39s/step - loss: 0.0169 - acc: 0.9963 - val_loss: 0.2542 - val_acc: 0.9300
Using TensorFlow backend.

Epoch 00044: ReduceLROnPlateau reducing learning rate to 0.0005000000237487257.
Epoch 00044: early stopping
[INFO] evaluating network...
              precision    recall  f1-score   support

     Bedroom       0.93      0.93      0.93       116
       Coast       0.95      0.87      0.91       260
      Forest       0.93      0.99      0.96       228
     Highway       0.94      0.94      0.94       160
  Industrial       0.94      0.91      0.92       211
  InsideCity       0.86      0.95      0.91       208
     Kitchen       0.93      0.96      0.95       110
  LivingRoom       0.95      0.92      0.93       189
    Mountain       0.96      0.86      0.91       274
      Office       0.97      0.97      0.97       115
 OpenCountry       0.81      0.91      0.86       310
       Store       0.96      0.99      0.98       215
      Street       0.95      0.96      0.96       192
      Suburb       0.99      0.99      0.99       141
TallBuilding       0.98      0.89      0.93       256

 avg / total       0.93      0.93      0.93      2985

Accuracy: 0.9289782244556114
[[108   0   0   0   0   0   1   6   0   1   0   0   0   0   0]
 [  0 225   1   1   0   0   0   0   2   0  31   0   0   0   0]
 [  0   0 225   0   0   0   0   0   1   0   2   0   0   0   0]
 [  0   1   0 151   4   0   0   0   0   0   1   0   3   0   0]
 [  0   0   0   4 192   7   0   0   0   0   3   3   1   1   0]
 [  0   0   0   0   2 198   2   0   0   0   0   0   4   1   1]
 [  1   0   0   0   0   0 106   2   0   0   0   1   0   0   0]
 [  6   0   0   0   0   1   4 173   0   2   0   3   0   0   0]
 [  0   1   5   1   0   0   0   0 237   0  30   0   0   0   0]
 [  0   0   0   0   0   0   1   2   0 112   0   0   0   0   0]
 [  0   9  10   2   0   0   0   0   7   0 282   0   0   0   0]
 [  1   0   0   0   1   0   0   0   0   0   0 213   0   0   0]
 [  0   0   0   2   0   2   0   0   0   0   0   1 184   0   3]
 [  0   0   0   0   0   1   0   0   0   0   0   0   0 140   0]
 [  0   0   2   0   6  20   0   0   0   0   0   0   1   0 227]]
[INFO] serializing network and label binarizer...
[INFO] plotting and saving results...
Traceback (most recent call last):
  File "train.py", line 199, in <module>
    main()
  File "train.py", line 186, in main
    plt.plot(N, H.history["loss"], label="train_loss")
  File "/home/raphaelramos/.local/lib/python3.6/site-packages/matplotlib/pyplot.py", line 2813, in plot
    is not None else {}), **kwargs)
  File "/home/raphaelramos/.local/lib/python3.6/site-packages/matplotlib/__init__.py", line 1805, in inner
    return func(ax, *args, **kwargs)
  File "/home/raphaelramos/.local/lib/python3.6/site-packages/matplotlib/axes/_axes.py", line 1603, in plot
    for line in self._get_lines(*args, **kwargs):
  File "/home/raphaelramos/.local/lib/python3.6/site-packages/matplotlib/axes/_base.py", line 393, in _grab_next_args
    yield from self._plot_args(this, kwargs)
  File "/home/raphaelramos/.local/lib/python3.6/site-packages/matplotlib/axes/_base.py", line 370, in _plot_args
    x, y = self._xy_from_xy(x, y)
  File "/home/raphaelramos/.local/lib/python3.6/site-packages/matplotlib/axes/_base.py", line 231, in _xy_from_xy
    "have shapes {} and {}".format(x.shape, y.shape))
ValueError: x and y must have same first dimension, but have shapes (50,) and (44,)
