2018-11-10 20:06:20.544301: I tensorflow/core/platform/cpu_feature_guard.cc:141] Your CPU supports instructions that this TensorFlow binary was not compiled to use: AVX2 FMA
[INFO] loading images...
[INFO] training network...
Epoch 1/40

 1/18 [>.............................] - ETA: 20:58 - loss: 2.8458 - acc: 0.1094
 2/18 [==>...........................] - ETA: 15:55 - loss: 2.8386 - acc: 0.0859
 3/18 [====>.........................] - ETA: 13:45 - loss: 2.7931 - acc: 0.0677
 4/18 [=====>........................] - ETA: 12:15 - loss: 2.8046 - acc: 0.0625
 5/18 [=======>......................] - ETA: 11:01 - loss: 2.8120 - acc: 0.0688
 6/18 [=========>....................] - ETA: 9:58 - loss: 2.7977 - acc: 0.0729 
 7/18 [==========>...................] - ETA: 9:00 - loss: 2.8056 - acc: 0.0692
 8/18 [============>.................] - ETA: 8:05 - loss: 2.8011 - acc: 0.0684
 9/18 [==============>...............] - ETA: 7:12 - loss: 2.7954 - acc: 0.0677
10/18 [===============>..............] - ETA: 6:21 - loss: 2.7931 - acc: 0.0656
11/18 [=================>............] - ETA: 5:32 - loss: 2.7978 - acc: 0.0639
12/18 [===================>..........] - ETA: 4:43 - loss: 2.7930 - acc: 0.0677
13/18 [====================>.........] - ETA: 3:55 - loss: 2.7910 - acc: 0.0649
14/18 [======================>.......] - ETA: 3:07 - loss: 2.7781 - acc: 0.0703
15/18 [========================>.....] - ETA: 2:20 - loss: 2.7714 - acc: 0.0708
16/18 [=========================>....] - ETA: 1:33 - loss: 2.7612 - acc: 0.0781
17/18 [===========================>..] - ETA: 46s - loss: 2.7544 - acc: 0.0809 
18/18 [==============================] - 889s 49s/step - loss: 2.7493 - acc: 0.0833 - val_loss: 2.6145 - val_acc: 0.1733
Epoch 2/40

 1/18 [>.............................] - ETA: 9:54 - loss: 2.6507 - acc: 0.1458
 2/18 [==>...........................] - ETA: 12:33 - loss: 2.6174 - acc: 0.1901
 3/18 [====>.........................] - ETA: 12:47 - loss: 2.6394 - acc: 0.1788
 4/18 [=====>........................] - ETA: 12:24 - loss: 2.6440 - acc: 0.1497
 5/18 [=======>......................] - ETA: 11:46 - loss: 2.6265 - acc: 0.1542
 6/18 [=========>....................] - ETA: 11:04 - loss: 2.6201 - acc: 0.1415
 7/18 [==========>...................] - ETA: 10:18 - loss: 2.6130 - acc: 0.1436
 8/18 [============>.................] - ETA: 9:26 - loss: 2.6036 - acc: 0.1471 
 9/18 [==============>...............] - ETA: 8:33 - loss: 2.5966 - acc: 0.1499
10/18 [===============>..............] - ETA: 7:39 - loss: 2.5905 - acc: 0.1490
11/18 [=================>............] - ETA: 6:43 - loss: 2.5881 - acc: 0.1539
12/18 [===================>..........] - ETA: 5:46 - loss: 2.5800 - acc: 0.1580
13/18 [====================>.........] - ETA: 4:50 - loss: 2.5689 - acc: 0.1627
14/18 [======================>.......] - ETA: 3:53 - loss: 2.5595 - acc: 0.1734
15/18 [========================>.....] - ETA: 2:55 - loss: 2.5486 - acc: 0.1837
16/18 [=========================>....] - ETA: 1:57 - loss: 2.5442 - acc: 0.1849
17/18 [===========================>..] - ETA: 58s - loss: 2.5332 - acc: 0.1915 
18/18 [==============================] - 1124s 62s/step - loss: 2.5248 - acc: 0.1965 - val_loss: 2.3361 - val_acc: 0.4700
Epoch 3/40

 1/18 [>.............................] - ETA: 17:14 - loss: 2.3588 - acc: 0.3125
 2/18 [==>...........................] - ETA: 14:07 - loss: 2.3873 - acc: 0.2708
 3/18 [====>.........................] - ETA: 13:53 - loss: 2.3564 - acc: 0.3160
 4/18 [=====>........................] - ETA: 13:12 - loss: 2.3459 - acc: 0.3229
 5/18 [=======>......................] - ETA: 12:30 - loss: 2.3164 - acc: 0.3552
 6/18 [=========>....................] - ETA: 11:39 - loss: 2.3045 - acc: 0.3533
 7/18 [==========>...................] - ETA: 10:47 - loss: 2.2928 - acc: 0.3676
 8/18 [============>.................] - ETA: 9:50 - loss: 2.2769 - acc: 0.3724 
 9/18 [==============>...............] - ETA: 8:52 - loss: 2.2765 - acc: 0.3779
10/18 [===============>..............] - ETA: 7:54 - loss: 2.2677 - acc: 0.3839
11/18 [=================>............] - ETA: 6:55 - loss: 2.2491 - acc: 0.3902
12/18 [===================>..........] - ETA: 5:56 - loss: 2.2273 - acc: 0.4032
13/18 [====================>.........] - ETA: 4:57 - loss: 2.2157 - acc: 0.4083
14/18 [======================>.......] - ETA: 3:58 - loss: 2.2051 - acc: 0.4126
15/18 [========================>.....] - ETA: 2:58 - loss: 2.1870 - acc: 0.4194
16/18 [=========================>....] - ETA: 1:59 - loss: 2.1685 - acc: 0.4303
17/18 [===========================>..] - ETA: 59s - loss: 2.1508 - acc: 0.4436 
18/18 [==============================] - 1144s 64s/step - loss: 2.1264 - acc: 0.4582 - val_loss: 1.8061 - val_acc: 0.6867
Epoch 4/40

 1/18 [>.............................] - ETA: 17:01 - loss: 1.8104 - acc: 0.5781
 2/18 [==>...........................] - ETA: 16:02 - loss: 1.8137 - acc: 0.5703
 3/18 [====>.........................] - ETA: 13:50 - loss: 1.7697 - acc: 0.5747
 4/18 [=====>........................] - ETA: 13:07 - loss: 1.7245 - acc: 0.5911
 5/18 [=======>......................] - ETA: 12:20 - loss: 1.7335 - acc: 0.5760
 6/18 [=========>....................] - ETA: 11:32 - loss: 1.6930 - acc: 0.5998
 7/18 [==========>...................] - ETA: 10:38 - loss: 1.6478 - acc: 0.6324
 8/18 [============>.................] - ETA: 9:42 - loss: 1.6251 - acc: 0.6315 
 9/18 [==============>...............] - ETA: 8:50 - loss: 1.6016 - acc: 0.6412
10/18 [===============>..............] - ETA: 7:52 - loss: 1.5770 - acc: 0.6521
11/18 [=================>............] - ETA: 6:53 - loss: 1.5560 - acc: 0.6581
12/18 [===================>..........] - ETA: 5:54 - loss: 1.5226 - acc: 0.6671
13/18 [====================>.........] - ETA: 4:56 - loss: 1.5061 - acc: 0.6711
14/18 [======================>.......] - ETA: 3:57 - loss: 1.4830 - acc: 0.6745
15/18 [========================>.....] - ETA: 2:58 - loss: 1.4588 - acc: 0.6795
16/18 [=========================>....] - ETA: 1:58 - loss: 1.4391 - acc: 0.6790
17/18 [===========================>..] - ETA: 59s - loss: 1.4193 - acc: 0.6805 
18/18 [==============================] - 1138s 63s/step - loss: 1.3963 - acc: 0.6853 - val_loss: 1.0727 - val_acc: 0.7567
Epoch 5/40

 1/18 [>.............................] - ETA: 17:50 - loss: 1.0531 - acc: 0.7344
 2/18 [==>...........................] - ETA: 16:30 - loss: 1.0200 - acc: 0.7109
 3/18 [====>.........................] - ETA: 15:21 - loss: 0.9704 - acc: 0.7396
 4/18 [=====>........................] - ETA: 13:31 - loss: 0.9358 - acc: 0.7526
 5/18 [=======>......................] - ETA: 12:39 - loss: 0.9304 - acc: 0.7646
 6/18 [=========>....................] - ETA: 11:45 - loss: 0.8915 - acc: 0.7804
 7/18 [==========>...................] - ETA: 10:52 - loss: 0.8434 - acc: 0.7939
 8/18 [============>.................] - ETA: 9:53 - loss: 0.8333 - acc: 0.7962 
 9/18 [==============>...............] - ETA: 8:54 - loss: 0.8104 - acc: 0.7980
10/18 [===============>..............] - ETA: 7:57 - loss: 0.7962 - acc: 0.8042
11/18 [=================>............] - ETA: 6:57 - loss: 0.7769 - acc: 0.8063
12/18 [===================>..........] - ETA: 5:59 - loss: 0.7734 - acc: 0.8003
13/18 [====================>.........] - ETA: 5:00 - loss: 0.7700 - acc: 0.7965
14/18 [======================>.......] - ETA: 4:00 - loss: 0.7538 - acc: 0.8021
15/18 [========================>.....] - ETA: 3:00 - loss: 0.7393 - acc: 0.8059
16/18 [=========================>....] - ETA: 2:00 - loss: 0.7339 - acc: 0.8102
17/18 [===========================>..] - ETA: 1:00 - loss: 0.7333 - acc: 0.8067
18/18 [==============================] - 1150s 64s/step - loss: 0.7250 - acc: 0.8044 - val_loss: 0.7047 - val_acc: 0.7867
Epoch 6/40

 1/18 [>.............................] - ETA: 17:37 - loss: 0.6082 - acc: 0.7969
 2/18 [==>...........................] - ETA: 16:17 - loss: 0.5195 - acc: 0.8516
 3/18 [====>.........................] - ETA: 15:10 - loss: 0.5087 - acc: 0.8542
 4/18 [=====>........................] - ETA: 14:15 - loss: 0.5408 - acc: 0.8320
 5/18 [=======>......................] - ETA: 12:39 - loss: 0.5070 - acc: 0.8573
 6/18 [=========>....................] - ETA: 11:45 - loss: 0.4787 - acc: 0.8655
 7/18 [==========>...................] - ETA: 10:49 - loss: 0.4860 - acc: 0.8624
 8/18 [============>.................] - ETA: 9:51 - loss: 0.4725 - acc: 0.8620 
 9/18 [==============>...............] - ETA: 8:53 - loss: 0.4807 - acc: 0.8530
10/18 [===============>..............] - ETA: 7:56 - loss: 0.5030 - acc: 0.8380
11/18 [=================>............] - ETA: 6:57 - loss: 0.4911 - acc: 0.8414
12/18 [===================>..........] - ETA: 5:58 - loss: 0.4740 - acc: 0.8494
13/18 [====================>.........] - ETA: 4:59 - loss: 0.4651 - acc: 0.8526
14/18 [======================>.......] - ETA: 3:59 - loss: 0.4558 - acc: 0.8564
15/18 [========================>.....] - ETA: 3:00 - loss: 0.4406 - acc: 0.8608
16/18 [=========================>....] - ETA: 2:00 - loss: 0.4417 - acc: 0.8626
17/18 [===========================>..] - ETA: 1:00 - loss: 0.4404 - acc: 0.8643
18/18 [==============================] - 1153s 64s/step - loss: 0.4336 - acc: 0.8683 - val_loss: 0.5205 - val_acc: 0.8233
Epoch 7/40

 1/18 [>.............................] - ETA: 17:17 - loss: 0.4264 - acc: 0.9062
 2/18 [==>...........................] - ETA: 16:25 - loss: 0.3011 - acc: 0.9375
 3/18 [====>.........................] - ETA: 15:19 - loss: 0.3238 - acc: 0.9167
 4/18 [=====>........................] - ETA: 14:12 - loss: 0.3514 - acc: 0.8984
 5/18 [=======>......................] - ETA: 13:13 - loss: 0.3275 - acc: 0.9031
 6/18 [=========>....................] - ETA: 11:43 - loss: 0.3231 - acc: 0.9054
 7/18 [==========>...................] - ETA: 10:47 - loss: 0.3209 - acc: 0.9077
 8/18 [============>.................] - ETA: 9:54 - loss: 0.3101 - acc: 0.9095 
 9/18 [==============>...............] - ETA: 8:55 - loss: 0.2951 - acc: 0.9109
10/18 [===============>..............] - ETA: 7:56 - loss: 0.2961 - acc: 0.9089
11/18 [=================>............] - ETA: 6:57 - loss: 0.2886 - acc: 0.9086
12/18 [===================>..........] - ETA: 5:58 - loss: 0.2797 - acc: 0.9097
13/18 [====================>.........] - ETA: 4:59 - loss: 0.2790 - acc: 0.9107
14/18 [======================>.......] - ETA: 3:59 - loss: 0.2702 - acc: 0.9137
15/18 [========================>.....] - ETA: 3:00 - loss: 0.2616 - acc: 0.9174
16/18 [=========================>....] - ETA: 2:00 - loss: 0.2543 - acc: 0.9215
17/18 [===========================>..] - ETA: 1:00 - loss: 0.2540 - acc: 0.9225
18/18 [==============================] - 1153s 64s/step - loss: 0.2530 - acc: 0.9225 - val_loss: 0.3643 - val_acc: 0.9000
Epoch 8/40

 1/18 [>.............................] - ETA: 16:37 - loss: 0.1151 - acc: 1.0000
 2/18 [==>...........................] - ETA: 15:48 - loss: 0.1381 - acc: 0.9766
 3/18 [====>.........................] - ETA: 15:01 - loss: 0.1773 - acc: 0.9531
 4/18 [=====>........................] - ETA: 14:02 - loss: 0.1968 - acc: 0.9453
 5/18 [=======>......................] - ETA: 13:02 - loss: 0.2003 - acc: 0.9375
 6/18 [=========>....................] - ETA: 12:04 - loss: 0.2241 - acc: 0.9193
 7/18 [==========>...................] - ETA: 10:41 - loss: 0.2255 - acc: 0.9189
 8/18 [============>.................] - ETA: 9:47 - loss: 0.2170 - acc: 0.9212 
 9/18 [==============>...............] - ETA: 8:49 - loss: 0.2080 - acc: 0.9248
10/18 [===============>..............] - ETA: 7:51 - loss: 0.2035 - acc: 0.9292
11/18 [=================>............] - ETA: 6:51 - loss: 0.2004 - acc: 0.9328
12/18 [===================>..........] - ETA: 5:45 - loss: 0.1959 - acc: 0.9358
13/18 [====================>.........] - ETA: 4:43 - loss: 0.1913 - acc: 0.9383
14/18 [======================>.......] - ETA: 3:43 - loss: 0.1833 - acc: 0.9427
15/18 [========================>.....] - ETA: 2:45 - loss: 0.1824 - acc: 0.9413
16/18 [=========================>....] - ETA: 1:49 - loss: 0.1839 - acc: 0.9411
17/18 [===========================>..] - ETA: 54s - loss: 0.1830 - acc: 0.9427 
18/18 [==============================] - 1043s 58s/step - loss: 0.1836 - acc: 0.9416 - val_loss: 0.3269 - val_acc: 0.9133
Epoch 9/40

 1/18 [>.............................] - ETA: 17:32 - loss: 0.0890 - acc: 0.9688
 2/18 [==>...........................] - ETA: 16:23 - loss: 0.1557 - acc: 0.9453
 3/18 [====>.........................] - ETA: 15:19 - loss: 0.1546 - acc: 0.9479
 4/18 [=====>........................] - ETA: 14:19 - loss: 0.1463 - acc: 0.9492
 5/18 [=======>......................] - ETA: 13:17 - loss: 0.1559 - acc: 0.9500
 6/18 [=========>....................] - ETA: 12:17 - loss: 0.1700 - acc: 0.9427
 7/18 [==========>...................] - ETA: 11:15 - loss: 0.1733 - acc: 0.9420
 8/18 [============>.................] - ETA: 9:57 - loss: 0.1705 - acc: 0.9414 
 9/18 [==============>...............] - ETA: 8:58 - loss: 0.1646 - acc: 0.9444
10/18 [===============>..............] - ETA: 8:01 - loss: 0.1556 - acc: 0.9500
11/18 [=================>............] - ETA: 7:02 - loss: 0.1511 - acc: 0.9531
12/18 [===================>..........] - ETA: 6:02 - loss: 0.1466 - acc: 0.9544
13/18 [====================>.........] - ETA: 5:02 - loss: 0.1492 - acc: 0.9555
14/18 [======================>.......] - ETA: 4:02 - loss: 0.1497 - acc: 0.9554
15/18 [========================>.....] - ETA: 3:02 - loss: 0.1442 - acc: 0.9583
16/18 [=========================>....] - ETA: 2:01 - loss: 0.1433 - acc: 0.9600
17/18 [===========================>..] - ETA: 59s - loss: 0.1433 - acc: 0.9596 
18/18 [==============================] - 1117s 62s/step - loss: 0.1455 - acc: 0.9592 - val_loss: 0.2907 - val_acc: 0.9267
Epoch 10/40

 1/18 [>.............................] - ETA: 12:50 - loss: 0.1228 - acc: 0.9531
 2/18 [==>...........................] - ETA: 12:05 - loss: 0.1239 - acc: 0.9609
 3/18 [====>.........................] - ETA: 12:20 - loss: 0.1564 - acc: 0.9479
 4/18 [=====>........................] - ETA: 12:02 - loss: 0.1485 - acc: 0.9492
 5/18 [=======>......................] - ETA: 11:25 - loss: 0.1392 - acc: 0.9531
 6/18 [=========>....................] - ETA: 10:39 - loss: 0.1569 - acc: 0.9427
 7/18 [==========>...................] - ETA: 9:53 - loss: 0.1495 - acc: 0.9442 
 8/18 [============>.................] - ETA: 9:05 - loss: 0.1445 - acc: 0.9473
 9/18 [==============>...............] - ETA: 7:59 - loss: 0.1497 - acc: 0.9485
10/18 [===============>..............] - ETA: 7:11 - loss: 0.1492 - acc: 0.9490
11/18 [=================>............] - ETA: 6:19 - loss: 0.1487 - acc: 0.9479
12/18 [===================>..........] - ETA: 5:27 - loss: 0.1408 - acc: 0.9523
13/18 [====================>.........] - ETA: 4:33 - loss: 0.1349 - acc: 0.9535
14/18 [======================>.......] - ETA: 3:39 - loss: 0.1342 - acc: 0.9546
15/18 [========================>.....] - ETA: 2:45 - loss: 0.1300 - acc: 0.9556
16/18 [=========================>....] - ETA: 1:50 - loss: 0.1233 - acc: 0.9583
17/18 [===========================>..] - ETA: 55s - loss: 0.1223 - acc: 0.9580 
18/18 [==============================] - 1063s 59s/step - loss: 0.1196 - acc: 0.9595 - val_loss: 0.3077 - val_acc: 0.9200
Epoch 11/40

 1/18 [>.............................] - ETA: 16:00 - loss: 0.1907 - acc: 0.9375
 2/18 [==>...........................] - ETA: 15:06 - loss: 0.1124 - acc: 0.9688
 3/18 [====>.........................] - ETA: 14:20 - loss: 0.1336 - acc: 0.9688
 4/18 [=====>........................] - ETA: 13:23 - loss: 0.1322 - acc: 0.9688
 5/18 [=======>......................] - ETA: 12:22 - loss: 0.1162 - acc: 0.9719
 6/18 [=========>....................] - ETA: 11:28 - loss: 0.1242 - acc: 0.9661
 7/18 [==========>...................] - ETA: 10:33 - loss: 0.1216 - acc: 0.9688
 8/18 [============>.................] - ETA: 9:38 - loss: 0.1284 - acc: 0.9609 
 9/18 [==============>...............] - ETA: 8:47 - loss: 0.1204 - acc: 0.9635
10/18 [===============>..............] - ETA: 7:37 - loss: 0.1343 - acc: 0.9630
11/18 [=================>............] - ETA: 6:39 - loss: 0.1281 - acc: 0.9635
12/18 [===================>..........] - ETA: 5:43 - loss: 0.1279 - acc: 0.9614
13/18 [====================>.........] - ETA: 4:46 - loss: 0.1256 - acc: 0.9631
14/18 [======================>.......] - ETA: 3:49 - loss: 0.1201 - acc: 0.9647
15/18 [========================>.....] - ETA: 2:51 - loss: 0.1152 - acc: 0.9660
16/18 [=========================>....] - ETA: 1:54 - loss: 0.1097 - acc: 0.9681
17/18 [===========================>..] - ETA: 57s - loss: 0.1058 - acc: 0.9700 
18/18 [==============================] - 1097s 61s/step - loss: 0.1044 - acc: 0.9699 - val_loss: 0.2590 - val_acc: 0.9300
Epoch 12/40

 1/18 [>.............................] - ETA: 16:35 - loss: 0.0763 - acc: 0.9688
 2/18 [==>...........................] - ETA: 15:34 - loss: 0.0521 - acc: 0.9844
 3/18 [====>.........................] - ETA: 14:30 - loss: 0.0525 - acc: 0.9844
 4/18 [=====>........................] - ETA: 13:24 - loss: 0.0635 - acc: 0.9844
 5/18 [=======>......................] - ETA: 12:30 - loss: 0.0618 - acc: 0.9844
 6/18 [=========>....................] - ETA: 11:34 - loss: 0.0726 - acc: 0.9818
 7/18 [==========>...................] - ETA: 10:36 - loss: 0.0667 - acc: 0.9844
 8/18 [============>.................] - ETA: 9:36 - loss: 0.0760 - acc: 0.9844 
 9/18 [==============>...............] - ETA: 8:38 - loss: 0.0744 - acc: 0.9844
10/18 [===============>..............] - ETA: 7:41 - loss: 0.0791 - acc: 0.9828
11/18 [=================>............] - ETA: 6:34 - loss: 0.0959 - acc: 0.9768
12/18 [===================>..........] - ETA: 5:39 - loss: 0.0896 - acc: 0.9787
13/18 [====================>.........] - ETA: 4:43 - loss: 0.0857 - acc: 0.9804
14/18 [======================>.......] - ETA: 3:47 - loss: 0.0830 - acc: 0.9807
15/18 [========================>.....] - ETA: 2:52 - loss: 0.0790 - acc: 0.9819
16/18 [=========================>....] - ETA: 1:55 - loss: 0.0790 - acc: 0.9811
17/18 [===========================>..] - ETA: 57s - loss: 0.0774 - acc: 0.9813 
18/18 [==============================] - 1099s 61s/step - loss: 0.0783 - acc: 0.9807 - val_loss: 0.2581 - val_acc: 0.9267
Epoch 13/40

 1/18 [>.............................] - ETA: 16:16 - loss: 0.1328 - acc: 0.9531
 2/18 [==>...........................] - ETA: 15:18 - loss: 0.0896 - acc: 0.9609
 3/18 [====>.........................] - ETA: 14:15 - loss: 0.0920 - acc: 0.9635
 4/18 [=====>........................] - ETA: 13:24 - loss: 0.0765 - acc: 0.9688
 5/18 [=======>......................] - ETA: 12:25 - loss: 0.0789 - acc: 0.9656
 6/18 [=========>....................] - ETA: 11:27 - loss: 0.0735 - acc: 0.9688
 7/18 [==========>...................] - ETA: 10:28 - loss: 0.0704 - acc: 0.9710
 8/18 [============>.................] - ETA: 9:33 - loss: 0.0637 - acc: 0.9746 
 9/18 [==============>...............] - ETA: 8:36 - loss: 0.0582 - acc: 0.9774
10/18 [===============>..............] - ETA: 7:38 - loss: 0.0591 - acc: 0.9766
11/18 [=================>............] - ETA: 6:41 - loss: 0.0643 - acc: 0.9759
12/18 [===================>..........] - ETA: 5:37 - loss: 0.0627 - acc: 0.9761
13/18 [====================>.........] - ETA: 4:40 - loss: 0.0629 - acc: 0.9756
14/18 [======================>.......] - ETA: 3:45 - loss: 0.0663 - acc: 0.9751
15/18 [========================>.....] - ETA: 2:49 - loss: 0.0632 - acc: 0.9767
16/18 [=========================>....] - ETA: 1:53 - loss: 0.0611 - acc: 0.9772
17/18 [===========================>..] - ETA: 56s - loss: 0.0602 - acc: 0.9758 
18/18 [==============================] - 1086s 60s/step - loss: 0.0581 - acc: 0.9771 - val_loss: 0.2452 - val_acc: 0.9333
Epoch 14/40

 1/18 [>.............................] - ETA: 16:38 - loss: 0.1403 - acc: 0.9688
 2/18 [==>...........................] - ETA: 16:27 - loss: 0.1217 - acc: 0.9609
 3/18 [====>.........................] - ETA: 15:12 - loss: 0.0928 - acc: 0.9688
 4/18 [=====>........................] - ETA: 13:53 - loss: 0.1102 - acc: 0.9688
 5/18 [=======>......................] - ETA: 12:53 - loss: 0.0927 - acc: 0.9750
 6/18 [=========>....................] - ETA: 11:50 - loss: 0.0932 - acc: 0.9714
 7/18 [==========>...................] - ETA: 10:50 - loss: 0.0893 - acc: 0.9732
 8/18 [============>.................] - ETA: 9:49 - loss: 0.0876 - acc: 0.9707 
 9/18 [==============>...............] - ETA: 8:47 - loss: 0.0831 - acc: 0.9705
10/18 [===============>..............] - ETA: 7:49 - loss: 0.0834 - acc: 0.9688
11/18 [=================>............] - ETA: 6:51 - loss: 0.0817 - acc: 0.9702
12/18 [===================>..........] - ETA: 5:51 - loss: 0.0782 - acc: 0.9714
13/18 [====================>.........] - ETA: 4:47 - loss: 0.0733 - acc: 0.9736
14/18 [======================>.......] - ETA: 3:50 - loss: 0.0735 - acc: 0.9743
15/18 [========================>.....] - ETA: 2:52 - loss: 0.0699 - acc: 0.9750
16/18 [=========================>....] - ETA: 1:54 - loss: 0.0708 - acc: 0.9746
17/18 [===========================>..] - ETA: 57s - loss: 0.0682 - acc: 0.9761 
18/18 [==============================] - 1102s 61s/step - loss: 0.0658 - acc: 0.9774 - val_loss: 0.2449 - val_acc: 0.9267
Epoch 15/40

 1/18 [>.............................] - ETA: 15:46 - loss: 0.0149 - acc: 1.0000
 2/18 [==>...........................] - ETA: 15:02 - loss: 0.0128 - acc: 1.0000
 3/18 [====>.........................] - ETA: 14:15 - loss: 0.0440 - acc: 0.9948
 4/18 [=====>........................] - ETA: 13:19 - loss: 0.0389 - acc: 0.9961
 5/18 [=======>......................] - ETA: 12:17 - loss: 0.0509 - acc: 0.9906
 6/18 [=========>....................] - ETA: 11:26 - loss: 0.0465 - acc: 0.9922
 7/18 [==========>...................] - ETA: 10:33 - loss: 0.0447 - acc: 0.9933
 8/18 [============>.................] - ETA: 9:43 - loss: 0.0573 - acc: 0.9883 
 9/18 [==============>...............] - ETA: 8:44 - loss: 0.0592 - acc: 0.9861
10/18 [===============>..............] - ETA: 7:44 - loss: 0.0560 - acc: 0.9875
11/18 [=================>............] - ETA: 6:46 - loss: 0.0540 - acc: 0.9886
12/18 [===================>..........] - ETA: 5:48 - loss: 0.0523 - acc: 0.9883
13/18 [====================>.........] - ETA: 4:50 - loss: 0.0502 - acc: 0.9892
14/18 [======================>.......] - ETA: 3:48 - loss: 0.0495 - acc: 0.9900
15/18 [========================>.....] - ETA: 2:50 - loss: 0.0490 - acc: 0.9896
16/18 [=========================>....] - ETA: 1:53 - loss: 0.0467 - acc: 0.9902
17/18 [===========================>..] - ETA: 57s - loss: 0.0562 - acc: 0.9881 
18/18 [==============================] - 1089s 61s/step - loss: 0.0552 - acc: 0.9878 - val_loss: 0.2184 - val_acc: 0.9367
Epoch 16/40

 1/18 [>.............................] - ETA: 16:22 - loss: 0.0303 - acc: 1.0000
 2/18 [==>...........................] - ETA: 15:19 - loss: 0.0339 - acc: 1.0000
 3/18 [====>.........................] - ETA: 14:10 - loss: 0.0267 - acc: 1.0000
 4/18 [=====>........................] - ETA: 13:12 - loss: 0.0348 - acc: 1.0000
 5/18 [=======>......................] - ETA: 12:20 - loss: 0.0304 - acc: 1.0000
 6/18 [=========>....................] - ETA: 11:24 - loss: 0.0324 - acc: 0.9974
 7/18 [==========>...................] - ETA: 10:24 - loss: 0.0343 - acc: 0.9978
 8/18 [============>.................] - ETA: 9:31 - loss: 0.0375 - acc: 0.9961 
 9/18 [==============>...............] - ETA: 8:36 - loss: 0.0351 - acc: 0.9965
10/18 [===============>..............] - ETA: 7:39 - loss: 0.0377 - acc: 0.9953
11/18 [=================>............] - ETA: 6:41 - loss: 0.0352 - acc: 0.9957
12/18 [===================>..........] - ETA: 5:45 - loss: 0.0359 - acc: 0.9948
13/18 [====================>.........] - ETA: 4:49 - loss: 0.0346 - acc: 0.9952
14/18 [======================>.......] - ETA: 3:52 - loss: 0.0326 - acc: 0.9955
15/18 [========================>.....] - ETA: 2:51 - loss: 0.0356 - acc: 0.9944
16/18 [=========================>....] - ETA: 1:54 - loss: 0.0350 - acc: 0.9948
17/18 [===========================>..] - ETA: 57s - loss: 0.0343 - acc: 0.9951 
18/18 [==============================] - 1095s 61s/step - loss: 0.0334 - acc: 0.9954 - val_loss: 0.2218 - val_acc: 0.9400
Epoch 17/40

 1/18 [>.............................] - ETA: 16:22 - loss: 0.0323 - acc: 0.9844
 2/18 [==>...........................] - ETA: 15:09 - loss: 0.0214 - acc: 0.9922
 3/18 [====>.........................] - ETA: 14:22 - loss: 0.0288 - acc: 0.9896
 4/18 [=====>........................] - ETA: 13:27 - loss: 0.0330 - acc: 0.9922
 5/18 [=======>......................] - ETA: 12:26 - loss: 0.0313 - acc: 0.9938
 6/18 [=========>....................] - ETA: 11:24 - loss: 0.0324 - acc: 0.9922
 7/18 [==========>...................] - ETA: 10:30 - loss: 0.0438 - acc: 0.9911
 8/18 [============>.................] - ETA: 9:34 - loss: 0.0420 - acc: 0.9922 
 9/18 [==============>...............] - ETA: 8:35 - loss: 0.0384 - acc: 0.9931
10/18 [===============>..............] - ETA: 7:38 - loss: 0.0402 - acc: 0.9922
11/18 [=================>............] - ETA: 6:42 - loss: 0.0392 - acc: 0.9929
12/18 [===================>..........] - ETA: 5:45 - loss: 0.0380 - acc: 0.9922
13/18 [====================>.........] - ETA: 4:47 - loss: 0.0360 - acc: 0.9928
14/18 [======================>.......] - ETA: 3:49 - loss: 0.0344 - acc: 0.9933
15/18 [========================>.....] - ETA: 2:52 - loss: 0.0340 - acc: 0.9938
16/18 [=========================>....] - ETA: 1:53 - loss: 0.0431 - acc: 0.9902
17/18 [===========================>..] - ETA: 56s - loss: 0.0413 - acc: 0.9908 
18/18 [==============================] - 1089s 61s/step - loss: 0.0408 - acc: 0.9905 - val_loss: 0.2216 - val_acc: 0.9400
Epoch 18/40

 1/18 [>.............................] - ETA: 18:23 - loss: 0.0096 - acc: 1.0000
 2/18 [==>...........................] - ETA: 16:16 - loss: 0.0227 - acc: 0.9922
 3/18 [====>.........................] - ETA: 14:49 - loss: 0.0193 - acc: 0.9948
 4/18 [=====>........................] - ETA: 13:48 - loss: 0.0170 - acc: 0.9961
 5/18 [=======>......................] - ETA: 12:44 - loss: 0.0178 - acc: 0.9969
 6/18 [=========>....................] - ETA: 11:41 - loss: 0.0168 - acc: 0.9974
 7/18 [==========>...................] - ETA: 10:38 - loss: 0.0166 - acc: 0.9978
 8/18 [============>.................] - ETA: 9:41 - loss: 0.0175 - acc: 0.9980 
 9/18 [==============>...............] - ETA: 8:44 - loss: 0.0277 - acc: 0.9948
10/18 [===============>..............] - ETA: 7:45 - loss: 0.0303 - acc: 0.9938
11/18 [=================>............] - ETA: 6:46 - loss: 0.0355 - acc: 0.9901
12/18 [===================>..........] - ETA: 5:47 - loss: 0.0359 - acc: 0.9896
13/18 [====================>.........] - ETA: 4:50 - loss: 0.0366 - acc: 0.9892
14/18 [======================>.......] - ETA: 3:52 - loss: 0.0350 - acc: 0.9900
15/18 [========================>.....] - ETA: 2:54 - loss: 0.0346 - acc: 0.9906
16/18 [=========================>....] - ETA: 1:55 - loss: 0.0329 - acc: 0.9912
17/18 [===========================>..] - ETA: 57s - loss: 0.0333 - acc: 0.9905 
18/18 [==============================] - 1094s 61s/step - loss: 0.0321 - acc: 0.9910 - val_loss: 0.2257 - val_acc: 0.9400
Epoch 19/40

 1/18 [>.............................] - ETA: 16:25 - loss: 0.0270 - acc: 0.9844
 2/18 [==>...........................] - ETA: 15:40 - loss: 0.0486 - acc: 0.9766
 3/18 [====>.........................] - ETA: 14:39 - loss: 0.0378 - acc: 0.9844
 4/18 [=====>........................] - ETA: 13:32 - loss: 0.0308 - acc: 0.9883
 5/18 [=======>......................] - ETA: 12:34 - loss: 0.0283 - acc: 0.9906
 6/18 [=========>....................] - ETA: 11:43 - loss: 0.0275 - acc: 0.9922
 7/18 [==========>...................] - ETA: 10:49 - loss: 0.0262 - acc: 0.9933
 8/18 [============>.................] - ETA: 9:49 - loss: 0.0245 - acc: 0.9941 
 9/18 [==============>...............] - ETA: 8:49 - loss: 0.0252 - acc: 0.9931
10/18 [===============>..............] - ETA: 7:47 - loss: 0.0236 - acc: 0.9938
11/18 [=================>............] - ETA: 6:49 - loss: 0.0260 - acc: 0.9929
12/18 [===================>..........] - ETA: 5:51 - loss: 0.0303 - acc: 0.9922
13/18 [====================>.........] - ETA: 4:53 - loss: 0.0295 - acc: 0.9928
14/18 [======================>.......] - ETA: 4:03 - loss: 0.0280 - acc: 0.9933
15/18 [========================>.....] - ETA: 3:06 - loss: 0.0278 - acc: 0.9938
16/18 [=========================>....] - ETA: 2:04 - loss: 0.0268 - acc: 0.9941
17/18 [===========================>..] - ETA: 1:02 - loss: 0.0268 - acc: 0.9936
18/18 [==============================] - 1175s 65s/step - loss: 0.0288 - acc: 0.9928 - val_loss: 0.2376 - val_acc: 0.9367
Epoch 20/40

 1/18 [>.............................] - ETA: 16:55 - loss: 0.0313 - acc: 1.0000
 2/18 [==>...........................] - ETA: 16:13 - loss: 0.0229 - acc: 1.0000
 3/18 [====>.........................] - ETA: 15:07 - loss: 0.0256 - acc: 1.0000
 4/18 [=====>........................] - ETA: 13:56 - loss: 0.0227 - acc: 1.0000
 5/18 [=======>......................] - ETA: 12:51 - loss: 0.0224 - acc: 1.0000
 6/18 [=========>....................] - ETA: 11:53 - loss: 0.0280 - acc: 0.9974
 7/18 [==========>...................] - ETA: 10:52 - loss: 0.0253 - acc: 0.9978
 8/18 [============>.................] - ETA: 9:50 - loss: 0.0237 - acc: 0.9980 
 9/18 [==============>...............] - ETA: 8:52 - loss: 0.0224 - acc: 0.9983
10/18 [===============>..............] - ETA: 7:54 - loss: 0.0228 - acc: 0.9984
11/18 [=================>............] - ETA: 6:55 - loss: 0.0237 - acc: 0.9972
12/18 [===================>..........] - ETA: 6:08 - loss: 0.0237 - acc: 0.9961
13/18 [====================>.........] - ETA: 5:17 - loss: 0.0236 - acc: 0.9964
14/18 [======================>.......] - ETA: 4:15 - loss: 0.0227 - acc: 0.9967
15/18 [========================>.....] - ETA: 3:10 - loss: 0.0229 - acc: 0.9958
16/18 [=========================>....] - ETA: 2:07 - loss: 0.0230 - acc: 0.9961
17/18 [===========================>..] - ETA: 1:03 - loss: 0.0224 - acc: 0.9963
18/18 [==============================] - 1204s 67s/step - loss: 0.0230 - acc: 0.9957 - val_loss: 0.2240 - val_acc: 0.9400
Epoch 21/40

 1/18 [>.............................] - ETA: 13:41 - loss: 0.0202 - acc: 1.0000
 2/18 [==>...........................] - ETA: 14:34 - loss: 0.0202 - acc: 1.0000
 3/18 [====>.........................] - ETA: 14:01 - loss: 0.0149 - acc: 1.0000
 4/18 [=====>........................] - ETA: 13:13 - loss: 0.0150 - acc: 1.0000
 5/18 [=======>......................] - ETA: 12:16 - loss: 0.0146 - acc: 1.0000
 6/18 [=========>....................] - ETA: 11:28 - loss: 0.0209 - acc: 0.9974
 7/18 [==========>...................] - ETA: 10:31 - loss: 0.0251 - acc: 0.9933
 8/18 [============>.................] - ETA: 9:35 - loss: 0.0258 - acc: 0.9922 
 9/18 [==============>...............] - ETA: 8:37 - loss: 0.0258 - acc: 0.9931
10/18 [===============>..............] - ETA: 7:41 - loss: 0.0240 - acc: 0.9938
11/18 [=================>............] - ETA: 7:02 - loss: 0.0254 - acc: 0.9929
12/18 [===================>..........] - ETA: 6:14 - loss: 0.0251 - acc: 0.9935
13/18 [====================>.........] - ETA: 5:12 - loss: 0.0242 - acc: 0.9940
14/18 [======================>.......] - ETA: 4:09 - loss: 0.0231 - acc: 0.9944
15/18 [========================>.....] - ETA: 3:07 - loss: 0.0226 - acc: 0.9948
16/18 [=========================>....] - ETA: 2:04 - loss: 0.0240 - acc: 0.9941
17/18 [===========================>..] - ETA: 1:02 - loss: 0.0246 - acc: 0.9936
18/18 [==============================] - 1194s 66s/step - loss: 0.0244 - acc: 0.9939 - val_loss: 0.2499 - val_acc: 0.9400
Epoch 22/40

 1/18 [>.............................] - ETA: 16:23 - loss: 0.0723 - acc: 0.9844
 2/18 [==>...........................] - ETA: 13:58 - loss: 0.0446 - acc: 0.9922
 3/18 [====>.........................] - ETA: 13:33 - loss: 0.0322 - acc: 0.9948
 4/18 [=====>........................] - ETA: 12:49 - loss: 0.0261 - acc: 0.9961
 5/18 [=======>......................] - ETA: 12:05 - loss: 0.0396 - acc: 0.9844
 6/18 [=========>....................] - ETA: 11:15 - loss: 0.0377 - acc: 0.9870
 7/18 [==========>...................] - ETA: 10:22 - loss: 0.0339 - acc: 0.9888
 8/18 [============>.................] - ETA: 9:27 - loss: 0.0366 - acc: 0.9863 
 9/18 [==============>...............] - ETA: 8:51 - loss: 0.0354 - acc: 0.9878
10/18 [===============>..............] - ETA: 8:15 - loss: 0.0330 - acc: 0.9891
11/18 [=================>............] - ETA: 7:19 - loss: 0.0310 - acc: 0.9901
12/18 [===================>..........] - ETA: 6:16 - loss: 0.0330 - acc: 0.9896
13/18 [====================>.........] - ETA: 5:12 - loss: 0.0315 - acc: 0.9904
14/18 [======================>.......] - ETA: 4:09 - loss: 0.0316 - acc: 0.9900
15/18 [========================>.....] - ETA: 3:06 - loss: 0.0317 - acc: 0.9906
16/18 [=========================>....] - ETA: 2:04 - loss: 0.0323 - acc: 0.9902
17/18 [===========================>..] - ETA: 1:02 - loss: 0.0335 - acc: 0.9890
18/18 [==============================] - 1184s 66s/step - loss: 0.0323 - acc: 0.9896 - val_loss: 0.2524 - val_acc: 0.9300
Epoch 23/40

 1/18 [>.............................] - ETA: 17:23 - loss: 0.0824 - acc: 0.9688
 2/18 [==>...........................] - ETA: 16:18 - loss: 0.0463 - acc: 0.9844
 3/18 [====>.........................] - ETA: 14:33 - loss: 0.0448 - acc: 0.9826
 4/18 [=====>........................] - ETA: 13:32 - loss: 0.0364 - acc: 0.9870
 5/18 [=======>......................] - ETA: 12:40 - loss: 0.0333 - acc: 0.9896
 6/18 [=========>....................] - ETA: 12:45 - loss: 0.0370 - acc: 0.9861
 7/18 [==========>...................] - ETA: 12:11 - loss: 0.0348 - acc: 0.9859
 8/18 [============>.................] - ETA: 11:02 - loss: 0.0313 - acc: 0.9876
 9/18 [==============>...............] - ETA: 9:47 - loss: 0.0288 - acc: 0.9890 
10/18 [===============>..............] - ETA: 8:39 - loss: 0.0271 - acc: 0.9901
11/18 [=================>............] - ETA: 7:32 - loss: 0.0259 - acc: 0.9910
12/18 [===================>..........] - ETA: 6:26 - loss: 0.0257 - acc: 0.9918
13/18 [====================>.........] - ETA: 5:19 - loss: 0.0254 - acc: 0.9924
14/18 [======================>.......] - ETA: 4:14 - loss: 0.0242 - acc: 0.9929
15/18 [========================>.....] - ETA: 3:10 - loss: 0.0241 - acc: 0.9934
16/18 [=========================>....] - ETA: 2:06 - loss: 0.0231 - acc: 0.9938
17/18 [===========================>..] - ETA: 1:03 - loss: 0.0228 - acc: 0.9942
18/18 [==============================] - 1192s 66s/step - loss: 0.0223 - acc: 0.9945 - val_loss: 0.2790 - val_acc: 0.9200
Epoch 24/40

 1/18 [>.............................] - ETA: 17:07 - loss: 0.0046 - acc: 1.0000
 2/18 [==>...........................] - ETA: 17:30 - loss: 0.0220 - acc: 0.9922
 3/18 [====>.........................] - ETA: 18:19 - loss: 0.0173 - acc: 0.9948
 4/18 [=====>........................] - ETA: 16:01 - loss: 0.0374 - acc: 0.9857
 5/18 [=======>......................] - ETA: 14:42 - loss: 0.0324 - acc: 0.9885
 6/18 [=========>....................] - ETA: 13:20 - loss: 0.0283 - acc: 0.9905
 7/18 [==========>...................] - ETA: 12:04 - loss: 0.0280 - acc: 0.9896
 8/18 [============>.................] - ETA: 11:02 - loss: 0.0252 - acc: 0.9909
 9/18 [==============>...............] - ETA: 9:49 - loss: 0.0234 - acc: 0.9919 
10/18 [===============>..............] - ETA: 8:38 - loss: 0.0219 - acc: 0.9927
11/18 [=================>............] - ETA: 7:31 - loss: 0.0208 - acc: 0.9934
12/18 [===================>..........] - ETA: 6:25 - loss: 0.0199 - acc: 0.9939
13/18 [====================>.........] - ETA: 5:18 - loss: 0.0212 - acc: 0.9932
14/18 [======================>.......] - ETA: 4:12 - loss: 0.0200 - acc: 0.9937
15/18 [========================>.....] - ETA: 3:09 - loss: 0.0205 - acc: 0.9931
16/18 [=========================>....] - ETA: 2:05 - loss: 0.0204 - acc: 0.9935
17/18 [===========================>..] - ETA: 1:02 - loss: 0.0201 - acc: 0.9939
18/18 [==============================] - 1240s 69s/step - loss: 0.0194 - acc: 0.9942 - val_loss: 0.2587 - val_acc: 0.9200
Epoch 25/40

 1/18 [>.............................] - ETA: 19:37 - loss: 0.0170 - acc: 1.0000
 2/18 [==>...........................] - ETA: 17:25 - loss: 0.0376 - acc: 0.9922
 3/18 [====>.........................] - ETA: 15:55 - loss: 0.0361 - acc: 0.9896
 4/18 [=====>........................] - ETA: 14:41 - loss: 0.0369 - acc: 0.9883
 5/18 [=======>......................] - ETA: 12:53 - loss: 0.0382 - acc: 0.9865
 6/18 [=========>....................] - ETA: 11:56 - loss: 0.0333 - acc: 0.9887
 7/18 [==========>...................] - ETA: 10:57 - loss: 0.0314 - acc: 0.9903
 8/18 [============>.................] - ETA: 9:55 - loss: 0.0323 - acc: 0.9896 
 9/18 [==============>...............] - ETA: 8:55 - loss: 0.0305 - acc: 0.9890
10/18 [===============>..............] - ETA: 7:56 - loss: 0.0312 - acc: 0.9885
11/18 [=================>............] - ETA: 6:56 - loss: 0.0296 - acc: 0.9896
12/18 [===================>..........] - ETA: 5:56 - loss: 0.0276 - acc: 0.9905
13/18 [====================>.........] - ETA: 5:00 - loss: 0.0273 - acc: 0.9900
14/18 [======================>.......] - ETA: 3:59 - loss: 0.0261 - acc: 0.9907
15/18 [========================>.....] - ETA: 3:04 - loss: 0.0257 - acc: 0.9903
16/18 [=========================>....] - ETA: 2:05 - loss: 0.0263 - acc: 0.9909
17/18 [===========================>..] - ETA: 1:03 - loss: 0.0305 - acc: 0.9905
18/18 [==============================] - 1201s 67s/step - loss: 0.0290 - acc: 0.9910 - val_loss: 0.3217 - val_acc: 0.9233
Epoch 26/40

 1/18 [>.............................] - ETA: 17:12 - loss: 0.0144 - acc: 1.0000
 2/18 [==>...........................] - ETA: 16:13 - loss: 0.0236 - acc: 1.0000
 3/18 [====>.........................] - ETA: 15:08 - loss: 0.0280 - acc: 0.9948
 4/18 [=====>........................] - ETA: 13:59 - loss: 0.0227 - acc: 0.9961
 5/18 [=======>......................] - ETA: 13:00 - loss: 0.0223 - acc: 0.9969
 6/18 [=========>....................] - ETA: 11:33 - loss: 0.0205 - acc: 0.9974
 7/18 [==========>...................] - ETA: 10:34 - loss: 0.0286 - acc: 0.9955
 8/18 [============>.................] - ETA: 9:37 - loss: 0.0261 - acc: 0.9961 
 9/18 [==============>...............] - ETA: 8:40 - loss: 0.0241 - acc: 0.9965
10/18 [===============>..............] - ETA: 7:44 - loss: 0.0227 - acc: 0.9969
11/18 [=================>............] - ETA: 6:46 - loss: 0.0236 - acc: 0.9957
12/18 [===================>..........] - ETA: 6:02 - loss: 0.0222 - acc: 0.9961
13/18 [====================>.........] - ETA: 5:10 - loss: 0.0212 - acc: 0.9964
14/18 [======================>.......] - ETA: 4:09 - loss: 0.0206 - acc: 0.9967
15/18 [========================>.....] - ETA: 3:07 - loss: 0.0197 - acc: 0.9969
16/18 [=========================>....] - ETA: 2:04 - loss: 0.0213 - acc: 0.9951
17/18 [===========================>..] - ETA: 1:02 - loss: 0.0212 - acc: 0.9954
18/18 [==============================] - 1198s 67s/step - loss: 0.0215 - acc: 0.9948 - val_loss: 0.2775 - val_acc: 0.9233
Epoch 27/40

 1/18 [>.............................] - ETA: 16:41 - loss: 0.0064 - acc: 1.0000
 2/18 [==>...........................] - ETA: 15:59 - loss: 0.0087 - acc: 1.0000
 3/18 [====>.........................] - ETA: 15:00 - loss: 0.0336 - acc: 0.9948
 4/18 [=====>........................] - ETA: 13:59 - loss: 0.0281 - acc: 0.9961
 5/18 [=======>......................] - ETA: 12:51 - loss: 0.0261 - acc: 0.9969
 6/18 [=========>....................] - ETA: 11:53 - loss: 0.0243 - acc: 0.9974
 7/18 [==========>...................] - ETA: 10:33 - loss: 0.0270 - acc: 0.9978
 8/18 [============>.................] - ETA: 9:47 - loss: 0.0245 - acc: 0.9980 
 9/18 [==============>...............] - ETA: 9:18 - loss: 0.0223 - acc: 0.9983
10/18 [===============>..............] - ETA: 8:27 - loss: 0.0218 - acc: 0.9984
11/18 [=================>............] - ETA: 7:25 - loss: 0.0211 - acc: 0.9986
12/18 [===================>..........] - ETA: 6:20 - loss: 0.0225 - acc: 0.9974
13/18 [====================>.........] - ETA: 5:15 - loss: 0.0273 - acc: 0.9952
14/18 [======================>.......] - ETA: 4:11 - loss: 0.0272 - acc: 0.9944
15/18 [========================>.....] - ETA: 3:08 - loss: 0.0257 - acc: 0.9948
16/18 [=========================>....] - ETA: 2:05 - loss: 0.0244 - acc: 0.9951
17/18 [===========================>..] - ETA: 1:02 - loss: 0.0244 - acc: 0.9945
18/18 [==============================] - 1192s 66s/step - loss: 0.0233 - acc: 0.9948 - val_loss: 0.2798 - val_acc: 0.9300
Epoch 28/40

 1/18 [>.............................] - ETA: 17:36 - loss: 0.0107 - acc: 1.0000
 2/18 [==>...........................] - ETA: 16:09 - loss: 0.0140 - acc: 1.0000
 3/18 [====>.........................] - ETA: 15:04 - loss: 0.0165 - acc: 1.0000
 4/18 [=====>........................] - ETA: 14:27 - loss: 0.0175 - acc: 0.9961
 5/18 [=======>......................] - ETA: 14:34 - loss: 0.0218 - acc: 0.9938
 6/18 [=========>....................] - ETA: 13:59 - loss: 0.0196 - acc: 0.9948
 7/18 [==========>...................] - ETA: 12:43 - loss: 0.0170 - acc: 0.9955
 8/18 [============>.................] - ETA: 11:09 - loss: 0.0161 - acc: 0.9961
 9/18 [==============>...............] - ETA: 9:55 - loss: 0.0150 - acc: 0.9965 
10/18 [===============>..............] - ETA: 8:44 - loss: 0.0165 - acc: 0.9953
11/18 [=================>............] - ETA: 7:35 - loss: 0.0154 - acc: 0.9957
12/18 [===================>..........] - ETA: 6:28 - loss: 0.0153 - acc: 0.9961
13/18 [====================>.........] - ETA: 5:22 - loss: 0.0143 - acc: 0.9964
14/18 [======================>.......] - ETA: 4:16 - loss: 0.0136 - acc: 0.9967
15/18 [========================>.....] - ETA: 3:11 - loss: 0.0133 - acc: 0.9969
16/18 [=========================>....] - ETA: 2:07 - loss: 0.0138 - acc: 0.9971
17/18 [===========================>..] - ETA: 1:03 - loss: 0.0132 - acc: 0.9972
18/18 [==============================] - 1199s 67s/step - loss: 0.0142 - acc: 0.9965 - val_loss: 0.2769 - val_acc: 0.9233
Epoch 29/40

 1/18 [>.............................] - ETA: 17:11 - loss: 0.0082 - acc: 1.0000
 2/18 [==>...........................] - ETA: 18:23 - loss: 0.0068 - acc: 1.0000
 3/18 [====>.........................] - ETA: 18:49 - loss: 0.0081 - acc: 1.0000
 4/18 [=====>........................] - ETA: 17:17 - loss: 0.0180 - acc: 0.9961
 5/18 [=======>......................] - ETA: 15:34 - loss: 0.0161 - acc: 0.9969
 6/18 [=========>....................] - ETA: 13:55 - loss: 0.0209 - acc: 0.9948
 7/18 [==========>...................] - ETA: 12:34 - loss: 0.0191 - acc: 0.9955
 8/18 [============>.................] - ETA: 11:21 - loss: 0.0180 - acc: 0.9961
 9/18 [==============>...............] - ETA: 9:56 - loss: 0.0167 - acc: 0.9965 
10/18 [===============>..............] - ETA: 8:45 - loss: 0.0196 - acc: 0.9938
11/18 [=================>............] - ETA: 7:34 - loss: 0.0189 - acc: 0.9943
12/18 [===================>..........] - ETA: 6:28 - loss: 0.0176 - acc: 0.9948
13/18 [====================>.........] - ETA: 5:21 - loss: 0.0165 - acc: 0.9952
14/18 [======================>.......] - ETA: 4:15 - loss: 0.0166 - acc: 0.9955
15/18 [========================>.....] - ETA: 3:10 - loss: 0.0157 - acc: 0.9958
16/18 [=========================>....] - ETA: 2:06 - loss: 0.0152 - acc: 0.9961
17/18 [===========================>..] - ETA: 1:03 - loss: 0.0152 - acc: 0.9963
18/18 [==============================] - 1240s 69s/step - loss: 0.0160 - acc: 0.9957 - val_loss: 0.2614 - val_acc: 0.9233
Epoch 30/40

 1/18 [>.............................] - ETA: 20:41 - loss: 0.0431 - acc: 0.9844
 2/18 [==>...........................] - ETA: 18:33 - loss: 0.0319 - acc: 0.9922
 3/18 [====>.........................] - ETA: 16:47 - loss: 0.0377 - acc: 0.9896
 4/18 [=====>........................] - ETA: 15:17 - loss: 0.0296 - acc: 0.9922
 5/18 [=======>......................] - ETA: 13:54 - loss: 0.0242 - acc: 0.9938
 6/18 [=========>....................] - ETA: 12:45 - loss: 0.0261 - acc: 0.9948
 7/18 [==========>...................] - ETA: 11:36 - loss: 0.0238 - acc: 0.9955
 8/18 [============>.................] - ETA: 10:29 - loss: 0.0215 - acc: 0.9961
 9/18 [==============>...............] - ETA: 9:24 - loss: 0.0199 - acc: 0.9965 
10/18 [===============>..............] - ETA: 8:07 - loss: 0.0228 - acc: 0.9948
11/18 [=================>............] - ETA: 7:06 - loss: 0.0215 - acc: 0.9953
12/18 [===================>..........] - ETA: 6:04 - loss: 0.0203 - acc: 0.9957
13/18 [====================>.........] - ETA: 5:02 - loss: 0.0191 - acc: 0.9960
14/18 [======================>.......] - ETA: 4:04 - loss: 0.0185 - acc: 0.9963
15/18 [========================>.....] - ETA: 3:02 - loss: 0.0195 - acc: 0.9955
16/18 [=========================>....] - ETA: 2:02 - loss: 0.0190 - acc: 0.9958
17/18 [===========================>..] - ETA: 1:02 - loss: 0.0199 - acc: 0.9951
18/18 [==============================] - 1220s 68s/step - loss: 0.0190 - acc: 0.9954 - val_loss: 0.2683 - val_acc: 0.9200
Epoch 31/40

 1/18 [>.............................] - ETA: 17:17 - loss: 0.0135 - acc: 1.0000
 2/18 [==>...........................] - ETA: 16:03 - loss: 0.0093 - acc: 1.0000
 3/18 [====>.........................] - ETA: 15:02 - loss: 0.0078 - acc: 1.0000
 4/18 [=====>........................] - ETA: 14:01 - loss: 0.0155 - acc: 0.9961
 5/18 [=======>......................] - ETA: 12:57 - loss: 0.0170 - acc: 0.9969
 6/18 [=========>....................] - ETA: 12:00 - loss: 0.0200 - acc: 0.9974
 7/18 [==========>...................] - ETA: 11:02 - loss: 0.0183 - acc: 0.9978
 8/18 [============>.................] - ETA: 10:00 - loss: 0.0165 - acc: 0.9980
 9/18 [==============>...............] - ETA: 8:57 - loss: 0.0151 - acc: 0.9983 
10/18 [===============>..............] - ETA: 7:57 - loss: 0.0162 - acc: 0.9969
11/18 [=================>............] - ETA: 6:49 - loss: 0.0157 - acc: 0.9972
12/18 [===================>..........] - ETA: 5:50 - loss: 0.0164 - acc: 0.9961
13/18 [====================>.........] - ETA: 4:52 - loss: 0.0156 - acc: 0.9964
14/18 [======================>.......] - ETA: 3:54 - loss: 0.0149 - acc: 0.9967
15/18 [========================>.....] - ETA: 2:58 - loss: 0.0147 - acc: 0.9969
16/18 [=========================>....] - ETA: 2:02 - loss: 0.0155 - acc: 0.9961
17/18 [===========================>..] - ETA: 1:01 - loss: 0.0154 - acc: 0.9963
18/18 [==============================] - 1198s 67s/step - loss: 0.0152 - acc: 0.9965 - val_loss: 0.2933 - val_acc: 0.9200
Epoch 32/40

 1/18 [>.............................] - ETA: 16:19 - loss: 0.0034 - acc: 1.0000
 2/18 [==>...........................] - ETA: 15:42 - loss: 0.0058 - acc: 1.0000
 3/18 [====>.........................] - ETA: 14:54 - loss: 0.0050 - acc: 1.0000
 4/18 [=====>........................] - ETA: 13:56 - loss: 0.0052 - acc: 1.0000
 5/18 [=======>......................] - ETA: 12:49 - loss: 0.0049 - acc: 1.0000
 6/18 [=========>....................] - ETA: 11:52 - loss: 0.0084 - acc: 0.9974
 7/18 [==========>...................] - ETA: 10:53 - loss: 0.0163 - acc: 0.9955
 8/18 [============>.................] - ETA: 9:53 - loss: 0.0159 - acc: 0.9961 
 9/18 [==============>...............] - ETA: 8:50 - loss: 0.0155 - acc: 0.9965
10/18 [===============>..............] - ETA: 7:52 - loss: 0.0154 - acc: 0.9969
11/18 [=================>............] - ETA: 6:53 - loss: 0.0144 - acc: 0.9972
12/18 [===================>..........] - ETA: 5:46 - loss: 0.0149 - acc: 0.9974
13/18 [====================>.........] - ETA: 4:51 - loss: 0.0156 - acc: 0.9976
14/18 [======================>.......] - ETA: 4:02 - loss: 0.0147 - acc: 0.9978
15/18 [========================>.....] - ETA: 3:05 - loss: 0.0144 - acc: 0.9979
16/18 [=========================>....] - ETA: 2:03 - loss: 0.0143 - acc: 0.9980
17/18 [===========================>..] - ETA: 1:01 - loss: 0.0139 - acc: 0.9982
18/18 [==============================] - 1181s 66s/step - loss: 0.0136 - acc: 0.9983 - val_loss: 0.3163 - val_acc: 0.9200
Epoch 33/40

 1/18 [>.............................] - ETA: 16:49 - loss: 0.0042 - acc: 1.0000
 2/18 [==>...........................] - ETA: 15:41 - loss: 0.0037 - acc: 1.0000
 3/18 [====>.........................] - ETA: 14:50 - loss: 0.0040 - acc: 1.0000
 4/18 [=====>........................] - ETA: 13:44 - loss: 0.0063 - acc: 1.0000
 5/18 [=======>......................] - ETA: 13:01 - loss: 0.0058 - acc: 1.0000
 6/18 [=========>....................] - ETA: 12:02 - loss: 0.0065 - acc: 1.0000
 7/18 [==========>...................] - ETA: 11:01 - loss: 0.0065 - acc: 1.0000
 8/18 [============>.................] - ETA: 9:59 - loss: 0.0083 - acc: 1.0000 
 9/18 [==============>...............] - ETA: 8:56 - loss: 0.0104 - acc: 0.9983
10/18 [===============>..............] - ETA: 7:58 - loss: 0.0096 - acc: 0.9984
11/18 [=================>............] - ETA: 7:05 - loss: 0.0091 - acc: 0.9986
12/18 [===================>..........] - ETA: 6:18 - loss: 0.0086 - acc: 0.9987
13/18 [====================>.........] - ETA: 5:12 - loss: 0.0082 - acc: 0.9988
14/18 [======================>.......] - ETA: 4:10 - loss: 0.0080 - acc: 0.9989
15/18 [========================>.....] - ETA: 3:07 - loss: 0.0076 - acc: 0.9990
16/18 [=========================>....] - ETA: 2:05 - loss: 0.0074 - acc: 0.9990
17/18 [===========================>..] - ETA: 1:02 - loss: 0.0071 - acc: 0.9991
18/18 [==============================] - 1189s 66s/step - loss: 0.0075 - acc: 0.9991 - val_loss: 0.3174 - val_acc: 0.9200
Epoch 34/40

 1/18 [>.............................] - ETA: 17:10 - loss: 0.0196 - acc: 0.9844
 2/18 [==>...........................] - ETA: 15:43 - loss: 0.0116 - acc: 0.9922
 3/18 [====>.........................] - ETA: 14:42 - loss: 0.0097 - acc: 0.9948
 4/18 [=====>........................] - ETA: 13:43 - loss: 0.0102 - acc: 0.9961
 5/18 [=======>......................] - ETA: 12:43 - loss: 0.0110 - acc: 0.9969
 6/18 [=========>....................] - ETA: 11:41 - loss: 0.0113 - acc: 0.9974
 7/18 [==========>...................] - ETA: 10:43 - loss: 0.0183 - acc: 0.9955
 8/18 [============>.................] - ETA: 9:46 - loss: 0.0173 - acc: 0.9961 
 9/18 [==============>...............] - ETA: 8:50 - loss: 0.0162 - acc: 0.9965
10/18 [===============>..............] - ETA: 8:17 - loss: 0.0162 - acc: 0.9969
11/18 [=================>............] - ETA: 7:29 - loss: 0.0185 - acc: 0.9957
12/18 [===================>..........] - ETA: 6:25 - loss: 0.0186 - acc: 0.9948
13/18 [====================>.........] - ETA: 5:19 - loss: 0.0174 - acc: 0.9952
14/18 [======================>.......] - ETA: 4:10 - loss: 0.0167 - acc: 0.9955
15/18 [========================>.....] - ETA: 3:07 - loss: 0.0162 - acc: 0.9958
16/18 [=========================>....] - ETA: 2:04 - loss: 0.0174 - acc: 0.9951
17/18 [===========================>..] - ETA: 1:02 - loss: 0.0167 - acc: 0.9954
18/18 [==============================] - 1184s 66s/step - loss: 0.0164 - acc: 0.9957 - val_loss: 0.3012 - val_acc: 0.9167
Epoch 35/40

 1/18 [>.............................] - ETA: 16:28 - loss: 0.0022 - acc: 1.0000
 2/18 [==>...........................] - ETA: 15:21 - loss: 0.0077 - acc: 1.0000
 3/18 [====>.........................] - ETA: 14:36 - loss: 0.0060 - acc: 1.0000
 4/18 [=====>........................] - ETA: 13:39 - loss: 0.0192 - acc: 0.9961
 5/18 [=======>......................] - ETA: 12:37 - loss: 0.0231 - acc: 0.9938
 6/18 [=========>....................] - ETA: 11:39 - loss: 0.0197 - acc: 0.9948
 7/18 [==========>...................] - ETA: 10:44 - loss: 0.0204 - acc: 0.9955
 8/18 [============>.................] - ETA: 10:03 - loss: 0.0185 - acc: 0.9961
 9/18 [==============>...............] - ETA: 9:30 - loss: 0.0168 - acc: 0.9965 
10/18 [===============>..............] - ETA: 8:30 - loss: 0.0161 - acc: 0.9969
11/18 [=================>............] - ETA: 7:26 - loss: 0.0150 - acc: 0.9972
12/18 [===================>..........] - ETA: 6:20 - loss: 0.0142 - acc: 0.9974
13/18 [====================>.........] - ETA: 5:16 - loss: 0.0135 - acc: 0.9976
14/18 [======================>.......] - ETA: 4:11 - loss: 0.0127 - acc: 0.9978
15/18 [========================>.....] - ETA: 3:05 - loss: 0.0122 - acc: 0.9979
16/18 [=========================>....] - ETA: 2:03 - loss: 0.0135 - acc: 0.9971
17/18 [===========================>..] - ETA: 1:02 - loss: 0.0130 - acc: 0.9972
18/18 [==============================] - 1185s 66s/step - loss: 0.0125 - acc: 0.9974 - val_loss: 0.2919 - val_acc: 0.9233
Epoch 36/40

 1/18 [>.............................] - ETA: 16:08 - loss: 0.0468 - acc: 0.9844
 2/18 [==>...........................] - ETA: 15:33 - loss: 0.0259 - acc: 0.9922
 3/18 [====>.........................] - ETA: 14:41 - loss: 0.0193 - acc: 0.9948
 4/18 [=====>........................] - ETA: 13:40 - loss: 0.0226 - acc: 0.9922
 5/18 [=======>......................] - ETA: 13:38 - loss: 0.0204 - acc: 0.9938
 6/18 [=========>....................] - ETA: 13:18 - loss: 0.0174 - acc: 0.9948
 7/18 [==========>...................] - ETA: 12:16 - loss: 0.0153 - acc: 0.9955
 8/18 [============>.................] - ETA: 11:02 - loss: 0.0143 - acc: 0.9961
 9/18 [==============>...............] - ETA: 9:49 - loss: 0.0131 - acc: 0.9965 
10/18 [===============>..............] - ETA: 8:38 - loss: 0.0140 - acc: 0.9953
11/18 [=================>............] - ETA: 7:31 - loss: 0.0131 - acc: 0.9957
12/18 [===================>..........] - ETA: 6:25 - loss: 0.0123 - acc: 0.9961
13/18 [====================>.........] - ETA: 5:20 - loss: 0.0115 - acc: 0.9964
14/18 [======================>.......] - ETA: 4:14 - loss: 0.0109 - acc: 0.9967
15/18 [========================>.....] - ETA: 3:10 - loss: 0.0105 - acc: 0.9969
16/18 [=========================>....] - ETA: 2:04 - loss: 0.0100 - acc: 0.9971
17/18 [===========================>..] - ETA: 1:01 - loss: 0.0108 - acc: 0.9972
18/18 [==============================] - 1178s 65s/step - loss: 0.0108 - acc: 0.9974 - val_loss: 0.2902 - val_acc: 0.9233
Using TensorFlow backend.
No handles with labels found to put in legend.
Epoch 00036: early stopping
[INFO] evaluating network...
              precision    recall  f1-score   support

     Bedroom       0.93      0.95      0.94       116
       Coast       0.91      0.92      0.92       260
      Forest       0.94      0.97      0.96       228
     Highway       0.97      0.93      0.95       160
  Industrial       0.94      0.91      0.93       211
  InsideCity       0.93      0.86      0.89       208
     Kitchen       0.95      0.98      0.96       110
  LivingRoom       0.96      0.92      0.94       189
    Mountain       0.94      0.92      0.93       274
      Office       0.97      0.98      0.97       115
 OpenCountry       0.85      0.87      0.86       310
       Store       0.98      0.97      0.98       215
      Street       0.89      0.98      0.94       192
      Suburb       0.96      1.00      0.98       141
TallBuilding       0.97      0.94      0.95       256

 avg / total       0.93      0.93      0.93      2985

Accuracy: 0.9343383584589615
[[110   0   0   0   0   0   0   5   0   1   0   0   0   0   0]
 [  0 240   1   0   0   0   0   0   2   0  17   0   0   0   0]
 [  0   0 222   0   0   0   0   0   1   0   5   0   0   0   0]
 [  0   1   0 149   1   1   0   0   0   0   0   1   6   0   1]
 [  0   1   0   1 193   5   0   0   0   0   6   1   1   2   1]
 [  0   0   0   0   5 179   0   0   0   0   0   1  15   4   4]
 [  0   0   0   0   0   0 108   1   0   0   0   1   0   0   0]
 [  8   0   0   0   2   0   3 174   0   2   0   0   0   0   0]
 [  0   2   2   1   0   0   0   0 251   0  18   0   0   0   0]
 [  0   0   0   0   0   0   0   2   0 113   0   0   0   0   0]
 [  0  19   5   2   0   0   0   0  13   0 271   0   0   0   0]
 [  0   0   0   0   1   1   3   0   0   1   0 209   0   0   0]
 [  0   0   0   1   0   0   0   0   0   0   0   0 189   0   2]
 [  0   0   0   0   0   0   0   0   0   0   0   0   0 141   0]
 [  0   0   5   0   3   7   0   0   0   0   0   0   1   0 240]]
[INFO] serializing network and label binarizer...
[INFO] plotting and saving results...
Dropout: 0.4 BS: 64
