2018-11-10 05:22:57.468302: I tensorflow/core/platform/cpu_feature_guard.cc:141] Your CPU supports instructions that this TensorFlow binary was not compiled to use: AVX2 FMA
[INFO] loading images...
[INFO] training network...
Epoch 1/40

 1/18 [>.............................] - ETA: 10:34 - loss: 3.1143 - acc: 0.0469
 2/18 [==>...........................] - ETA: 7:46 - loss: 3.0968 - acc: 0.0469 
 3/18 [====>.........................] - ETA: 6:33 - loss: 3.1010 - acc: 0.0573
 4/18 [=====>........................] - ETA: 5:45 - loss: 3.0532 - acc: 0.0586
 5/18 [=======>......................] - ETA: 5:06 - loss: 3.0497 - acc: 0.0625
 6/18 [=========>....................] - ETA: 4:36 - loss: 3.0874 - acc: 0.0625
 7/18 [==========>...................] - ETA: 4:05 - loss: 3.1003 - acc: 0.0647
 8/18 [============>.................] - ETA: 3:35 - loss: 3.1003 - acc: 0.0605
 9/18 [==============>...............] - ETA: 3:11 - loss: 3.1004 - acc: 0.0608
10/18 [===============>..............] - ETA: 2:48 - loss: 3.0972 - acc: 0.0625
11/18 [=================>............] - ETA: 2:27 - loss: 3.0872 - acc: 0.0611
12/18 [===================>..........] - ETA: 2:05 - loss: 3.0857 - acc: 0.0638
13/18 [====================>.........] - ETA: 1:44 - loss: 3.0857 - acc: 0.0637
14/18 [======================>.......] - ETA: 1:22 - loss: 3.0769 - acc: 0.0636
15/18 [========================>.....] - ETA: 1:00 - loss: 3.0849 - acc: 0.0635
16/18 [=========================>....] - ETA: 40s - loss: 3.0714 - acc: 0.0654 
17/18 [===========================>..] - ETA: 20s - loss: 3.0648 - acc: 0.0653
18/18 [==============================] - 384s 21s/step - loss: 3.0602 - acc: 0.0660 - val_loss: 2.7309 - val_acc: 0.0933
Epoch 2/40

 1/18 [>.............................] - ETA: 4:38 - loss: 2.8826 - acc: 0.0833
 2/18 [==>...........................] - ETA: 4:26 - loss: 2.8873 - acc: 0.0807
 3/18 [====>.........................] - ETA: 4:09 - loss: 2.8893 - acc: 0.0903
 4/18 [=====>........................] - ETA: 4:03 - loss: 2.9148 - acc: 0.0794
 5/18 [=======>......................] - ETA: 3:51 - loss: 2.8845 - acc: 0.0823
 6/18 [=========>....................] - ETA: 3:32 - loss: 2.8889 - acc: 0.0816
 7/18 [==========>...................] - ETA: 3:16 - loss: 2.8861 - acc: 0.0833
 8/18 [============>.................] - ETA: 2:59 - loss: 2.8982 - acc: 0.0866
 9/18 [==============>...............] - ETA: 2:42 - loss: 2.8876 - acc: 0.0891
10/18 [===============>..............] - ETA: 2:25 - loss: 2.8830 - acc: 0.0911
11/18 [=================>............] - ETA: 2:08 - loss: 2.8883 - acc: 0.0942
12/18 [===================>..........] - ETA: 1:48 - loss: 2.8903 - acc: 0.0942
13/18 [====================>.........] - ETA: 1:29 - loss: 2.8725 - acc: 0.0954
14/18 [======================>.......] - ETA: 1:11 - loss: 2.8639 - acc: 0.0975
15/18 [========================>.....] - ETA: 54s - loss: 2.8704 - acc: 0.0931 
16/18 [=========================>....] - ETA: 36s - loss: 2.8710 - acc: 0.0921
17/18 [===========================>..] - ETA: 18s - loss: 2.8736 - acc: 0.0904
18/18 [==============================] - 345s 19s/step - loss: 2.8717 - acc: 0.0897 - val_loss: 2.5523 - val_acc: 0.1900
Epoch 3/40

 1/18 [>.............................] - ETA: 5:26 - loss: 2.7003 - acc: 0.0625
 2/18 [==>...........................] - ETA: 4:28 - loss: 2.8552 - acc: 0.0833
 3/18 [====>.........................] - ETA: 4:26 - loss: 2.7932 - acc: 0.0920
 4/18 [=====>........................] - ETA: 4:00 - loss: 2.7614 - acc: 0.1120
 5/18 [=======>......................] - ETA: 3:41 - loss: 2.7634 - acc: 0.1083
 6/18 [=========>....................] - ETA: 3:28 - loss: 2.7573 - acc: 0.1085
 7/18 [==========>...................] - ETA: 3:12 - loss: 2.7647 - acc: 0.1086
 8/18 [============>.................] - ETA: 2:57 - loss: 2.7508 - acc: 0.1165
 9/18 [==============>...............] - ETA: 2:40 - loss: 2.7367 - acc: 0.1192
10/18 [===============>..............] - ETA: 2:24 - loss: 2.7341 - acc: 0.1135
11/18 [=================>............] - ETA: 2:04 - loss: 2.7199 - acc: 0.1146
12/18 [===================>..........] - ETA: 1:45 - loss: 2.7213 - acc: 0.1181
13/18 [====================>.........] - ETA: 1:28 - loss: 2.7041 - acc: 0.1198
14/18 [======================>.......] - ETA: 1:11 - loss: 2.7098 - acc: 0.1179
15/18 [========================>.....] - ETA: 53s - loss: 2.7114 - acc: 0.1163 
16/18 [=========================>....] - ETA: 35s - loss: 2.7039 - acc: 0.1178
17/18 [===========================>..] - ETA: 18s - loss: 2.7019 - acc: 0.1173
18/18 [==============================] - 348s 19s/step - loss: 2.7021 - acc: 0.1186 - val_loss: 2.3673 - val_acc: 0.3267
Epoch 4/40

 1/18 [>.............................] - ETA: 7:12 - loss: 2.6187 - acc: 0.1406
 2/18 [==>...........................] - ETA: 6:41 - loss: 2.5614 - acc: 0.1406
 3/18 [====>.........................] - ETA: 5:50 - loss: 2.5573 - acc: 0.1493
 4/18 [=====>........................] - ETA: 5:35 - loss: 2.5554 - acc: 0.1510
 5/18 [=======>......................] - ETA: 5:15 - loss: 2.5322 - acc: 0.1583
 6/18 [=========>....................] - ETA: 4:47 - loss: 2.5472 - acc: 0.1502
 7/18 [==========>...................] - ETA: 4:13 - loss: 2.5269 - acc: 0.1622
 8/18 [============>.................] - ETA: 3:45 - loss: 2.5310 - acc: 0.1615
 9/18 [==============>...............] - ETA: 3:21 - loss: 2.5215 - acc: 0.1609
10/18 [===============>..............] - ETA: 2:57 - loss: 2.5178 - acc: 0.1604
11/18 [=================>............] - ETA: 2:34 - loss: 2.5046 - acc: 0.1728
12/18 [===================>..........] - ETA: 2:10 - loss: 2.4928 - acc: 0.1740
13/18 [====================>.........] - ETA: 1:47 - loss: 2.4899 - acc: 0.1811
14/18 [======================>.......] - ETA: 1:24 - loss: 2.4835 - acc: 0.1793
15/18 [========================>.....] - ETA: 1:02 - loss: 2.4731 - acc: 0.1851
16/18 [=========================>....] - ETA: 41s - loss: 2.4691 - acc: 0.1872 
17/18 [===========================>..] - ETA: 20s - loss: 2.4628 - acc: 0.1872
18/18 [==============================] - 390s 22s/step - loss: 2.4544 - acc: 0.1933 - val_loss: 2.1358 - val_acc: 0.5267
Epoch 5/40

 1/18 [>.............................] - ETA: 5:27 - loss: 2.3232 - acc: 0.3125
 2/18 [==>...........................] - ETA: 4:46 - loss: 2.4269 - acc: 0.2656
 3/18 [====>.........................] - ETA: 4:22 - loss: 2.4047 - acc: 0.2656
 4/18 [=====>........................] - ETA: 3:56 - loss: 2.3517 - acc: 0.2878
 5/18 [=======>......................] - ETA: 3:45 - loss: 2.3122 - acc: 0.2990
 6/18 [=========>....................] - ETA: 3:33 - loss: 2.2855 - acc: 0.2960
 7/18 [==========>...................] - ETA: 3:17 - loss: 2.2803 - acc: 0.2984
 8/18 [============>.................] - ETA: 3:02 - loss: 2.2702 - acc: 0.3079
 9/18 [==============>...............] - ETA: 2:41 - loss: 2.2781 - acc: 0.3102
10/18 [===============>..............] - ETA: 2:22 - loss: 2.2650 - acc: 0.3120
11/18 [=================>............] - ETA: 2:05 - loss: 2.2430 - acc: 0.3177
12/18 [===================>..........] - ETA: 1:48 - loss: 2.2361 - acc: 0.3160
13/18 [====================>.........] - ETA: 1:30 - loss: 2.2343 - acc: 0.3193
14/18 [======================>.......] - ETA: 1:12 - loss: 2.2303 - acc: 0.3177
15/18 [========================>.....] - ETA: 54s - loss: 2.2234 - acc: 0.3205 
16/18 [=========================>....] - ETA: 36s - loss: 2.2133 - acc: 0.3239
17/18 [===========================>..] - ETA: 18s - loss: 2.2006 - acc: 0.3287
18/18 [==============================] - 345s 19s/step - loss: 2.1978 - acc: 0.3287 - val_loss: 1.9175 - val_acc: 0.6300
Epoch 6/40

 1/18 [>.............................] - ETA: 4:44 - loss: 2.1214 - acc: 0.2812
 2/18 [==>...........................] - ETA: 4:46 - loss: 2.0031 - acc: 0.3594
 3/18 [====>.........................] - ETA: 4:35 - loss: 1.9830 - acc: 0.3802
 4/18 [=====>........................] - ETA: 4:17 - loss: 1.9945 - acc: 0.3789
 5/18 [=======>......................] - ETA: 3:49 - loss: 1.9924 - acc: 0.3740
 6/18 [=========>....................] - ETA: 3:33 - loss: 1.9527 - acc: 0.3950
 7/18 [==========>...................] - ETA: 3:17 - loss: 1.9502 - acc: 0.3943
 8/18 [============>.................] - ETA: 3:01 - loss: 1.9397 - acc: 0.4017
 9/18 [==============>...............] - ETA: 2:43 - loss: 1.9236 - acc: 0.4126
10/18 [===============>..............] - ETA: 2:26 - loss: 1.9081 - acc: 0.4214
11/18 [=================>............] - ETA: 2:07 - loss: 1.9111 - acc: 0.4143
12/18 [===================>..........] - ETA: 1:48 - loss: 1.9097 - acc: 0.4136
13/18 [====================>.........] - ETA: 1:30 - loss: 1.8979 - acc: 0.4227
14/18 [======================>.......] - ETA: 1:12 - loss: 1.8917 - acc: 0.4226
15/18 [========================>.....] - ETA: 54s - loss: 1.8784 - acc: 0.4267 
16/18 [=========================>....] - ETA: 36s - loss: 1.8740 - acc: 0.4303
17/18 [===========================>..] - ETA: 18s - loss: 1.8516 - acc: 0.4363
18/18 [==============================] - 343s 19s/step - loss: 1.8424 - acc: 0.4373 - val_loss: 1.6033 - val_acc: 0.6233
Epoch 7/40

 1/18 [>.............................] - ETA: 5:24 - loss: 1.6605 - acc: 0.5156
 2/18 [==>...........................] - ETA: 5:02 - loss: 1.6454 - acc: 0.5156
 3/18 [====>.........................] - ETA: 4:43 - loss: 1.6302 - acc: 0.4896
 4/18 [=====>........................] - ETA: 4:24 - loss: 1.5943 - acc: 0.4961
 5/18 [=======>......................] - ETA: 4:05 - loss: 1.5786 - acc: 0.5000
 6/18 [=========>....................] - ETA: 3:32 - loss: 1.5872 - acc: 0.4931
 7/18 [==========>...................] - ETA: 3:12 - loss: 1.5825 - acc: 0.4963
 8/18 [============>.................] - ETA: 3:03 - loss: 1.5649 - acc: 0.5065
 9/18 [==============>...............] - ETA: 2:52 - loss: 1.5630 - acc: 0.5093
10/18 [===============>..............] - ETA: 2:38 - loss: 1.5528 - acc: 0.5193
11/18 [=================>............] - ETA: 2:21 - loss: 1.5379 - acc: 0.5303
12/18 [===================>..........] - ETA: 2:04 - loss: 1.5324 - acc: 0.5265
13/18 [====================>.........] - ETA: 1:45 - loss: 1.5159 - acc: 0.5353
14/18 [======================>.......] - ETA: 1:23 - loss: 1.5051 - acc: 0.5305
15/18 [========================>.....] - ETA: 1:02 - loss: 1.5013 - acc: 0.5326
16/18 [=========================>....] - ETA: 41s - loss: 1.4928 - acc: 0.5345 
17/18 [===========================>..] - ETA: 20s - loss: 1.4764 - acc: 0.5407
18/18 [==============================] - 397s 22s/step - loss: 1.4673 - acc: 0.5446 - val_loss: 1.1950 - val_acc: 0.7067
Epoch 8/40

 1/18 [>.............................] - ETA: 5:25 - loss: 1.2751 - acc: 0.5469
 2/18 [==>...........................] - ETA: 4:46 - loss: 1.3055 - acc: 0.5234
 3/18 [====>.........................] - ETA: 4:28 - loss: 1.2119 - acc: 0.5729
 4/18 [=====>........................] - ETA: 4:17 - loss: 1.2234 - acc: 0.5820
 5/18 [=======>......................] - ETA: 4:01 - loss: 1.1818 - acc: 0.5938
 6/18 [=========>....................] - ETA: 3:45 - loss: 1.1850 - acc: 0.6016
 7/18 [==========>...................] - ETA: 3:20 - loss: 1.1789 - acc: 0.6198
 8/18 [============>.................] - ETA: 3:02 - loss: 1.1524 - acc: 0.6341
 9/18 [==============>...............] - ETA: 2:43 - loss: 1.1553 - acc: 0.6314
10/18 [===============>..............] - ETA: 2:24 - loss: 1.1428 - acc: 0.6307
11/18 [=================>............] - ETA: 2:07 - loss: 1.1427 - acc: 0.6316
12/18 [===================>..........] - ETA: 1:49 - loss: 1.1270 - acc: 0.6389
13/18 [====================>.........] - ETA: 1:31 - loss: 1.1129 - acc: 0.6486
14/18 [======================>.......] - ETA: 1:13 - loss: 1.0976 - acc: 0.6581
15/18 [========================>.....] - ETA: 55s - loss: 1.0935 - acc: 0.6590 
16/18 [=========================>....] - ETA: 36s - loss: 1.0831 - acc: 0.6647
17/18 [===========================>..] - ETA: 18s - loss: 1.0799 - acc: 0.6670
18/18 [==============================] - 348s 19s/step - loss: 1.0706 - acc: 0.6715 - val_loss: 0.9303 - val_acc: 0.7333
Epoch 9/40

 1/18 [>.............................] - ETA: 5:31 - loss: 0.9678 - acc: 0.7188
 2/18 [==>...........................] - ETA: 5:09 - loss: 0.9152 - acc: 0.7188
 3/18 [====>.........................] - ETA: 4:49 - loss: 0.8725 - acc: 0.7448
 4/18 [=====>........................] - ETA: 4:21 - loss: 0.8849 - acc: 0.7305
 5/18 [=======>......................] - ETA: 3:57 - loss: 0.8507 - acc: 0.7438
 6/18 [=========>....................] - ETA: 3:41 - loss: 0.8438 - acc: 0.7448
 7/18 [==========>...................] - ETA: 3:22 - loss: 0.8503 - acc: 0.7433
 8/18 [============>.................] - ETA: 2:59 - loss: 0.8248 - acc: 0.7520
 9/18 [==============>...............] - ETA: 2:41 - loss: 0.8438 - acc: 0.7448
10/18 [===============>..............] - ETA: 2:25 - loss: 0.8273 - acc: 0.7516
11/18 [=================>............] - ETA: 2:05 - loss: 0.8298 - acc: 0.7514
12/18 [===================>..........] - ETA: 1:46 - loss: 0.8202 - acc: 0.7539
13/18 [====================>.........] - ETA: 1:29 - loss: 0.8053 - acc: 0.7596
14/18 [======================>.......] - ETA: 1:11 - loss: 0.7914 - acc: 0.7656
15/18 [========================>.....] - ETA: 54s - loss: 0.7843 - acc: 0.7677 
16/18 [=========================>....] - ETA: 36s - loss: 0.7722 - acc: 0.7725
17/18 [===========================>..] - ETA: 18s - loss: 0.7711 - acc: 0.7730
18/18 [==============================] - 344s 19s/step - loss: 0.7756 - acc: 0.7699 - val_loss: 0.7556 - val_acc: 0.7633
Epoch 10/40

 1/18 [>.............................] - ETA: 5:21 - loss: 0.5124 - acc: 0.8594
 2/18 [==>...........................] - ETA: 5:02 - loss: 0.5966 - acc: 0.8125
 3/18 [====>.........................] - ETA: 4:43 - loss: 0.5691 - acc: 0.8333
 4/18 [=====>........................] - ETA: 4:28 - loss: 0.6081 - acc: 0.8125
 5/18 [=======>......................] - ETA: 4:04 - loss: 0.5748 - acc: 0.8219
 6/18 [=========>....................] - ETA: 3:40 - loss: 0.5939 - acc: 0.8203
 7/18 [==========>...................] - ETA: 3:20 - loss: 0.6085 - acc: 0.8103
 8/18 [============>.................] - ETA: 3:03 - loss: 0.5991 - acc: 0.8125
 9/18 [==============>...............] - ETA: 2:41 - loss: 0.6040 - acc: 0.8079
10/18 [===============>..............] - ETA: 2:25 - loss: 0.5756 - acc: 0.8193
11/18 [=================>............] - ETA: 2:07 - loss: 0.6000 - acc: 0.8116
12/18 [===================>..........] - ETA: 1:49 - loss: 0.6000 - acc: 0.8181
13/18 [====================>.........] - ETA: 1:30 - loss: 0.5865 - acc: 0.8213
14/18 [======================>.......] - ETA: 1:12 - loss: 0.5772 - acc: 0.8251
15/18 [========================>.....] - ETA: 54s - loss: 0.5736 - acc: 0.8285 
16/18 [=========================>....] - ETA: 36s - loss: 0.5624 - acc: 0.8333
17/18 [===========================>..] - ETA: 18s - loss: 0.5542 - acc: 0.8330
18/18 [==============================] - 346s 19s/step - loss: 0.5473 - acc: 0.8380 - val_loss: 0.6883 - val_acc: 0.7700
Epoch 11/40

 1/18 [>.............................] - ETA: 6:05 - loss: 0.4757 - acc: 0.8281
 2/18 [==>...........................] - ETA: 6:12 - loss: 0.4679 - acc: 0.8438
 3/18 [====>.........................] - ETA: 5:58 - loss: 0.5203 - acc: 0.8281
 4/18 [=====>........................] - ETA: 5:42 - loss: 0.4857 - acc: 0.8438
 5/18 [=======>......................] - ETA: 5:22 - loss: 0.4714 - acc: 0.8500
 6/18 [=========>....................] - ETA: 4:57 - loss: 0.4775 - acc: 0.8490
 7/18 [==========>...................] - ETA: 4:29 - loss: 0.4742 - acc: 0.8504
 8/18 [============>.................] - ETA: 3:56 - loss: 0.4749 - acc: 0.8516
 9/18 [==============>...............] - ETA: 3:28 - loss: 0.4806 - acc: 0.8438
10/18 [===============>..............] - ETA: 2:59 - loss: 0.5019 - acc: 0.8385
11/18 [=================>............] - ETA: 2:35 - loss: 0.4858 - acc: 0.8433
12/18 [===================>..........] - ETA: 2:12 - loss: 0.4648 - acc: 0.8537
13/18 [====================>.........] - ETA: 1:49 - loss: 0.4675 - acc: 0.8494
14/18 [======================>.......] - ETA: 1:27 - loss: 0.4690 - acc: 0.8490
15/18 [========================>.....] - ETA: 1:04 - loss: 0.4563 - acc: 0.8538
16/18 [=========================>....] - ETA: 42s - loss: 0.4472 - acc: 0.8561 
17/18 [===========================>..] - ETA: 21s - loss: 0.4387 - acc: 0.8600
18/18 [==============================] - 397s 22s/step - loss: 0.4331 - acc: 0.8617 - val_loss: 0.6108 - val_acc: 0.7933
Epoch 12/40

 1/18 [>.............................] - ETA: 5:16 - loss: 0.2670 - acc: 0.9375
 2/18 [==>...........................] - ETA: 5:14 - loss: 0.3279 - acc: 0.8984
 3/18 [====>.........................] - ETA: 4:35 - loss: 0.4395 - acc: 0.8750
 4/18 [=====>........................] - ETA: 4:13 - loss: 0.4199 - acc: 0.8828
 5/18 [=======>......................] - ETA: 3:59 - loss: 0.4106 - acc: 0.8906
 6/18 [=========>....................] - ETA: 3:43 - loss: 0.3907 - acc: 0.8906
 7/18 [==========>...................] - ETA: 3:26 - loss: 0.3907 - acc: 0.8929
 8/18 [============>.................] - ETA: 3:07 - loss: 0.3924 - acc: 0.8906
 9/18 [==============>...............] - ETA: 2:50 - loss: 0.4056 - acc: 0.8854
10/18 [===============>..............] - ETA: 2:29 - loss: 0.4018 - acc: 0.8859
11/18 [=================>............] - ETA: 2:06 - loss: 0.3946 - acc: 0.8906
12/18 [===================>..........] - ETA: 1:49 - loss: 0.3852 - acc: 0.8932
13/18 [====================>.........] - ETA: 1:31 - loss: 0.3736 - acc: 0.8954
14/18 [======================>.......] - ETA: 1:13 - loss: 0.3744 - acc: 0.8951
15/18 [========================>.....] - ETA: 55s - loss: 0.3724 - acc: 0.8969 
16/18 [=========================>....] - ETA: 37s - loss: 0.3630 - acc: 0.8975
17/18 [===========================>..] - ETA: 18s - loss: 0.3638 - acc: 0.8961
18/18 [==============================] - 348s 19s/step - loss: 0.3630 - acc: 0.8958 - val_loss: 0.5231 - val_acc: 0.8467
Epoch 13/40

 1/18 [>.............................] - ETA: 5:18 - loss: 0.3089 - acc: 0.9219
 2/18 [==>...........................] - ETA: 5:01 - loss: 0.3109 - acc: 0.9062
 3/18 [====>.........................] - ETA: 4:41 - loss: 0.3126 - acc: 0.9115
 4/18 [=====>........................] - ETA: 4:22 - loss: 0.2714 - acc: 0.9258
 5/18 [=======>......................] - ETA: 4:04 - loss: 0.2898 - acc: 0.9281
 6/18 [=========>....................] - ETA: 3:46 - loss: 0.2747 - acc: 0.9323
 7/18 [==========>...................] - ETA: 3:27 - loss: 0.2658 - acc: 0.9375
 8/18 [============>.................] - ETA: 3:09 - loss: 0.2534 - acc: 0.9414
 9/18 [==============>...............] - ETA: 2:47 - loss: 0.2580 - acc: 0.9358
10/18 [===============>..............] - ETA: 2:27 - loss: 0.2716 - acc: 0.9297
11/18 [=================>............] - ETA: 2:09 - loss: 0.2793 - acc: 0.9247
12/18 [===================>..........] - ETA: 1:48 - loss: 0.2708 - acc: 0.9293
13/18 [====================>.........] - ETA: 1:29 - loss: 0.2827 - acc: 0.9239
14/18 [======================>.......] - ETA: 1:12 - loss: 0.2774 - acc: 0.9237
15/18 [========================>.....] - ETA: 54s - loss: 0.2769 - acc: 0.9215 
16/18 [=========================>....] - ETA: 36s - loss: 0.2829 - acc: 0.9215
17/18 [===========================>..] - ETA: 18s - loss: 0.2775 - acc: 0.9234
18/18 [==============================] - 344s 19s/step - loss: 0.2772 - acc: 0.9233 - val_loss: 0.5069 - val_acc: 0.8333
Epoch 14/40

 1/18 [>.............................] - ETA: 4:45 - loss: 0.1720 - acc: 0.9531
 2/18 [==>...........................] - ETA: 4:52 - loss: 0.1512 - acc: 0.9531
 3/18 [====>.........................] - ETA: 4:37 - loss: 0.1870 - acc: 0.9479
 4/18 [=====>........................] - ETA: 4:22 - loss: 0.2082 - acc: 0.9336
 5/18 [=======>......................] - ETA: 4:04 - loss: 0.1862 - acc: 0.9406
 6/18 [=========>....................] - ETA: 3:43 - loss: 0.1908 - acc: 0.9375
 7/18 [==========>...................] - ETA: 3:21 - loss: 0.2031 - acc: 0.9308
 8/18 [============>.................] - ETA: 3:00 - loss: 0.2001 - acc: 0.9336
 9/18 [==============>...............] - ETA: 2:43 - loss: 0.2018 - acc: 0.9340
10/18 [===============>..............] - ETA: 2:26 - loss: 0.2099 - acc: 0.9313
11/18 [=================>............] - ETA: 2:09 - loss: 0.2065 - acc: 0.9332
12/18 [===================>..........] - ETA: 1:53 - loss: 0.2098 - acc: 0.9336
13/18 [====================>.........] - ETA: 1:34 - loss: 0.2019 - acc: 0.9355
14/18 [======================>.......] - ETA: 1:17 - loss: 0.2089 - acc: 0.9323
15/18 [========================>.....] - ETA: 59s - loss: 0.2077 - acc: 0.9316 
16/18 [=========================>....] - ETA: 40s - loss: 0.2047 - acc: 0.9320
17/18 [===========================>..] - ETA: 20s - loss: 0.2034 - acc: 0.9350
18/18 [==============================] - 392s 22s/step - loss: 0.2007 - acc: 0.9360 - val_loss: 0.4483 - val_acc: 0.8567
Epoch 15/40

 1/18 [>.............................] - ETA: 6:03 - loss: 0.3348 - acc: 0.9219
 2/18 [==>...........................] - ETA: 5:12 - loss: 0.2837 - acc: 0.9141
 3/18 [====>.........................] - ETA: 4:46 - loss: 0.2365 - acc: 0.9323
 4/18 [=====>........................] - ETA: 4:32 - loss: 0.2423 - acc: 0.9219
 5/18 [=======>......................] - ETA: 4:13 - loss: 0.2434 - acc: 0.9187
 6/18 [=========>....................] - ETA: 3:55 - loss: 0.2578 - acc: 0.9141
 7/18 [==========>...................] - ETA: 3:34 - loss: 0.2415 - acc: 0.9196
 8/18 [============>.................] - ETA: 3:14 - loss: 0.2445 - acc: 0.9219
 9/18 [==============>...............] - ETA: 2:52 - loss: 0.2423 - acc: 0.9253
10/18 [===============>..............] - ETA: 2:31 - loss: 0.2410 - acc: 0.9234
11/18 [=================>............] - ETA: 2:12 - loss: 0.2310 - acc: 0.9276
12/18 [===================>..........] - ETA: 1:53 - loss: 0.2335 - acc: 0.9258
13/18 [====================>.........] - ETA: 1:35 - loss: 0.2365 - acc: 0.9231
14/18 [======================>.......] - ETA: 1:14 - loss: 0.2330 - acc: 0.9226
15/18 [========================>.....] - ETA: 56s - loss: 0.2236 - acc: 0.9267 
16/18 [=========================>....] - ETA: 37s - loss: 0.2220 - acc: 0.9274
17/18 [===========================>..] - ETA: 18s - loss: 0.2228 - acc: 0.9289
18/18 [==============================] - 353s 20s/step - loss: 0.2248 - acc: 0.9285 - val_loss: 0.4978 - val_acc: 0.8533
Epoch 16/40

 1/18 [>.............................] - ETA: 5:27 - loss: 0.1785 - acc: 0.9688
 2/18 [==>...........................] - ETA: 5:04 - loss: 0.1848 - acc: 0.9531
 3/18 [====>.........................] - ETA: 4:51 - loss: 0.1715 - acc: 0.9583
 4/18 [=====>........................] - ETA: 4:20 - loss: 0.1438 - acc: 0.9648
 5/18 [=======>......................] - ETA: 3:55 - loss: 0.1587 - acc: 0.9625
 6/18 [=========>....................] - ETA: 3:37 - loss: 0.1529 - acc: 0.9635
 7/18 [==========>...................] - ETA: 3:20 - loss: 0.1616 - acc: 0.9621
 8/18 [============>.................] - ETA: 3:04 - loss: 0.1712 - acc: 0.9590
 9/18 [==============>...............] - ETA: 2:46 - loss: 0.1634 - acc: 0.9618
10/18 [===============>..............] - ETA: 2:29 - loss: 0.1764 - acc: 0.9594
11/18 [=================>............] - ETA: 2:10 - loss: 0.1690 - acc: 0.9616
12/18 [===================>..........] - ETA: 1:52 - loss: 0.1753 - acc: 0.9583
13/18 [====================>.........] - ETA: 1:33 - loss: 0.1792 - acc: 0.9567
14/18 [======================>.......] - ETA: 1:15 - loss: 0.1810 - acc: 0.9554
15/18 [========================>.....] - ETA: 55s - loss: 0.1778 - acc: 0.9556 
16/18 [=========================>....] - ETA: 36s - loss: 0.1739 - acc: 0.9564
17/18 [===========================>..] - ETA: 18s - loss: 0.1776 - acc: 0.9544
18/18 [==============================] - 347s 19s/step - loss: 0.1744 - acc: 0.9560 - val_loss: 0.4627 - val_acc: 0.8567
Epoch 17/40

 1/18 [>.............................] - ETA: 5:12 - loss: 0.2207 - acc: 0.9531
 2/18 [==>...........................] - ETA: 5:01 - loss: 0.1780 - acc: 0.9375
 3/18 [====>.........................] - ETA: 4:35 - loss: 0.1972 - acc: 0.9167
 4/18 [=====>........................] - ETA: 4:08 - loss: 0.2016 - acc: 0.9102
 5/18 [=======>......................] - ETA: 3:51 - loss: 0.1838 - acc: 0.9250
 6/18 [=========>....................] - ETA: 3:37 - loss: 0.1752 - acc: 0.9297
 7/18 [==========>...................] - ETA: 3:17 - loss: 0.1687 - acc: 0.9375
 8/18 [============>.................] - ETA: 3:00 - loss: 0.1746 - acc: 0.9395
 9/18 [==============>...............] - ETA: 2:43 - loss: 0.1781 - acc: 0.9410
10/18 [===============>..............] - ETA: 2:25 - loss: 0.1781 - acc: 0.9437
11/18 [=================>............] - ETA: 2:07 - loss: 0.1780 - acc: 0.9432
12/18 [===================>..........] - ETA: 1:50 - loss: 0.1843 - acc: 0.9401
13/18 [====================>.........] - ETA: 1:30 - loss: 0.1955 - acc: 0.9351
14/18 [======================>.......] - ETA: 1:12 - loss: 0.1916 - acc: 0.9353
15/18 [========================>.....] - ETA: 54s - loss: 0.1812 - acc: 0.9396 
16/18 [=========================>....] - ETA: 35s - loss: 0.1768 - acc: 0.9408
17/18 [===========================>..] - ETA: 17s - loss: 0.1776 - acc: 0.9415
18/18 [==============================] - 343s 19s/step - loss: 0.1752 - acc: 0.9430 - val_loss: 0.4291 - val_acc: 0.8600
Epoch 18/40

 1/18 [>.............................] - ETA: 5:01 - loss: 0.0810 - acc: 0.9844
 2/18 [==>...........................] - ETA: 4:31 - loss: 0.1464 - acc: 0.9531
 3/18 [====>.........................] - ETA: 4:15 - loss: 0.1524 - acc: 0.9531
 4/18 [=====>........................] - ETA: 4:06 - loss: 0.1330 - acc: 0.9609
 5/18 [=======>......................] - ETA: 4:03 - loss: 0.1332 - acc: 0.9594
 6/18 [=========>....................] - ETA: 3:59 - loss: 0.1472 - acc: 0.9531
 7/18 [==========>...................] - ETA: 3:48 - loss: 0.1505 - acc: 0.9554
 8/18 [============>.................] - ETA: 3:33 - loss: 0.1619 - acc: 0.9551
 9/18 [==============>...............] - ETA: 3:14 - loss: 0.1573 - acc: 0.9583
10/18 [===============>..............] - ETA: 2:54 - loss: 0.1506 - acc: 0.9594
11/18 [=================>............] - ETA: 2:34 - loss: 0.1463 - acc: 0.9616
12/18 [===================>..........] - ETA: 2:12 - loss: 0.1485 - acc: 0.9596
13/18 [====================>.........] - ETA: 1:49 - loss: 0.1587 - acc: 0.9567
14/18 [======================>.......] - ETA: 1:27 - loss: 0.1687 - acc: 0.9542
15/18 [========================>.....] - ETA: 1:05 - loss: 0.1680 - acc: 0.9531
16/18 [=========================>....] - ETA: 42s - loss: 0.1701 - acc: 0.9531 
17/18 [===========================>..] - ETA: 20s - loss: 0.1624 - acc: 0.9559
18/18 [==============================] - 393s 22s/step - loss: 0.1599 - acc: 0.9566 - val_loss: 0.4061 - val_acc: 0.8667
Epoch 19/40

 1/18 [>.............................] - ETA: 5:37 - loss: 0.1917 - acc: 0.9219
 2/18 [==>...........................] - ETA: 5:09 - loss: 0.1706 - acc: 0.9453
 3/18 [====>.........................] - ETA: 4:53 - loss: 0.1648 - acc: 0.9479
 4/18 [=====>........................] - ETA: 4:19 - loss: 0.1710 - acc: 0.9453
 5/18 [=======>......................] - ETA: 3:56 - loss: 0.1622 - acc: 0.9469
 6/18 [=========>....................] - ETA: 3:40 - loss: 0.1665 - acc: 0.9427
 7/18 [==========>...................] - ETA: 3:23 - loss: 0.1685 - acc: 0.9442
 8/18 [============>.................] - ETA: 3:06 - loss: 0.1537 - acc: 0.9492
 9/18 [==============>...............] - ETA: 2:47 - loss: 0.1472 - acc: 0.9514
10/18 [===============>..............] - ETA: 2:30 - loss: 0.1453 - acc: 0.9531
11/18 [=================>............] - ETA: 2:09 - loss: 0.1428 - acc: 0.9531
12/18 [===================>..........] - ETA: 1:50 - loss: 0.1422 - acc: 0.9557
13/18 [====================>.........] - ETA: 1:32 - loss: 0.1425 - acc: 0.9543
14/18 [======================>.......] - ETA: 1:14 - loss: 0.1414 - acc: 0.9554
15/18 [========================>.....] - ETA: 55s - loss: 0.1428 - acc: 0.9542 
16/18 [=========================>....] - ETA: 37s - loss: 0.1426 - acc: 0.9551
17/18 [===========================>..] - ETA: 18s - loss: 0.1410 - acc: 0.9568
18/18 [==============================] - 351s 20s/step - loss: 0.1523 - acc: 0.9535 - val_loss: 0.3548 - val_acc: 0.9033
Epoch 20/40

 1/18 [>.............................] - ETA: 5:17 - loss: 0.1271 - acc: 0.9375
 2/18 [==>...........................] - ETA: 5:14 - loss: 0.1046 - acc: 0.9688
 3/18 [====>.........................] - ETA: 4:32 - loss: 0.0997 - acc: 0.9635
 4/18 [=====>........................] - ETA: 4:08 - loss: 0.1373 - acc: 0.9492
 5/18 [=======>......................] - ETA: 3:54 - loss: 0.1368 - acc: 0.9531
 6/18 [=========>....................] - ETA: 3:39 - loss: 0.1252 - acc: 0.9609
 7/18 [==========>...................] - ETA: 3:22 - loss: 0.1179 - acc: 0.9643
 8/18 [============>.................] - ETA: 3:04 - loss: 0.1140 - acc: 0.9668
 9/18 [==============>...............] - ETA: 2:47 - loss: 0.1141 - acc: 0.9670
10/18 [===============>..............] - ETA: 2:26 - loss: 0.1116 - acc: 0.9672
11/18 [=================>............] - ETA: 2:06 - loss: 0.1090 - acc: 0.9673
12/18 [===================>..........] - ETA: 1:49 - loss: 0.1068 - acc: 0.9674
13/18 [====================>.........] - ETA: 1:31 - loss: 0.1089 - acc: 0.9675
14/18 [======================>.......] - ETA: 1:13 - loss: 0.1092 - acc: 0.9665
15/18 [========================>.....] - ETA: 54s - loss: 0.1078 - acc: 0.9667 
16/18 [=========================>....] - ETA: 36s - loss: 0.1089 - acc: 0.9668
17/18 [===========================>..] - ETA: 18s - loss: 0.1068 - acc: 0.9678
18/18 [==============================] - 345s 19s/step - loss: 0.1080 - acc: 0.9670 - val_loss: 0.3634 - val_acc: 0.8833
Epoch 21/40

 1/18 [>.............................] - ETA: 4:05 - loss: 0.0881 - acc: 0.9792
 2/18 [==>...........................] - ETA: 4:16 - loss: 0.1064 - acc: 0.9661
 3/18 [====>.........................] - ETA: 4:08 - loss: 0.0792 - acc: 0.9774
 4/18 [=====>........................] - ETA: 4:02 - loss: 0.0819 - acc: 0.9792
 5/18 [=======>......................] - ETA: 3:49 - loss: 0.0887 - acc: 0.9740
 6/18 [=========>....................] - ETA: 3:34 - loss: 0.0837 - acc: 0.9731
 7/18 [==========>...................] - ETA: 3:20 - loss: 0.0919 - acc: 0.9680
 8/18 [============>.................] - ETA: 3:00 - loss: 0.0887 - acc: 0.9701
 9/18 [==============>...............] - ETA: 2:40 - loss: 0.0892 - acc: 0.9734
10/18 [===============>..............] - ETA: 2:22 - loss: 0.0892 - acc: 0.9745
11/18 [=================>............] - ETA: 2:05 - loss: 0.0874 - acc: 0.9754
12/18 [===================>..........] - ETA: 1:50 - loss: 0.0976 - acc: 0.9735
13/18 [====================>.........] - ETA: 1:35 - loss: 0.0953 - acc: 0.9756
14/18 [======================>.......] - ETA: 1:18 - loss: 0.0947 - acc: 0.9762
15/18 [========================>.....] - ETA: 59s - loss: 0.1032 - acc: 0.9715 
16/18 [=========================>....] - ETA: 40s - loss: 0.1030 - acc: 0.9714
17/18 [===========================>..] - ETA: 20s - loss: 0.1035 - acc: 0.9703
18/18 [==============================] - 392s 22s/step - loss: 0.1047 - acc: 0.9693 - val_loss: 0.3731 - val_acc: 0.8733
Epoch 22/40

 1/18 [>.............................] - ETA: 5:58 - loss: 0.0734 - acc: 0.9688
 2/18 [==>...........................] - ETA: 4:54 - loss: 0.0841 - acc: 0.9635
 3/18 [====>.........................] - ETA: 4:41 - loss: 0.0757 - acc: 0.9705
 4/18 [=====>........................] - ETA: 4:13 - loss: 0.0714 - acc: 0.9779
 5/18 [=======>......................] - ETA: 3:56 - loss: 0.0797 - acc: 0.9729
 6/18 [=========>....................] - ETA: 3:42 - loss: 0.0814 - acc: 0.9722
 7/18 [==========>...................] - ETA: 3:26 - loss: 0.0844 - acc: 0.9717
 8/18 [============>.................] - ETA: 3:09 - loss: 0.0828 - acc: 0.9733
 9/18 [==============>...............] - ETA: 2:51 - loss: 0.0766 - acc: 0.9763
10/18 [===============>..............] - ETA: 2:31 - loss: 0.0771 - acc: 0.9755
11/18 [=================>............] - ETA: 2:11 - loss: 0.0759 - acc: 0.9763
12/18 [===================>..........] - ETA: 1:51 - loss: 0.0816 - acc: 0.9731
13/18 [====================>.........] - ETA: 1:33 - loss: 0.0805 - acc: 0.9740
14/18 [======================>.......] - ETA: 1:14 - loss: 0.0786 - acc: 0.9747
15/18 [========================>.....] - ETA: 56s - loss: 0.0782 - acc: 0.9753 
16/18 [=========================>....] - ETA: 37s - loss: 0.0778 - acc: 0.9759
17/18 [===========================>..] - ETA: 18s - loss: 0.0783 - acc: 0.9755
18/18 [==============================] - 352s 20s/step - loss: 0.0758 - acc: 0.9769 - val_loss: 0.3991 - val_acc: 0.8767
Epoch 23/40

 1/18 [>.............................] - ETA: 5:34 - loss: 0.0441 - acc: 0.9844
 2/18 [==>...........................] - ETA: 5:03 - loss: 0.0950 - acc: 0.9688
 3/18 [====>.........................] - ETA: 4:24 - loss: 0.1650 - acc: 0.9583
 4/18 [=====>........................] - ETA: 4:11 - loss: 0.1461 - acc: 0.9609
 5/18 [=======>......................] - ETA: 3:57 - loss: 0.1458 - acc: 0.9594
 6/18 [=========>....................] - ETA: 3:41 - loss: 0.1295 - acc: 0.9661
 7/18 [==========>...................] - ETA: 3:24 - loss: 0.1192 - acc: 0.9688
 8/18 [============>.................] - ETA: 3:06 - loss: 0.1151 - acc: 0.9688
 9/18 [==============>...............] - ETA: 2:46 - loss: 0.1130 - acc: 0.9688
10/18 [===============>..............] - ETA: 2:25 - loss: 0.1135 - acc: 0.9672
11/18 [=================>............] - ETA: 2:06 - loss: 0.1192 - acc: 0.9645
12/18 [===================>..........] - ETA: 1:49 - loss: 0.1197 - acc: 0.9648
13/18 [====================>.........] - ETA: 1:31 - loss: 0.1120 - acc: 0.9675
14/18 [======================>.......] - ETA: 1:13 - loss: 0.1196 - acc: 0.9654
15/18 [========================>.....] - ETA: 55s - loss: 0.1128 - acc: 0.9677 
16/18 [=========================>....] - ETA: 36s - loss: 0.1123 - acc: 0.9688
17/18 [===========================>..] - ETA: 18s - loss: 0.1110 - acc: 0.9678
18/18 [==============================] - 345s 19s/step - loss: 0.1072 - acc: 0.9688 - val_loss: 0.4016 - val_acc: 0.8667
Epoch 24/40

 1/18 [>.............................] - ETA: 5:17 - loss: 0.0847 - acc: 0.9688
 2/18 [==>...........................] - ETA: 5:06 - loss: 0.1025 - acc: 0.9531
 3/18 [====>.........................] - ETA: 4:49 - loss: 0.1087 - acc: 0.9583
 4/18 [=====>........................] - ETA: 4:10 - loss: 0.1136 - acc: 0.9583
 5/18 [=======>......................] - ETA: 3:48 - loss: 0.1361 - acc: 0.9573
 6/18 [=========>....................] - ETA: 3:29 - loss: 0.1365 - acc: 0.9618
 7/18 [==========>...................] - ETA: 3:15 - loss: 0.1288 - acc: 0.9628
 8/18 [============>.................] - ETA: 2:58 - loss: 0.1229 - acc: 0.9635
 9/18 [==============>...............] - ETA: 2:42 - loss: 0.1131 - acc: 0.9676
10/18 [===============>..............] - ETA: 2:25 - loss: 0.1090 - acc: 0.9677
11/18 [=================>............] - ETA: 2:07 - loss: 0.1020 - acc: 0.9706
12/18 [===================>..........] - ETA: 1:47 - loss: 0.1007 - acc: 0.9705
13/18 [====================>.........] - ETA: 1:29 - loss: 0.1096 - acc: 0.9667
14/18 [======================>.......] - ETA: 1:12 - loss: 0.1100 - acc: 0.9669
15/18 [========================>.....] - ETA: 54s - loss: 0.1056 - acc: 0.9681 
16/18 [=========================>....] - ETA: 36s - loss: 0.1020 - acc: 0.9691
17/18 [===========================>..] - ETA: 18s - loss: 0.1026 - acc: 0.9681
18/18 [==============================] - 349s 19s/step - loss: 0.1036 - acc: 0.9673 - val_loss: 0.4030 - val_acc: 0.8733
Epoch 25/40

 1/18 [>.............................] - ETA: 7:27 - loss: 0.0608 - acc: 0.9844
 2/18 [==>...........................] - ETA: 6:55 - loss: 0.1041 - acc: 0.9688
 3/18 [====>.........................] - ETA: 6:20 - loss: 0.1417 - acc: 0.9635
 4/18 [=====>........................] - ETA: 5:56 - loss: 0.1141 - acc: 0.9727
 5/18 [=======>......................] - ETA: 5:14 - loss: 0.0971 - acc: 0.9781
 6/18 [=========>....................] - ETA: 4:50 - loss: 0.0979 - acc: 0.9766
 7/18 [==========>...................] - ETA: 4:23 - loss: 0.1022 - acc: 0.9710
 8/18 [============>.................] - ETA: 3:56 - loss: 0.1125 - acc: 0.9688
 9/18 [==============>...............] - ETA: 3:29 - loss: 0.1124 - acc: 0.9688
10/18 [===============>..............] - ETA: 3:00 - loss: 0.1107 - acc: 0.9703
11/18 [=================>............] - ETA: 2:34 - loss: 0.1115 - acc: 0.9688
12/18 [===================>..........] - ETA: 2:11 - loss: 0.1080 - acc: 0.9701
13/18 [====================>.........] - ETA: 1:48 - loss: 0.1025 - acc: 0.9724
14/18 [======================>.......] - ETA: 1:26 - loss: 0.1026 - acc: 0.9721
15/18 [========================>.....] - ETA: 1:04 - loss: 0.1006 - acc: 0.9719
16/18 [=========================>....] - ETA: 42s - loss: 0.0968 - acc: 0.9736 
17/18 [===========================>..] - ETA: 21s - loss: 0.0990 - acc: 0.9715
18/18 [==============================] - 395s 22s/step - loss: 0.0979 - acc: 0.9713 - val_loss: 0.3842 - val_acc: 0.8800
Epoch 26/40

 1/18 [>.............................] - ETA: 5:18 - loss: 0.0283 - acc: 1.0000
 2/18 [==>...........................] - ETA: 5:08 - loss: 0.0492 - acc: 0.9922
 3/18 [====>.........................] - ETA: 4:48 - loss: 0.0903 - acc: 0.9635
 4/18 [=====>........................] - ETA: 4:29 - loss: 0.1055 - acc: 0.9609
 5/18 [=======>......................] - ETA: 4:03 - loss: 0.1124 - acc: 0.9531
 6/18 [=========>....................] - ETA: 3:31 - loss: 0.1213 - acc: 0.9470
 7/18 [==========>...................] - ETA: 3:17 - loss: 0.1158 - acc: 0.9501
 8/18 [============>.................] - ETA: 3:00 - loss: 0.1135 - acc: 0.9505
 9/18 [==============>...............] - ETA: 2:44 - loss: 0.1051 - acc: 0.9560
10/18 [===============>..............] - ETA: 2:26 - loss: 0.1008 - acc: 0.9589
11/18 [=================>............] - ETA: 2:09 - loss: 0.1038 - acc: 0.9583
12/18 [===================>..........] - ETA: 1:50 - loss: 0.1008 - acc: 0.9605
13/18 [====================>.........] - ETA: 1:32 - loss: 0.1067 - acc: 0.9599
14/18 [======================>.......] - ETA: 1:14 - loss: 0.1082 - acc: 0.9594
15/18 [========================>.....] - ETA: 55s - loss: 0.1034 - acc: 0.9622 
16/18 [=========================>....] - ETA: 36s - loss: 0.1035 - acc: 0.9616
17/18 [===========================>..] - ETA: 18s - loss: 0.1008 - acc: 0.9629
18/18 [==============================] - 349s 19s/step - loss: 0.1014 - acc: 0.9633 - val_loss: 0.4543 - val_acc: 0.8600
Epoch 27/40

 1/18 [>.............................] - ETA: 5:29 - loss: 0.0363 - acc: 0.9844
 2/18 [==>...........................] - ETA: 5:06 - loss: 0.0487 - acc: 0.9844
 3/18 [====>.........................] - ETA: 4:43 - loss: 0.0481 - acc: 0.9896
 4/18 [=====>........................] - ETA: 4:13 - loss: 0.0473 - acc: 0.9883
 5/18 [=======>......................] - ETA: 3:51 - loss: 0.0426 - acc: 0.9906
 6/18 [=========>....................] - ETA: 3:35 - loss: 0.0849 - acc: 0.9766
 7/18 [==========>...................] - ETA: 3:12 - loss: 0.0803 - acc: 0.9769
 8/18 [============>.................] - ETA: 2:57 - loss: 0.0864 - acc: 0.9720
 9/18 [==============>...............] - ETA: 2:40 - loss: 0.0926 - acc: 0.9699
10/18 [===============>..............] - ETA: 2:24 - loss: 0.0867 - acc: 0.9714
11/18 [=================>............] - ETA: 2:04 - loss: 0.0837 - acc: 0.9711
12/18 [===================>..........] - ETA: 1:45 - loss: 0.0831 - acc: 0.9709
13/18 [====================>.........] - ETA: 1:28 - loss: 0.0814 - acc: 0.9720
14/18 [======================>.......] - ETA: 1:11 - loss: 0.0835 - acc: 0.9728
15/18 [========================>.....] - ETA: 53s - loss: 0.0798 - acc: 0.9747 
16/18 [=========================>....] - ETA: 35s - loss: 0.0797 - acc: 0.9743
17/18 [===========================>..] - ETA: 18s - loss: 0.0791 - acc: 0.9749
18/18 [==============================] - 339s 19s/step - loss: 0.0782 - acc: 0.9754 - val_loss: 0.3746 - val_acc: 0.8900
Epoch 28/40

 1/18 [>.............................] - ETA: 5:26 - loss: 0.0345 - acc: 1.0000
 2/18 [==>...........................] - ETA: 5:04 - loss: 0.0492 - acc: 0.9922
 3/18 [====>.........................] - ETA: 4:44 - loss: 0.0429 - acc: 0.9948
 4/18 [=====>........................] - ETA: 4:22 - loss: 0.0575 - acc: 0.9883
 5/18 [=======>......................] - ETA: 4:06 - loss: 0.0795 - acc: 0.9781
 6/18 [=========>....................] - ETA: 3:42 - loss: 0.0681 - acc: 0.9818
 7/18 [==========>...................] - ETA: 3:20 - loss: 0.0642 - acc: 0.9821
 8/18 [============>.................] - ETA: 3:03 - loss: 0.0586 - acc: 0.9844
 9/18 [==============>...............] - ETA: 2:52 - loss: 0.0641 - acc: 0.9826
10/18 [===============>..............] - ETA: 2:36 - loss: 0.0598 - acc: 0.9844
11/18 [=================>............] - ETA: 2:20 - loss: 0.0564 - acc: 0.9858
12/18 [===================>..........] - ETA: 2:03 - loss: 0.0569 - acc: 0.9844
13/18 [====================>.........] - ETA: 1:44 - loss: 0.0572 - acc: 0.9844
14/18 [======================>.......] - ETA: 1:24 - loss: 0.0567 - acc: 0.9833
15/18 [========================>.....] - ETA: 1:03 - loss: 0.0559 - acc: 0.9823
16/18 [=========================>....] - ETA: 42s - loss: 0.0574 - acc: 0.9814 
17/18 [===========================>..] - ETA: 20s - loss: 0.0591 - acc: 0.9807
18/18 [==============================] - 392s 22s/step - loss: 0.0586 - acc: 0.9800 - val_loss: 0.3892 - val_acc: 0.8867
Epoch 29/40

 1/18 [>.............................] - ETA: 5:27 - loss: 0.0569 - acc: 0.9688
 2/18 [==>...........................] - ETA: 5:07 - loss: 0.0653 - acc: 0.9766
 3/18 [====>.........................] - ETA: 4:49 - loss: 0.0575 - acc: 0.9792
 4/18 [=====>........................] - ETA: 4:28 - loss: 0.0567 - acc: 0.9766
 5/18 [=======>......................] - ETA: 4:02 - loss: 0.0498 - acc: 0.9781
 6/18 [=========>....................] - ETA: 3:40 - loss: 0.0764 - acc: 0.9714
 7/18 [==========>...................] - ETA: 3:25 - loss: 0.0671 - acc: 0.9754
 8/18 [============>.................] - ETA: 3:06 - loss: 0.0670 - acc: 0.9746
 9/18 [==============>...............] - ETA: 2:44 - loss: 0.0661 - acc: 0.9728
10/18 [===============>..............] - ETA: 2:26 - loss: 0.0628 - acc: 0.9740
11/18 [=================>............] - ETA: 2:08 - loss: 0.0590 - acc: 0.9763
12/18 [===================>..........] - ETA: 1:49 - loss: 0.0562 - acc: 0.9783
13/18 [====================>.........] - ETA: 1:30 - loss: 0.0535 - acc: 0.9800
14/18 [======================>.......] - ETA: 1:12 - loss: 0.0518 - acc: 0.9803
15/18 [========================>.....] - ETA: 54s - loss: 0.0535 - acc: 0.9806 
16/18 [=========================>....] - ETA: 36s - loss: 0.0561 - acc: 0.9798
17/18 [===========================>..] - ETA: 18s - loss: 0.0589 - acc: 0.9792
18/18 [==============================] - 351s 20s/step - loss: 0.0591 - acc: 0.9795 - val_loss: 0.4603 - val_acc: 0.8933
Epoch 30/40

 1/18 [>.............................] - ETA: 5:29 - loss: 0.1159 - acc: 0.9688
 2/18 [==>...........................] - ETA: 5:04 - loss: 0.1228 - acc: 0.9609
 3/18 [====>.........................] - ETA: 4:44 - loss: 0.0850 - acc: 0.9740
 4/18 [=====>........................] - ETA: 4:15 - loss: 0.0885 - acc: 0.9727
 5/18 [=======>......................] - ETA: 3:51 - loss: 0.0830 - acc: 0.9750
 6/18 [=========>....................] - ETA: 3:36 - loss: 0.0751 - acc: 0.9792
 7/18 [==========>...................] - ETA: 3:18 - loss: 0.0670 - acc: 0.9821
 8/18 [============>.................] - ETA: 3:01 - loss: 0.0654 - acc: 0.9824
 9/18 [==============>...............] - ETA: 2:43 - loss: 0.0772 - acc: 0.9809
10/18 [===============>..............] - ETA: 2:23 - loss: 0.0716 - acc: 0.9828
11/18 [=================>............] - ETA: 2:04 - loss: 0.0667 - acc: 0.9844
12/18 [===================>..........] - ETA: 1:45 - loss: 0.0623 - acc: 0.9857
13/18 [====================>.........] - ETA: 1:28 - loss: 0.0601 - acc: 0.9868
14/18 [======================>.......] - ETA: 1:11 - loss: 0.0595 - acc: 0.9866
15/18 [========================>.....] - ETA: 53s - loss: 0.0588 - acc: 0.9865 
16/18 [=========================>....] - ETA: 35s - loss: 0.0592 - acc: 0.9854
17/18 [===========================>..] - ETA: 18s - loss: 0.0761 - acc: 0.9816
18/18 [==============================] - 339s 19s/step - loss: 0.0736 - acc: 0.9818 - val_loss: 0.4375 - val_acc: 0.8833
Epoch 31/40

 1/18 [>.............................] - ETA: 5:23 - loss: 0.0147 - acc: 1.0000
 2/18 [==>...........................] - ETA: 5:06 - loss: 0.0109 - acc: 1.0000
 3/18 [====>.........................] - ETA: 4:46 - loss: 0.0349 - acc: 0.9948
 4/18 [=====>........................] - ETA: 4:24 - loss: 0.0308 - acc: 0.9961
 5/18 [=======>......................] - ETA: 4:09 - loss: 0.0289 - acc: 0.9969
 6/18 [=========>....................] - ETA: 3:43 - loss: 0.0306 - acc: 0.9974
 7/18 [==========>...................] - ETA: 3:21 - loss: 0.0322 - acc: 0.9978
 8/18 [============>.................] - ETA: 3:04 - loss: 0.0319 - acc: 0.9961
 9/18 [==============>...............] - ETA: 2:46 - loss: 0.0317 - acc: 0.9965
10/18 [===============>..............] - ETA: 2:28 - loss: 0.0293 - acc: 0.9969
11/18 [=================>............] - ETA: 2:07 - loss: 0.0336 - acc: 0.9953
12/18 [===================>..........] - ETA: 1:49 - loss: 0.0338 - acc: 0.9944
13/18 [====================>.........] - ETA: 1:31 - loss: 0.0336 - acc: 0.9948
14/18 [======================>.......] - ETA: 1:12 - loss: 0.0417 - acc: 0.9918
15/18 [========================>.....] - ETA: 54s - loss: 0.0433 - acc: 0.9913 
16/18 [=========================>....] - ETA: 37s - loss: 0.0418 - acc: 0.9919
17/18 [===========================>..] - ETA: 19s - loss: 0.0477 - acc: 0.9887
18/18 [==============================] - 376s 21s/step - loss: 0.0531 - acc: 0.9884 - val_loss: 0.4530 - val_acc: 0.8733
Epoch 32/40

 1/18 [>.............................] - ETA: 7:10 - loss: 0.0130 - acc: 1.0000
 2/18 [==>...........................] - ETA: 6:10 - loss: 0.0286 - acc: 0.9922
 3/18 [====>.........................] - ETA: 5:32 - loss: 0.0677 - acc: 0.9896
 4/18 [=====>........................] - ETA: 5:07 - loss: 0.0528 - acc: 0.9922
 5/18 [=======>......................] - ETA: 4:39 - loss: 0.0627 - acc: 0.9875
 6/18 [=========>....................] - ETA: 4:14 - loss: 0.0619 - acc: 0.9870
 7/18 [==========>...................] - ETA: 3:51 - loss: 0.0580 - acc: 0.9866
 8/18 [============>.................] - ETA: 3:28 - loss: 0.0531 - acc: 0.9883
 9/18 [==============>...............] - ETA: 3:06 - loss: 0.0488 - acc: 0.9896
10/18 [===============>..............] - ETA: 2:45 - loss: 0.0466 - acc: 0.9906
11/18 [=================>............] - ETA: 2:22 - loss: 0.0453 - acc: 0.9915
12/18 [===================>..........] - ETA: 1:58 - loss: 0.0530 - acc: 0.9887
13/18 [====================>.........] - ETA: 1:37 - loss: 0.0559 - acc: 0.9872
14/18 [======================>.......] - ETA: 1:18 - loss: 0.0538 - acc: 0.9881
15/18 [========================>.....] - ETA: 58s - loss: 0.0558 - acc: 0.9868 
16/18 [=========================>....] - ETA: 39s - loss: 0.0561 - acc: 0.9867
17/18 [===========================>..] - ETA: 19s - loss: 0.0546 - acc: 0.9865
18/18 [==============================] - 367s 20s/step - loss: 0.0563 - acc: 0.9847 - val_loss: 0.4238 - val_acc: 0.8833
Epoch 33/40

 1/18 [>.............................] - ETA: 5:04 - loss: 0.0742 - acc: 0.9688
 2/18 [==>...........................] - ETA: 4:57 - loss: 0.0395 - acc: 0.9844
 3/18 [====>.........................] - ETA: 4:39 - loss: 0.0323 - acc: 0.9896
 4/18 [=====>........................] - ETA: 4:23 - loss: 0.0332 - acc: 0.9922
 5/18 [=======>......................] - ETA: 4:05 - loss: 0.0302 - acc: 0.9938
 6/18 [=========>....................] - ETA: 3:48 - loss: 0.0299 - acc: 0.9922
 7/18 [==========>...................] - ETA: 3:30 - loss: 0.0290 - acc: 0.9911
 8/18 [============>.................] - ETA: 3:11 - loss: 0.0291 - acc: 0.9902
 9/18 [==============>...............] - ETA: 2:53 - loss: 0.0269 - acc: 0.9913
10/18 [===============>..............] - ETA: 2:31 - loss: 0.0267 - acc: 0.9922
11/18 [=================>............] - ETA: 2:11 - loss: 0.0267 - acc: 0.9915
12/18 [===================>..........] - ETA: 1:52 - loss: 0.0313 - acc: 0.9909
13/18 [====================>.........] - ETA: 1:32 - loss: 0.0334 - acc: 0.9900
14/18 [======================>.......] - ETA: 1:13 - loss: 0.0334 - acc: 0.9896
15/18 [========================>.....] - ETA: 55s - loss: 0.0331 - acc: 0.9892 
16/18 [=========================>....] - ETA: 37s - loss: 0.0323 - acc: 0.9899
17/18 [===========================>..] - ETA: 18s - loss: 0.0314 - acc: 0.9905
18/18 [==============================] - 349s 19s/step - loss: 0.0301 - acc: 0.9910 - val_loss: 0.3844 - val_acc: 0.8933
Epoch 34/40

 1/18 [>.............................] - ETA: 5:25 - loss: 0.0749 - acc: 0.9688
 2/18 [==>...........................] - ETA: 5:04 - loss: 0.0434 - acc: 0.9844
 3/18 [====>.........................] - ETA: 4:41 - loss: 0.0325 - acc: 0.9896
 4/18 [=====>........................] - ETA: 4:26 - loss: 0.0338 - acc: 0.9922
 5/18 [=======>......................] - ETA: 4:02 - loss: 0.0346 - acc: 0.9906
 6/18 [=========>....................] - ETA: 3:38 - loss: 0.0311 - acc: 0.9922
 7/18 [==========>...................] - ETA: 3:18 - loss: 0.0304 - acc: 0.9911
 8/18 [============>.................] - ETA: 3:02 - loss: 0.0282 - acc: 0.9922
 9/18 [==============>...............] - ETA: 2:45 - loss: 0.0350 - acc: 0.9896
10/18 [===============>..............] - ETA: 2:27 - loss: 0.0344 - acc: 0.9906
11/18 [=================>............] - ETA: 2:10 - loss: 0.0320 - acc: 0.9915
12/18 [===================>..........] - ETA: 1:51 - loss: 0.0345 - acc: 0.9896
13/18 [====================>.........] - ETA: 1:31 - loss: 0.0346 - acc: 0.9892
14/18 [======================>.......] - ETA: 1:11 - loss: 0.0372 - acc: 0.9885
15/18 [========================>.....] - ETA: 54s - loss: 0.0385 - acc: 0.9872 
16/18 [=========================>....] - ETA: 36s - loss: 0.0431 - acc: 0.9850
17/18 [===========================>..] - ETA: 18s - loss: 0.0454 - acc: 0.9841
18/18 [==============================] - 346s 19s/step - loss: 0.0441 - acc: 0.9850 - val_loss: 0.3605 - val_acc: 0.9033
Epoch 35/40

 1/18 [>.............................] - ETA: 4:30 - loss: 0.0722 - acc: 0.9844
 2/18 [==>...........................] - ETA: 4:53 - loss: 0.0956 - acc: 0.9688
 3/18 [====>.........................] - ETA: 5:12 - loss: 0.0787 - acc: 0.9740
 4/18 [=====>........................] - ETA: 5:09 - loss: 0.0628 - acc: 0.9805
 5/18 [=======>......................] - ETA: 4:55 - loss: 0.0569 - acc: 0.9812
 6/18 [=========>....................] - ETA: 4:37 - loss: 0.0491 - acc: 0.9844
 7/18 [==========>...................] - ETA: 4:18 - loss: 0.0428 - acc: 0.9866
 8/18 [============>.................] - ETA: 3:51 - loss: 0.0395 - acc: 0.9883
 9/18 [==============>...............] - ETA: 3:23 - loss: 0.0405 - acc: 0.9878
10/18 [===============>..............] - ETA: 3:00 - loss: 0.0375 - acc: 0.9891
11/18 [=================>............] - ETA: 2:36 - loss: 0.0375 - acc: 0.9901
12/18 [===================>..........] - ETA: 2:13 - loss: 0.0355 - acc: 0.9909
13/18 [====================>.........] - ETA: 1:49 - loss: 0.0336 - acc: 0.9916
14/18 [======================>.......] - ETA: 1:27 - loss: 0.0333 - acc: 0.9911
15/18 [========================>.....] - ETA: 1:03 - loss: 0.0339 - acc: 0.9917
16/18 [=========================>....] - ETA: 41s - loss: 0.0336 - acc: 0.9912 
17/18 [===========================>..] - ETA: 20s - loss: 0.0320 - acc: 0.9917
18/18 [==============================] - 391s 22s/step - loss: 0.0316 - acc: 0.9922 - val_loss: 0.3697 - val_acc: 0.8933
Epoch 36/40

 1/18 [>.............................] - ETA: 5:40 - loss: 0.0592 - acc: 0.9844
 2/18 [==>...........................] - ETA: 5:12 - loss: 0.0349 - acc: 0.9922
 3/18 [====>.........................] - ETA: 4:54 - loss: 0.0440 - acc: 0.9896
 4/18 [=====>........................] - ETA: 4:31 - loss: 0.0345 - acc: 0.9922
 5/18 [=======>......................] - ETA: 4:14 - loss: 0.0286 - acc: 0.9938
 6/18 [=========>....................] - ETA: 3:46 - loss: 0.0256 - acc: 0.9948
 7/18 [==========>...................] - ETA: 3:24 - loss: 0.0260 - acc: 0.9933
 8/18 [============>.................] - ETA: 3:06 - loss: 0.0239 - acc: 0.9941
 9/18 [==============>...............] - ETA: 2:48 - loss: 0.0257 - acc: 0.9931
10/18 [===============>..............] - ETA: 2:30 - loss: 0.0238 - acc: 0.9938
11/18 [=================>............] - ETA: 2:11 - loss: 0.0227 - acc: 0.9943
12/18 [===================>..........] - ETA: 1:53 - loss: 0.0226 - acc: 0.9948
13/18 [====================>.........] - ETA: 1:34 - loss: 0.0252 - acc: 0.9940
14/18 [======================>.......] - ETA: 1:15 - loss: 0.0272 - acc: 0.9933
15/18 [========================>.....] - ETA: 57s - loss: 0.0260 - acc: 0.9938 
16/18 [=========================>....] - ETA: 37s - loss: 0.0269 - acc: 0.9928
17/18 [===========================>..] - ETA: 18s - loss: 0.0271 - acc: 0.9933
18/18 [==============================] - 351s 19s/step - loss: 0.0264 - acc: 0.9936 - val_loss: 0.3706 - val_acc: 0.8967
Epoch 37/40

 1/18 [>.............................] - ETA: 5:22 - loss: 0.1119 - acc: 0.9688
 2/18 [==>...........................] - ETA: 5:08 - loss: 0.0676 - acc: 0.9844
 3/18 [====>.........................] - ETA: 4:47 - loss: 0.0466 - acc: 0.9896
 4/18 [=====>........................] - ETA: 4:30 - loss: 0.0365 - acc: 0.9922
 5/18 [=======>......................] - ETA: 4:03 - loss: 0.0309 - acc: 0.9938
 6/18 [=========>....................] - ETA: 3:39 - loss: 0.0284 - acc: 0.9948
 7/18 [==========>...................] - ETA: 3:22 - loss: 0.0257 - acc: 0.9955
 8/18 [============>.................] - ETA: 3:04 - loss: 0.0255 - acc: 0.9961
 9/18 [==============>...............] - ETA: 2:47 - loss: 0.0241 - acc: 0.9965
10/18 [===============>..............] - ETA: 2:28 - loss: 0.0254 - acc: 0.9969
11/18 [=================>............] - ETA: 2:10 - loss: 0.0238 - acc: 0.9972
12/18 [===================>..........] - ETA: 1:50 - loss: 0.0227 - acc: 0.9974
13/18 [====================>.........] - ETA: 1:31 - loss: 0.0218 - acc: 0.9976
14/18 [======================>.......] - ETA: 1:13 - loss: 0.0237 - acc: 0.9978
15/18 [========================>.....] - ETA: 55s - loss: 0.0249 - acc: 0.9979 
16/18 [=========================>....] - ETA: 36s - loss: 0.0260 - acc: 0.9971
17/18 [===========================>..] - ETA: 18s - loss: 0.0255 - acc: 0.9972
18/18 [==============================] - 343s 19s/step - loss: 0.0253 - acc: 0.9974 - val_loss: 0.3473 - val_acc: 0.9000
Epoch 38/40

 1/18 [>.............................] - ETA: 4:36 - loss: 0.0517 - acc: 0.9688
 2/18 [==>...........................] - ETA: 4:43 - loss: 0.0296 - acc: 0.9844
 3/18 [====>.........................] - ETA: 4:33 - loss: 0.0291 - acc: 0.9844
 4/18 [=====>........................] - ETA: 4:19 - loss: 0.0281 - acc: 0.9883
 5/18 [=======>......................] - ETA: 4:03 - loss: 0.0323 - acc: 0.9875
 6/18 [=========>....................] - ETA: 3:47 - loss: 0.0295 - acc: 0.9896
 7/18 [==========>...................] - ETA: 3:24 - loss: 0.0274 - acc: 0.9911
 8/18 [============>.................] - ETA: 3:13 - loss: 0.0253 - acc: 0.9922
 9/18 [==============>...............] - ETA: 3:01 - loss: 0.0297 - acc: 0.9896
10/18 [===============>..............] - ETA: 2:45 - loss: 0.0278 - acc: 0.9906
11/18 [=================>............] - ETA: 2:27 - loss: 0.0316 - acc: 0.9872
12/18 [===================>..........] - ETA: 2:08 - loss: 0.0331 - acc: 0.9870
13/18 [====================>.........] - ETA: 1:48 - loss: 0.0320 - acc: 0.9880
14/18 [======================>.......] - ETA: 1:26 - loss: 0.0300 - acc: 0.9888
15/18 [========================>.....] - ETA: 1:04 - loss: 0.0289 - acc: 0.9896
16/18 [=========================>....] - ETA: 42s - loss: 0.0296 - acc: 0.9883 
17/18 [===========================>..] - ETA: 21s - loss: 0.0334 - acc: 0.9881
18/18 [==============================] - 397s 22s/step - loss: 0.0365 - acc: 0.9864 - val_loss: 0.3312 - val_acc: 0.9000
Epoch 39/40

 1/18 [>.............................] - ETA: 5:33 - loss: 0.2619 - acc: 0.9531
 2/18 [==>...........................] - ETA: 4:56 - loss: 0.1425 - acc: 0.9766
 3/18 [====>.........................] - ETA: 4:24 - loss: 0.1122 - acc: 0.9792
 4/18 [=====>........................] - ETA: 4:07 - loss: 0.0914 - acc: 0.9805
 5/18 [=======>......................] - ETA: 3:55 - loss: 0.0827 - acc: 0.9812
 6/18 [=========>....................] - ETA: 3:40 - loss: 0.0753 - acc: 0.9818
 7/18 [==========>...................] - ETA: 3:23 - loss: 0.0660 - acc: 0.9844
 8/18 [============>.................] - ETA: 3:06 - loss: 0.0669 - acc: 0.9824
 9/18 [==============>...............] - ETA: 2:47 - loss: 0.0689 - acc: 0.9809
10/18 [===============>..............] - ETA: 2:26 - loss: 0.0626 - acc: 0.9828
11/18 [=================>............] - ETA: 2:08 - loss: 0.0583 - acc: 0.9844
12/18 [===================>..........] - ETA: 1:50 - loss: 0.0564 - acc: 0.9857
13/18 [====================>.........] - ETA: 1:31 - loss: 0.0565 - acc: 0.9844
14/18 [======================>.......] - ETA: 1:13 - loss: 0.0549 - acc: 0.9855
15/18 [========================>.....] - ETA: 55s - loss: 0.0514 - acc: 0.9865 
16/18 [=========================>....] - ETA: 37s - loss: 0.0499 - acc: 0.9863
17/18 [===========================>..] - ETA: 18s - loss: 0.0475 - acc: 0.9871
18/18 [==============================] - 354s 20s/step - loss: 0.0459 - acc: 0.9878 - val_loss: 0.4019 - val_acc: 0.9000
Epoch 40/40

 1/18 [>.............................] - ETA: 4:11 - loss: 0.0201 - acc: 1.0000
 2/18 [==>...........................] - ETA: 4:27 - loss: 0.0127 - acc: 1.0000
 3/18 [====>.........................] - ETA: 4:29 - loss: 0.0096 - acc: 1.0000
 4/18 [=====>........................] - ETA: 4:03 - loss: 0.0415 - acc: 0.9961
 5/18 [=======>......................] - ETA: 3:43 - loss: 0.0418 - acc: 0.9938
 6/18 [=========>....................] - ETA: 3:29 - loss: 0.0356 - acc: 0.9948
 7/18 [==========>...................] - ETA: 3:13 - loss: 0.0330 - acc: 0.9955
 8/18 [============>.................] - ETA: 2:58 - loss: 0.0372 - acc: 0.9941
 9/18 [==============>...............] - ETA: 2:41 - loss: 0.0372 - acc: 0.9948
10/18 [===============>..............] - ETA: 2:24 - loss: 0.0342 - acc: 0.9953
11/18 [=================>............] - ETA: 2:05 - loss: 0.0334 - acc: 0.9943
12/18 [===================>..........] - ETA: 1:46 - loss: 0.0314 - acc: 0.9948
13/18 [====================>.........] - ETA: 1:29 - loss: 0.0327 - acc: 0.9928
14/18 [======================>.......] - ETA: 1:11 - loss: 0.0310 - acc: 0.9933
15/18 [========================>.....] - ETA: 53s - loss: 0.0310 - acc: 0.9927 
16/18 [=========================>....] - ETA: 36s - loss: 0.0306 - acc: 0.9932
17/18 [===========================>..] - ETA: 18s - loss: 0.0293 - acc: 0.9936
18/18 [==============================] - 340s 19s/step - loss: 0.0280 - acc: 0.9939 - val_loss: 0.4711 - val_acc: 0.8900
Using TensorFlow backend.
No handles with labels found to put in legend.
[INFO] evaluating network...
              precision    recall  f1-score   support

     Bedroom       0.97      0.72      0.82       116
       Coast       0.91      0.91      0.91       260
      Forest       0.91      0.97      0.94       228
     Highway       0.88      0.93      0.90       160
  Industrial       0.92      0.83      0.87       211
  InsideCity       0.78      0.95      0.85       208
     Kitchen       0.81      0.89      0.85       110
  LivingRoom       0.80      0.89      0.85       189
    Mountain       0.89      0.94      0.91       274
      Office       0.96      0.95      0.95       115
 OpenCountry       0.88      0.78      0.83       310
       Store       0.92      0.95      0.94       215
      Street       0.96      0.90      0.93       192
      Suburb       0.98      0.98      0.98       141
TallBuilding       0.97      0.88      0.92       256

 avg / total       0.90      0.90      0.90      2985

Accuracy: 0.8964824120603015
[[ 83   0   0   0   0   0   3  28   0   2   0   0   0   0   0]
 [  0 237   2   6   0   0   0   0   1   0  14   0   0   0   0]
 [  0   0 221   0   0   0   0   0   4   0   3   0   0   0   0]
 [  0   1   0 148   1   2   0   0   0   0   2   1   4   0   1]
 [  0   0   0   3 175  16   4   1   0   0   2   4   1   2   3]
 [  0   0   0   1   3 197   1   0   0   0   0   2   2   1   1]
 [  0   0   0   0   0   0  98   7   0   1   0   4   0   0   0]
 [  3   0   0   0   0   1   9 169   0   2   0   5   0   0   0]
 [  0   2   2   0   0   0   0   0 258   0  12   0   0   0   0]
 [  0   0   0   0   0   0   4   2   0 109   0   0   0   0   0]
 [  0  21  14   7   0   0   0   0  27   0 241   0   0   0   0]
 [  0   0   0   0   1   5   2   2   0   0   0 205   0   0   0]
 [  0   0   0   3   1  13   0   0   0   0   0   0 173   0   2]
 [  0   0   0   0   0   2   0   1   0   0   0   0   0 138   0]
 [  0   0   4   0   9  18   0   0   0   0   0   1   0   0 224]]
[INFO] serializing network and label binarizer...
[INFO] plotting and saving results...
0.7
64
Dropout: 0 BS: 64
