2018-11-14 22:09:05.309396: I tensorflow/core/platform/cpu_feature_guard.cc:141] Your CPU supports instructions that this TensorFlow binary was not compiled to use: AVX2 FMA
[INFO] loading images...
[INFO] training network...
Epoch 1/25

 1/18 [>.............................] - ETA: 16:09 - loss: 2.7782 - acc: 0.1250
 2/18 [==>...........................] - ETA: 14:07 - loss: 2.8116 - acc: 0.0781
 3/18 [====>.........................] - ETA: 12:54 - loss: 2.8166 - acc: 0.0833
 4/18 [=====>........................] - ETA: 11:54 - loss: 2.8175 - acc: 0.0859
 5/18 [=======>......................] - ETA: 10:59 - loss: 2.8230 - acc: 0.0813
 6/18 [=========>....................] - ETA: 10:05 - loss: 2.8160 - acc: 0.0833
 7/18 [==========>...................] - ETA: 9:14 - loss: 2.8243 - acc: 0.0759 
 8/18 [============>.................] - ETA: 8:22 - loss: 2.8195 - acc: 0.0781
 9/18 [==============>...............] - ETA: 7:31 - loss: 2.8178 - acc: 0.0747
10/18 [===============>..............] - ETA: 6:39 - loss: 2.8257 - acc: 0.0703
11/18 [=================>............] - ETA: 5:49 - loss: 2.8222 - acc: 0.0668
12/18 [===================>..........] - ETA: 4:59 - loss: 2.8171 - acc: 0.0703
13/18 [====================>.........] - ETA: 4:09 - loss: 2.8120 - acc: 0.0697
14/18 [======================>.......] - ETA: 3:19 - loss: 2.8051 - acc: 0.0692
15/18 [========================>.....] - ETA: 2:29 - loss: 2.8042 - acc: 0.0708
16/18 [=========================>....] - ETA: 1:39 - loss: 2.8013 - acc: 0.0713
17/18 [===========================>..] - ETA: 49s - loss: 2.7995 - acc: 0.0708 
18/18 [==============================] - 935s 52s/step - loss: 2.7982 - acc: 0.0703 - val_loss: 2.6830 - val_acc: 0.1300
Epoch 2/25

 1/18 [>.............................] - ETA: 10:29 - loss: 2.7435 - acc: 0.0833
 2/18 [==>...........................] - ETA: 11:25 - loss: 2.6826 - acc: 0.0885
 3/18 [====>.........................] - ETA: 11:13 - loss: 2.7097 - acc: 0.0799
 4/18 [=====>........................] - ETA: 10:43 - loss: 2.6941 - acc: 0.0951
 5/18 [=======>......................] - ETA: 10:06 - loss: 2.7010 - acc: 0.0917
 6/18 [=========>....................] - ETA: 9:26 - loss: 2.6913 - acc: 0.0946 
 7/18 [==========>...................] - ETA: 8:42 - loss: 2.6818 - acc: 0.1012
 8/18 [============>.................] - ETA: 7:57 - loss: 2.6735 - acc: 0.1120
 9/18 [==============>...............] - ETA: 7:11 - loss: 2.6675 - acc: 0.1204
10/18 [===============>..............] - ETA: 6:24 - loss: 2.6661 - acc: 0.1177
11/18 [=================>............] - ETA: 5:36 - loss: 2.6743 - acc: 0.1141
12/18 [===================>..........] - ETA: 4:49 - loss: 2.6745 - acc: 0.1137
13/18 [====================>.........] - ETA: 4:01 - loss: 2.6709 - acc: 0.1134
14/18 [======================>.......] - ETA: 3:13 - loss: 2.6645 - acc: 0.1187
15/18 [========================>.....] - ETA: 2:25 - loss: 2.6591 - acc: 0.1212
16/18 [=========================>....] - ETA: 1:37 - loss: 2.6544 - acc: 0.1204
17/18 [===========================>..] - ETA: 48s - loss: 2.6475 - acc: 0.1216 
18/18 [==============================] - 913s 51s/step - loss: 2.6424 - acc: 0.1236 - val_loss: 2.5213 - val_acc: 0.3300
Epoch 3/25

 1/18 [>.............................] - ETA: 13:51 - loss: 2.5212 - acc: 0.1562
 2/18 [==>...........................] - ETA: 11:20 - loss: 2.5613 - acc: 0.1406
 3/18 [====>.........................] - ETA: 11:11 - loss: 2.5451 - acc: 0.1667
 4/18 [=====>........................] - ETA: 10:40 - loss: 2.5496 - acc: 0.1641
 5/18 [=======>......................] - ETA: 10:04 - loss: 2.5405 - acc: 0.1688
 6/18 [=========>....................] - ETA: 9:22 - loss: 2.5459 - acc: 0.1745 
 7/18 [==========>...................] - ETA: 8:38 - loss: 2.5256 - acc: 0.1763
 8/18 [============>.................] - ETA: 7:54 - loss: 2.5242 - acc: 0.1719
 9/18 [==============>...............] - ETA: 7:08 - loss: 2.5144 - acc: 0.1840
10/18 [===============>..............] - ETA: 6:21 - loss: 2.5179 - acc: 0.1812
11/18 [=================>............] - ETA: 5:35 - loss: 2.5127 - acc: 0.1832
12/18 [===================>..........] - ETA: 4:48 - loss: 2.5029 - acc: 0.1953
13/18 [====================>.........] - ETA: 4:01 - loss: 2.4918 - acc: 0.2067
14/18 [======================>.......] - ETA: 3:13 - loss: 2.4839 - acc: 0.2176
15/18 [========================>.....] - ETA: 2:25 - loss: 2.4763 - acc: 0.2240
16/18 [=========================>....] - ETA: 1:37 - loss: 2.4662 - acc: 0.2334
17/18 [===========================>..] - ETA: 48s - loss: 2.4564 - acc: 0.2417 
18/18 [==============================] - 915s 51s/step - loss: 2.4482 - acc: 0.2440 - val_loss: 2.2787 - val_acc: 0.5900
Epoch 4/25

 1/18 [>.............................] - ETA: 14:12 - loss: 2.4152 - acc: 0.2656
 2/18 [==>...........................] - ETA: 13:15 - loss: 2.3205 - acc: 0.3203
 3/18 [====>.........................] - ETA: 11:13 - loss: 2.3373 - acc: 0.3177
 4/18 [=====>........................] - ETA: 10:44 - loss: 2.3114 - acc: 0.3320
 5/18 [=======>......................] - ETA: 10:06 - loss: 2.2877 - acc: 0.3531
 6/18 [=========>....................] - ETA: 9:26 - loss: 2.2816 - acc: 0.3620 
 7/18 [==========>...................] - ETA: 8:44 - loss: 2.2643 - acc: 0.3638
 8/18 [============>.................] - ETA: 7:58 - loss: 2.2547 - acc: 0.3770
 9/18 [==============>...............] - ETA: 7:14 - loss: 2.2478 - acc: 0.3750
10/18 [===============>..............] - ETA: 6:28 - loss: 2.2312 - acc: 0.3750
11/18 [=================>............] - ETA: 5:40 - loss: 2.2266 - acc: 0.3778
12/18 [===================>..........] - ETA: 4:52 - loss: 2.2108 - acc: 0.3893
13/18 [====================>.........] - ETA: 4:04 - loss: 2.1943 - acc: 0.4002
14/18 [======================>.......] - ETA: 3:15 - loss: 2.1848 - acc: 0.4085
15/18 [========================>.....] - ETA: 2:26 - loss: 2.1732 - acc: 0.4156
16/18 [=========================>....] - ETA: 1:38 - loss: 2.1615 - acc: 0.4229
17/18 [===========================>..] - ETA: 49s - loss: 2.1567 - acc: 0.4228 
18/18 [==============================] - 924s 51s/step - loss: 2.1444 - acc: 0.4246 - val_loss: 1.8830 - val_acc: 0.7133
Epoch 5/25

 1/18 [>.............................] - ETA: 13:49 - loss: 1.8181 - acc: 0.6562
 2/18 [==>...........................] - ETA: 12:58 - loss: 1.8842 - acc: 0.5859
 3/18 [====>.........................] - ETA: 12:12 - loss: 1.8486 - acc: 0.5938
 4/18 [=====>........................] - ETA: 10:37 - loss: 1.8400 - acc: 0.5911
 5/18 [=======>......................] - ETA: 10:02 - loss: 1.8197 - acc: 0.5917
 6/18 [=========>....................] - ETA: 9:22 - loss: 1.8059 - acc: 0.5842 
 7/18 [==========>...................] - ETA: 8:41 - loss: 1.7821 - acc: 0.5900
 8/18 [============>.................] - ETA: 7:57 - loss: 1.7736 - acc: 0.5885
 9/18 [==============>...............] - ETA: 7:12 - loss: 1.7601 - acc: 0.5874
10/18 [===============>..............] - ETA: 6:26 - loss: 1.7509 - acc: 0.5896
11/18 [=================>............] - ETA: 5:40 - loss: 1.7329 - acc: 0.5885
12/18 [===================>..........] - ETA: 4:52 - loss: 1.7123 - acc: 0.5981
13/18 [====================>.........] - ETA: 4:04 - loss: 1.6966 - acc: 0.6062
14/18 [======================>.......] - ETA: 3:16 - loss: 1.6879 - acc: 0.6120
15/18 [========================>.....] - ETA: 2:27 - loss: 1.6674 - acc: 0.6222
16/18 [=========================>....] - ETA: 1:38 - loss: 1.6501 - acc: 0.6283
17/18 [===========================>..] - ETA: 49s - loss: 1.6335 - acc: 0.6336 
18/18 [==============================] - 927s 52s/step - loss: 1.6162 - acc: 0.6401 - val_loss: 1.3331 - val_acc: 0.7467
Epoch 6/25

 1/18 [>.............................] - ETA: 13:56 - loss: 1.3391 - acc: 0.6406
 2/18 [==>...........................] - ETA: 13:04 - loss: 1.3342 - acc: 0.6484
 3/18 [====>.........................] - ETA: 12:17 - loss: 1.3045 - acc: 0.6667
 4/18 [=====>........................] - ETA: 11:30 - loss: 1.2758 - acc: 0.6680
 5/18 [=======>......................] - ETA: 10:07 - loss: 1.2739 - acc: 0.6844
 6/18 [=========>....................] - ETA: 9:26 - loss: 1.2604 - acc: 0.6927 
 7/18 [==========>...................] - ETA: 8:43 - loss: 1.2268 - acc: 0.7054
 8/18 [============>.................] - ETA: 7:59 - loss: 1.2123 - acc: 0.7070
 9/18 [==============>...............] - ETA: 7:13 - loss: 1.1916 - acc: 0.7135
10/18 [===============>..............] - ETA: 6:27 - loss: 1.1682 - acc: 0.7125
11/18 [=================>............] - ETA: 5:40 - loss: 1.1554 - acc: 0.7131
12/18 [===================>..........] - ETA: 4:52 - loss: 1.1471 - acc: 0.7214
13/18 [====================>.........] - ETA: 4:04 - loss: 1.1357 - acc: 0.7260
14/18 [======================>.......] - ETA: 3:16 - loss: 1.1124 - acc: 0.7366
15/18 [========================>.....] - ETA: 2:27 - loss: 1.0904 - acc: 0.7448
16/18 [=========================>....] - ETA: 1:38 - loss: 1.0792 - acc: 0.7480
17/18 [===========================>..] - ETA: 49s - loss: 1.0674 - acc: 0.7482 
18/18 [==============================] - 926s 51s/step - loss: 1.0558 - acc: 0.7509 - val_loss: 0.8512 - val_acc: 0.8433
Epoch 7/25

 1/18 [>.............................] - ETA: 13:59 - loss: 0.8619 - acc: 0.6719
 2/18 [==>...........................] - ETA: 13:08 - loss: 0.8332 - acc: 0.7344
 3/18 [====>.........................] - ETA: 12:21 - loss: 0.8432 - acc: 0.7396
 4/18 [=====>........................] - ETA: 11:33 - loss: 0.8191 - acc: 0.7500
 5/18 [=======>......................] - ETA: 10:46 - loss: 0.7629 - acc: 0.7750
 6/18 [=========>....................] - ETA: 9:29 - loss: 0.7687 - acc: 0.7743 
 7/18 [==========>...................] - ETA: 8:47 - loss: 0.7473 - acc: 0.7887
 8/18 [============>.................] - ETA: 8:03 - loss: 0.7230 - acc: 0.7936
 9/18 [==============>...............] - ETA: 7:16 - loss: 0.7168 - acc: 0.8009
10/18 [===============>..............] - ETA: 6:28 - loss: 0.7231 - acc: 0.7943
11/18 [=================>............] - ETA: 5:41 - loss: 0.7041 - acc: 0.8073
12/18 [===================>..........] - ETA: 4:52 - loss: 0.6905 - acc: 0.8142
13/18 [====================>.........] - ETA: 4:04 - loss: 0.6858 - acc: 0.8165
14/18 [======================>.......] - ETA: 3:15 - loss: 0.6795 - acc: 0.8151
15/18 [========================>.....] - ETA: 2:27 - loss: 0.6818 - acc: 0.8128
16/18 [=========================>....] - ETA: 1:38 - loss: 0.6690 - acc: 0.8167
17/18 [===========================>..] - ETA: 49s - loss: 0.6591 - acc: 0.8202 
18/18 [==============================] - 926s 51s/step - loss: 0.6537 - acc: 0.8224 - val_loss: 0.5421 - val_acc: 0.8800
Epoch 8/25

 1/18 [>.............................] - ETA: 13:58 - loss: 0.4131 - acc: 0.8750
 2/18 [==>...........................] - ETA: 13:06 - loss: 0.4237 - acc: 0.8828
 3/18 [====>.........................] - ETA: 12:20 - loss: 0.4211 - acc: 0.8854
 4/18 [=====>........................] - ETA: 11:31 - loss: 0.4236 - acc: 0.8867
 5/18 [=======>......................] - ETA: 10:39 - loss: 0.4338 - acc: 0.8812
 6/18 [=========>....................] - ETA: 9:51 - loss: 0.4466 - acc: 0.8802 
 7/18 [==========>...................] - ETA: 8:41 - loss: 0.4350 - acc: 0.8765
 8/18 [============>.................] - ETA: 7:56 - loss: 0.4169 - acc: 0.8822
 9/18 [==============>...............] - ETA: 7:11 - loss: 0.4058 - acc: 0.8866
10/18 [===============>..............] - ETA: 6:26 - loss: 0.4088 - acc: 0.8901
11/18 [=================>............] - ETA: 5:39 - loss: 0.4083 - acc: 0.8887
12/18 [===================>..........] - ETA: 4:51 - loss: 0.4157 - acc: 0.8876
13/18 [====================>.........] - ETA: 4:03 - loss: 0.4176 - acc: 0.8866
14/18 [======================>.......] - ETA: 3:15 - loss: 0.4183 - acc: 0.8858
15/18 [========================>.....] - ETA: 2:26 - loss: 0.4092 - acc: 0.8882
16/18 [=========================>....] - ETA: 1:37 - loss: 0.4031 - acc: 0.8893
17/18 [===========================>..] - ETA: 49s - loss: 0.4022 - acc: 0.8903 
18/18 [==============================] - 925s 51s/step - loss: 0.4025 - acc: 0.8895 - val_loss: 0.3554 - val_acc: 0.8867
Epoch 9/25

 1/18 [>.............................] - ETA: 14:04 - loss: 0.3629 - acc: 0.8906
 2/18 [==>...........................] - ETA: 13:09 - loss: 0.3161 - acc: 0.9141
 3/18 [====>.........................] - ETA: 12:16 - loss: 0.3146 - acc: 0.9115
 4/18 [=====>........................] - ETA: 11:31 - loss: 0.3595 - acc: 0.8945
 5/18 [=======>......................] - ETA: 10:42 - loss: 0.3500 - acc: 0.8969
 6/18 [=========>....................] - ETA: 9:55 - loss: 0.3464 - acc: 0.8932 
 7/18 [==========>...................] - ETA: 9:08 - loss: 0.3326 - acc: 0.8996
 8/18 [============>.................] - ETA: 8:01 - loss: 0.3342 - acc: 0.9043
 9/18 [==============>...............] - ETA: 7:16 - loss: 0.3305 - acc: 0.9045
10/18 [===============>..............] - ETA: 6:29 - loss: 0.3428 - acc: 0.9016
11/18 [=================>............] - ETA: 5:41 - loss: 0.3406 - acc: 0.8991
12/18 [===================>..........] - ETA: 4:53 - loss: 0.3372 - acc: 0.9010
13/18 [====================>.........] - ETA: 4:05 - loss: 0.3458 - acc: 0.8978
14/18 [======================>.......] - ETA: 3:16 - loss: 0.3454 - acc: 0.8984
15/18 [========================>.....] - ETA: 2:27 - loss: 0.3415 - acc: 0.8979
16/18 [=========================>....] - ETA: 1:38 - loss: 0.3404 - acc: 0.9004
17/18 [===========================>..] - ETA: 49s - loss: 0.3373 - acc: 0.8989 
18/18 [==============================] - 928s 52s/step - loss: 0.3386 - acc: 0.8958 - val_loss: 0.3372 - val_acc: 0.9033
Epoch 10/25

 1/18 [>.............................] - ETA: 14:02 - loss: 0.2703 - acc: 0.9062
 2/18 [==>...........................] - ETA: 13:06 - loss: 0.2640 - acc: 0.9219
 3/18 [====>.........................] - ETA: 12:15 - loss: 0.2507 - acc: 0.9219
 4/18 [=====>........................] - ETA: 11:27 - loss: 0.2358 - acc: 0.9258
 5/18 [=======>......................] - ETA: 10:36 - loss: 0.2237 - acc: 0.9250
 6/18 [=========>....................] - ETA: 9:47 - loss: 0.2220 - acc: 0.9271 
 7/18 [==========>...................] - ETA: 8:59 - loss: 0.2330 - acc: 0.9263
 8/18 [============>.................] - ETA: 8:10 - loss: 0.2447 - acc: 0.9238
 9/18 [==============>...............] - ETA: 7:08 - loss: 0.2500 - acc: 0.9207
10/18 [===============>..............] - ETA: 6:22 - loss: 0.2408 - acc: 0.9255
11/18 [=================>............] - ETA: 5:35 - loss: 0.2334 - acc: 0.9295
12/18 [===================>..........] - ETA: 4:48 - loss: 0.2404 - acc: 0.9275
13/18 [====================>.........] - ETA: 4:00 - loss: 0.2386 - acc: 0.9271
14/18 [======================>.......] - ETA: 3:13 - loss: 0.2387 - acc: 0.9267
15/18 [========================>.....] - ETA: 2:25 - loss: 0.2345 - acc: 0.9285
16/18 [=========================>....] - ETA: 1:37 - loss: 0.2290 - acc: 0.9310
17/18 [===========================>..] - ETA: 48s - loss: 0.2251 - acc: 0.9332 
18/18 [==============================] - 915s 51s/step - loss: 0.2198 - acc: 0.9352 - val_loss: 0.2574 - val_acc: 0.9233
Epoch 11/25

 1/18 [>.............................] - ETA: 13:57 - loss: 0.1889 - acc: 0.9219
 2/18 [==>...........................] - ETA: 13:11 - loss: 0.1512 - acc: 0.9531
 3/18 [====>.........................] - ETA: 12:26 - loss: 0.1735 - acc: 0.9427
 4/18 [=====>........................] - ETA: 11:37 - loss: 0.2186 - acc: 0.9258
 5/18 [=======>......................] - ETA: 10:49 - loss: 0.2088 - acc: 0.9250
 6/18 [=========>....................] - ETA: 9:57 - loss: 0.2128 - acc: 0.9297 
 7/18 [==========>...................] - ETA: 9:11 - loss: 0.2174 - acc: 0.9308
 8/18 [============>.................] - ETA: 8:19 - loss: 0.2151 - acc: 0.9316
 9/18 [==============>...............] - ETA: 7:29 - loss: 0.2116 - acc: 0.9375
10/18 [===============>..............] - ETA: 6:28 - loss: 0.2276 - acc: 0.9313
11/18 [=================>............] - ETA: 5:40 - loss: 0.2238 - acc: 0.9332
12/18 [===================>..........] - ETA: 4:52 - loss: 0.2181 - acc: 0.9349
13/18 [====================>.........] - ETA: 4:04 - loss: 0.2183 - acc: 0.9351
14/18 [======================>.......] - ETA: 3:15 - loss: 0.2155 - acc: 0.9330
15/18 [========================>.....] - ETA: 2:26 - loss: 0.2150 - acc: 0.9302
16/18 [=========================>....] - ETA: 1:37 - loss: 0.2081 - acc: 0.9326
17/18 [===========================>..] - ETA: 48s - loss: 0.2058 - acc: 0.9338 
18/18 [==============================] - 950s 53s/step - loss: 0.2061 - acc: 0.9332 - val_loss: 0.2404 - val_acc: 0.9167
Epoch 12/25

 1/18 [>.............................] - ETA: 18:48 - loss: 0.2695 - acc: 0.8750
 2/18 [==>...........................] - ETA: 17:38 - loss: 0.2204 - acc: 0.8906
 3/18 [====>.........................] - ETA: 16:40 - loss: 0.1934 - acc: 0.9167
 4/18 [=====>........................] - ETA: 15:37 - loss: 0.1755 - acc: 0.9297
 5/18 [=======>......................] - ETA: 14:31 - loss: 0.1725 - acc: 0.9313
 6/18 [=========>....................] - ETA: 13:29 - loss: 0.1815 - acc: 0.9349
 7/18 [==========>...................] - ETA: 12:21 - loss: 0.1670 - acc: 0.9420
 8/18 [============>.................] - ETA: 11:13 - loss: 0.1585 - acc: 0.9473
 9/18 [==============>...............] - ETA: 10:06 - loss: 0.1640 - acc: 0.9444
10/18 [===============>..............] - ETA: 8:57 - loss: 0.1656 - acc: 0.9422 
11/18 [=================>............] - ETA: 7:37 - loss: 0.1671 - acc: 0.9418
12/18 [===================>..........] - ETA: 6:33 - loss: 0.1651 - acc: 0.9414
13/18 [====================>.........] - ETA: 5:28 - loss: 0.1608 - acc: 0.9459
14/18 [======================>.......] - ETA: 4:22 - loss: 0.1590 - acc: 0.9453
15/18 [========================>.....] - ETA: 3:17 - loss: 0.1574 - acc: 0.9458
16/18 [=========================>....] - ETA: 2:11 - loss: 0.1624 - acc: 0.9424
17/18 [===========================>..] - ETA: 1:06 - loss: 0.1622 - acc: 0.9421
18/18 [==============================] - 1248s 69s/step - loss: 0.1578 - acc: 0.9453 - val_loss: 0.1946 - val_acc: 0.9333
Epoch 13/25

 1/18 [>.............................] - ETA: 18:37 - loss: 0.0897 - acc: 0.9688
 2/18 [==>...........................] - ETA: 17:57 - loss: 0.0986 - acc: 0.9688
 3/18 [====>.........................] - ETA: 16:52 - loss: 0.1108 - acc: 0.9740
 4/18 [=====>........................] - ETA: 15:49 - loss: 0.1538 - acc: 0.9531
 5/18 [=======>......................] - ETA: 14:40 - loss: 0.1382 - acc: 0.9563
 6/18 [=========>....................] - ETA: 13:31 - loss: 0.1412 - acc: 0.9557
 7/18 [==========>...................] - ETA: 12:26 - loss: 0.1349 - acc: 0.9598
 8/18 [============>.................] - ETA: 11:18 - loss: 0.1313 - acc: 0.9609
 9/18 [==============>...............] - ETA: 10:10 - loss: 0.1341 - acc: 0.9583
10/18 [===============>..............] - ETA: 9:03 - loss: 0.1315 - acc: 0.9609 
11/18 [=================>............] - ETA: 7:55 - loss: 0.1457 - acc: 0.9602
12/18 [===================>..........] - ETA: 6:37 - loss: 0.1428 - acc: 0.9618
13/18 [====================>.........] - ETA: 5:31 - loss: 0.1457 - acc: 0.9611
14/18 [======================>.......] - ETA: 4:25 - loss: 0.1440 - acc: 0.9617
15/18 [========================>.....] - ETA: 3:19 - loss: 0.1414 - acc: 0.9632
16/18 [=========================>....] - ETA: 2:13 - loss: 0.1406 - acc: 0.9616
17/18 [===========================>..] - ETA: 1:06 - loss: 0.1372 - acc: 0.9638
18/18 [==============================] - 1262s 70s/step - loss: 0.1370 - acc: 0.9650 - val_loss: 0.2111 - val_acc: 0.9333
Epoch 14/25

 1/18 [>.............................] - ETA: 18:40 - loss: 0.0867 - acc: 0.9531
 2/18 [==>...........................] - ETA: 17:57 - loss: 0.0664 - acc: 0.9688
 3/18 [====>.........................] - ETA: 16:49 - loss: 0.1131 - acc: 0.9531
 4/18 [=====>........................] - ETA: 15:43 - loss: 0.1152 - acc: 0.9570
 5/18 [=======>......................] - ETA: 14:37 - loss: 0.1100 - acc: 0.9625
 6/18 [=========>....................] - ETA: 13:26 - loss: 0.1096 - acc: 0.9661
 7/18 [==========>...................] - ETA: 12:23 - loss: 0.1027 - acc: 0.9710
 8/18 [============>.................] - ETA: 11:17 - loss: 0.1079 - acc: 0.9688
 9/18 [==============>...............] - ETA: 10:11 - loss: 0.1031 - acc: 0.9705
10/18 [===============>..............] - ETA: 9:03 - loss: 0.1061 - acc: 0.9703 
11/18 [=================>............] - ETA: 7:55 - loss: 0.1078 - acc: 0.9702
12/18 [===================>..........] - ETA: 6:47 - loss: 0.1051 - acc: 0.9727
13/18 [====================>.........] - ETA: 5:32 - loss: 0.1057 - acc: 0.9732
14/18 [======================>.......] - ETA: 4:26 - loss: 0.1138 - acc: 0.9695
15/18 [========================>.....] - ETA: 3:19 - loss: 0.1155 - acc: 0.9684
16/18 [=========================>....] - ETA: 2:13 - loss: 0.1122 - acc: 0.9704
17/18 [===========================>..] - ETA: 1:06 - loss: 0.1132 - acc: 0.9694
18/18 [==============================] - 1263s 70s/step - loss: 0.1117 - acc: 0.9685 - val_loss: 0.2154 - val_acc: 0.9200
Epoch 15/25

 1/18 [>.............................] - ETA: 18:40 - loss: 0.1027 - acc: 0.9688
 2/18 [==>...........................] - ETA: 17:49 - loss: 0.0943 - acc: 0.9688
 3/18 [====>.........................] - ETA: 16:45 - loss: 0.0932 - acc: 0.9740
 4/18 [=====>........................] - ETA: 15:38 - loss: 0.0861 - acc: 0.9766
 5/18 [=======>......................] - ETA: 14:35 - loss: 0.0998 - acc: 0.9719
 6/18 [=========>....................] - ETA: 13:27 - loss: 0.0963 - acc: 0.9766
 7/18 [==========>...................] - ETA: 12:22 - loss: 0.1199 - acc: 0.9665
 8/18 [============>.................] - ETA: 11:14 - loss: 0.1109 - acc: 0.9688
 9/18 [==============>...............] - ETA: 10:07 - loss: 0.1103 - acc: 0.9688
10/18 [===============>..............] - ETA: 9:01 - loss: 0.1120 - acc: 0.9672 
11/18 [=================>............] - ETA: 7:53 - loss: 0.1058 - acc: 0.9702
12/18 [===================>..........] - ETA: 6:46 - loss: 0.1027 - acc: 0.9714
13/18 [====================>.........] - ETA: 5:38 - loss: 0.0993 - acc: 0.9736
14/18 [======================>.......] - ETA: 4:25 - loss: 0.1012 - acc: 0.9710
15/18 [========================>.....] - ETA: 3:19 - loss: 0.0975 - acc: 0.9719
16/18 [=========================>....] - ETA: 2:13 - loss: 0.0963 - acc: 0.9717
17/18 [===========================>..] - ETA: 1:06 - loss: 0.0966 - acc: 0.9724
18/18 [==============================] - 1261s 70s/step - loss: 0.0954 - acc: 0.9722 - val_loss: 0.1940 - val_acc: 0.9333
Epoch 16/25

 1/18 [>.............................] - ETA: 19:06 - loss: 0.1285 - acc: 0.9844
 2/18 [==>...........................] - ETA: 17:59 - loss: 0.0952 - acc: 0.9844
 3/18 [====>.........................] - ETA: 17:02 - loss: 0.0946 - acc: 0.9792
 4/18 [=====>........................] - ETA: 15:53 - loss: 0.0960 - acc: 0.9766
 5/18 [=======>......................] - ETA: 14:48 - loss: 0.0931 - acc: 0.9750
 6/18 [=========>....................] - ETA: 13:35 - loss: 0.0941 - acc: 0.9714
 7/18 [==========>...................] - ETA: 12:29 - loss: 0.0973 - acc: 0.9710
 8/18 [============>.................] - ETA: 11:21 - loss: 0.0947 - acc: 0.9727
 9/18 [==============>...............] - ETA: 10:13 - loss: 0.0987 - acc: 0.9722
10/18 [===============>..............] - ETA: 9:05 - loss: 0.0936 - acc: 0.9750 
11/18 [=================>............] - ETA: 7:56 - loss: 0.0912 - acc: 0.9744
12/18 [===================>..........] - ETA: 6:48 - loss: 0.0876 - acc: 0.9766
13/18 [====================>.........] - ETA: 5:40 - loss: 0.0881 - acc: 0.9772
14/18 [======================>.......] - ETA: 4:32 - loss: 0.0885 - acc: 0.9777
15/18 [========================>.....] - ETA: 3:20 - loss: 0.0929 - acc: 0.9764
16/18 [=========================>....] - ETA: 2:13 - loss: 0.0902 - acc: 0.9779
17/18 [===========================>..] - ETA: 1:06 - loss: 0.0879 - acc: 0.9782
18/18 [==============================] - 1265s 70s/step - loss: 0.0877 - acc: 0.9786 - val_loss: 0.1747 - val_acc: 0.9400
Epoch 17/25

 1/18 [>.............................] - ETA: 18:32 - loss: 0.1267 - acc: 0.9688
 2/18 [==>...........................] - ETA: 17:38 - loss: 0.0990 - acc: 0.9688
 3/18 [====>.........................] - ETA: 16:38 - loss: 0.0794 - acc: 0.9792
 4/18 [=====>........................] - ETA: 15:39 - loss: 0.0797 - acc: 0.9766
 5/18 [=======>......................] - ETA: 14:37 - loss: 0.0832 - acc: 0.9719
 6/18 [=========>....................] - ETA: 13:28 - loss: 0.0852 - acc: 0.9714
 7/18 [==========>...................] - ETA: 12:24 - loss: 0.0870 - acc: 0.9710
 8/18 [============>.................] - ETA: 11:16 - loss: 0.0836 - acc: 0.9746
 9/18 [==============>...............] - ETA: 10:08 - loss: 0.0883 - acc: 0.9740
10/18 [===============>..............] - ETA: 9:01 - loss: 0.0868 - acc: 0.9750 
11/18 [=================>............] - ETA: 7:53 - loss: 0.0827 - acc: 0.9759
12/18 [===================>..........] - ETA: 6:46 - loss: 0.0826 - acc: 0.9753
13/18 [====================>.........] - ETA: 5:38 - loss: 0.0870 - acc: 0.9748
14/18 [======================>.......] - ETA: 4:31 - loss: 0.0874 - acc: 0.9743
15/18 [========================>.....] - ETA: 3:23 - loss: 0.0848 - acc: 0.9760
16/18 [=========================>....] - ETA: 2:13 - loss: 0.0897 - acc: 0.9749
17/18 [===========================>..] - ETA: 1:06 - loss: 0.0878 - acc: 0.9764
18/18 [==============================] - 1261s 70s/step - loss: 0.0857 - acc: 0.9769 - val_loss: 0.1594 - val_acc: 0.9500
Epoch 18/25

 1/18 [>.............................] - ETA: 18:48 - loss: 0.0663 - acc: 0.9844
 2/18 [==>...........................] - ETA: 18:04 - loss: 0.0715 - acc: 0.9844
 3/18 [====>.........................] - ETA: 16:53 - loss: 0.0690 - acc: 0.9844
 4/18 [=====>........................] - ETA: 15:45 - loss: 0.0732 - acc: 0.9805
 5/18 [=======>......................] - ETA: 14:45 - loss: 0.0902 - acc: 0.9750
 6/18 [=========>....................] - ETA: 13:32 - loss: 0.0869 - acc: 0.9792
 7/18 [==========>...................] - ETA: 12:27 - loss: 0.0797 - acc: 0.9821
 8/18 [============>.................] - ETA: 11:18 - loss: 0.0747 - acc: 0.9824
 9/18 [==============>...............] - ETA: 10:10 - loss: 0.0733 - acc: 0.9844
10/18 [===============>..............] - ETA: 9:02 - loss: 0.0729 - acc: 0.9844 
11/18 [=================>............] - ETA: 7:53 - loss: 0.0753 - acc: 0.9815
12/18 [===================>..........] - ETA: 6:47 - loss: 0.0751 - acc: 0.9805
13/18 [====================>.........] - ETA: 5:39 - loss: 0.0724 - acc: 0.9820
14/18 [======================>.......] - ETA: 4:31 - loss: 0.0772 - acc: 0.9810
15/18 [========================>.....] - ETA: 3:23 - loss: 0.0749 - acc: 0.9823
16/18 [=========================>....] - ETA: 2:15 - loss: 0.0731 - acc: 0.9834
17/18 [===========================>..] - ETA: 1:06 - loss: 0.0735 - acc: 0.9819
18/18 [==============================] - 1263s 70s/step - loss: 0.0718 - acc: 0.9829 - val_loss: 0.1582 - val_acc: 0.9467
Epoch 19/25

 1/18 [>.............................] - ETA: 18:39 - loss: 0.0941 - acc: 0.9531
 2/18 [==>...........................] - ETA: 17:51 - loss: 0.0649 - acc: 0.9766
 3/18 [====>.........................] - ETA: 16:47 - loss: 0.0795 - acc: 0.9740
 4/18 [=====>........................] - ETA: 15:45 - loss: 0.0809 - acc: 0.9727
 5/18 [=======>......................] - ETA: 14:41 - loss: 0.0748 - acc: 0.9781
 6/18 [=========>....................] - ETA: 13:32 - loss: 0.0776 - acc: 0.9766
 7/18 [==========>...................] - ETA: 12:26 - loss: 0.0793 - acc: 0.9754
 8/18 [============>.................] - ETA: 11:17 - loss: 0.0829 - acc: 0.9727
 9/18 [==============>...............] - ETA: 10:11 - loss: 0.0882 - acc: 0.9722
10/18 [===============>..............] - ETA: 9:02 - loss: 0.0879 - acc: 0.9719 
11/18 [=================>............] - ETA: 7:55 - loss: 0.0863 - acc: 0.9716
12/18 [===================>..........] - ETA: 6:47 - loss: 0.0841 - acc: 0.9740
13/18 [====================>.........] - ETA: 5:39 - loss: 0.0840 - acc: 0.9736
14/18 [======================>.......] - ETA: 4:32 - loss: 0.0813 - acc: 0.9743
15/18 [========================>.....] - ETA: 3:23 - loss: 0.0815 - acc: 0.9740
16/18 [=========================>....] - ETA: 2:15 - loss: 0.0828 - acc: 0.9736
17/18 [===========================>..] - ETA: 1:08 - loss: 0.0796 - acc: 0.9752
18/18 [==============================] - 1262s 70s/step - loss: 0.0780 - acc: 0.9754 - val_loss: 0.1647 - val_acc: 0.9467
Epoch 20/25

 1/18 [>.............................] - ETA: 19:00 - loss: 0.0869 - acc: 0.9688
 2/18 [==>...........................] - ETA: 17:51 - loss: 0.0684 - acc: 0.9766
 3/18 [====>.........................] - ETA: 16:40 - loss: 0.0686 - acc: 0.9740
 4/18 [=====>........................] - ETA: 15:43 - loss: 0.0719 - acc: 0.9766
 5/18 [=======>......................] - ETA: 14:35 - loss: 0.0693 - acc: 0.9781
 6/18 [=========>....................] - ETA: 13:32 - loss: 0.0779 - acc: 0.9766
 7/18 [==========>...................] - ETA: 12:23 - loss: 0.0712 - acc: 0.9799
 8/18 [============>.................] - ETA: 11:16 - loss: 0.0708 - acc: 0.9805
 9/18 [==============>...............] - ETA: 10:08 - loss: 0.0674 - acc: 0.9826
10/18 [===============>..............] - ETA: 9:00 - loss: 0.0658 - acc: 0.9844 
11/18 [=================>............] - ETA: 7:54 - loss: 0.0693 - acc: 0.9844
12/18 [===================>..........] - ETA: 6:45 - loss: 0.0731 - acc: 0.9818
13/18 [====================>.........] - ETA: 5:37 - loss: 0.0718 - acc: 0.9832
14/18 [======================>.......] - ETA: 4:30 - loss: 0.0696 - acc: 0.9844
15/18 [========================>.....] - ETA: 3:23 - loss: 0.0736 - acc: 0.9823
16/18 [=========================>....] - ETA: 2:15 - loss: 0.0745 - acc: 0.9824
17/18 [===========================>..] - ETA: 1:08 - loss: 0.0758 - acc: 0.9816
18/18 [==============================] - 1277s 71s/step - loss: 0.0855 - acc: 0.9800 - val_loss: 0.1769 - val_acc: 0.9367
Epoch 21/25

 1/18 [>.............................] - ETA: 13:50 - loss: 0.0616 - acc: 0.9792
 2/18 [==>...........................] - ETA: 15:26 - loss: 0.0420 - acc: 0.9896
 3/18 [====>.........................] - ETA: 15:10 - loss: 0.0545 - acc: 0.9826
 4/18 [=====>........................] - ETA: 14:35 - loss: 0.0457 - acc: 0.9870
 5/18 [=======>......................] - ETA: 13:43 - loss: 0.0679 - acc: 0.9771
 6/18 [=========>....................] - ETA: 12:53 - loss: 0.0626 - acc: 0.9809
 7/18 [==========>...................] - ETA: 11:55 - loss: 0.0577 - acc: 0.9836
 8/18 [============>.................] - ETA: 10:56 - loss: 0.0592 - acc: 0.9837
 9/18 [==============>...............] - ETA: 9:53 - loss: 0.0557 - acc: 0.9855 
10/18 [===============>..............] - ETA: 8:48 - loss: 0.0598 - acc: 0.9839
11/18 [=================>............] - ETA: 7:44 - loss: 0.0608 - acc: 0.9839
12/18 [===================>..........] - ETA: 6:38 - loss: 0.0591 - acc: 0.9852
13/18 [====================>.........] - ETA: 5:33 - loss: 0.0615 - acc: 0.9852
14/18 [======================>.......] - ETA: 4:26 - loss: 0.0612 - acc: 0.9862
15/18 [========================>.....] - ETA: 3:20 - loss: 0.0613 - acc: 0.9861
16/18 [=========================>....] - ETA: 2:13 - loss: 0.0641 - acc: 0.9840
17/18 [===========================>..] - ETA: 1:07 - loss: 0.0619 - acc: 0.9850
18/18 [==============================] - 1266s 70s/step - loss: 0.0604 - acc: 0.9858 - val_loss: 0.1826 - val_acc: 0.9367
Epoch 22/25

 1/18 [>.............................] - ETA: 18:45 - loss: 0.0778 - acc: 0.9688
 2/18 [==>...........................] - ETA: 15:24 - loss: 0.0817 - acc: 0.9740
 3/18 [====>.........................] - ETA: 15:23 - loss: 0.0716 - acc: 0.9774
 4/18 [=====>........................] - ETA: 14:41 - loss: 0.0719 - acc: 0.9753
 5/18 [=======>......................] - ETA: 13:53 - loss: 0.1000 - acc: 0.9708
 6/18 [=========>....................] - ETA: 12:57 - loss: 0.0888 - acc: 0.9731
 7/18 [==========>...................] - ETA: 11:58 - loss: 0.0834 - acc: 0.9747
 8/18 [============>.................] - ETA: 10:55 - loss: 0.0786 - acc: 0.9779
 9/18 [==============>...............] - ETA: 9:52 - loss: 0.0753 - acc: 0.9786 
10/18 [===============>..............] - ETA: 8:48 - loss: 0.0764 - acc: 0.9792
11/18 [=================>............] - ETA: 7:42 - loss: 0.0815 - acc: 0.9768
12/18 [===================>..........] - ETA: 6:38 - loss: 0.0832 - acc: 0.9761
13/18 [====================>.........] - ETA: 5:32 - loss: 0.0815 - acc: 0.9768
14/18 [======================>.......] - ETA: 4:26 - loss: 0.0812 - acc: 0.9773
15/18 [========================>.....] - ETA: 3:20 - loss: 0.0770 - acc: 0.9788
16/18 [=========================>....] - ETA: 2:13 - loss: 0.0807 - acc: 0.9772
17/18 [===========================>..] - ETA: 1:07 - loss: 0.0802 - acc: 0.9786
18/18 [==============================] - 1263s 70s/step - loss: 0.0782 - acc: 0.9789 - val_loss: 0.1578 - val_acc: 0.9433
Epoch 23/25

 1/18 [>.............................] - ETA: 19:23 - loss: 0.0720 - acc: 0.9844
 2/18 [==>...........................] - ETA: 17:52 - loss: 0.0696 - acc: 0.9844
 3/18 [====>.........................] - ETA: 15:14 - loss: 0.1394 - acc: 0.9618
 4/18 [=====>........................] - ETA: 14:39 - loss: 0.1233 - acc: 0.9674
 5/18 [=======>......................] - ETA: 13:46 - loss: 0.1224 - acc: 0.9646
 6/18 [=========>....................] - ETA: 12:52 - loss: 0.1158 - acc: 0.9627
 7/18 [==========>...................] - ETA: 11:55 - loss: 0.1064 - acc: 0.9658
 8/18 [============>.................] - ETA: 10:52 - loss: 0.1007 - acc: 0.9701
 9/18 [==============>...............] - ETA: 9:51 - loss: 0.0951 - acc: 0.9716 
10/18 [===============>..............] - ETA: 8:47 - loss: 0.0901 - acc: 0.9745
11/18 [=================>............] - ETA: 7:43 - loss: 0.0840 - acc: 0.9768
12/18 [===================>..........] - ETA: 6:37 - loss: 0.0822 - acc: 0.9774
13/18 [====================>.........] - ETA: 5:32 - loss: 0.0835 - acc: 0.9756
14/18 [======================>.......] - ETA: 4:26 - loss: 0.0840 - acc: 0.9751
15/18 [========================>.....] - ETA: 3:19 - loss: 0.0822 - acc: 0.9757
16/18 [=========================>....] - ETA: 2:13 - loss: 0.0787 - acc: 0.9772
17/18 [===========================>..] - ETA: 1:07 - loss: 0.0764 - acc: 0.9776
18/18 [==============================] - 1263s 70s/step - loss: 0.0768 - acc: 0.9772 - val_loss: 0.1962 - val_acc: 0.9300
Epoch 24/25

 1/18 [>.............................] - ETA: 18:38 - loss: 0.1062 - acc: 0.9531
 2/18 [==>...........................] - ETA: 18:03 - loss: 0.0977 - acc: 0.9609
 3/18 [====>.........................] - ETA: 16:50 - loss: 0.1000 - acc: 0.9583
 4/18 [=====>........................] - ETA: 14:35 - loss: 0.0837 - acc: 0.9688
 5/18 [=======>......................] - ETA: 13:48 - loss: 0.0837 - acc: 0.9719
 6/18 [=========>....................] - ETA: 12:53 - loss: 0.0783 - acc: 0.9766
 7/18 [==========>...................] - ETA: 11:54 - loss: 0.0737 - acc: 0.9799
 8/18 [============>.................] - ETA: 10:53 - loss: 0.0695 - acc: 0.9805
 9/18 [==============>...............] - ETA: 9:50 - loss: 0.0650 - acc: 0.9826 
10/18 [===============>..............] - ETA: 8:46 - loss: 0.0611 - acc: 0.9844
11/18 [=================>............] - ETA: 7:40 - loss: 0.0604 - acc: 0.9830
12/18 [===================>..........] - ETA: 6:36 - loss: 0.0599 - acc: 0.9831
13/18 [====================>.........] - ETA: 5:31 - loss: 0.0594 - acc: 0.9832
14/18 [======================>.......] - ETA: 4:25 - loss: 0.0623 - acc: 0.9833
15/18 [========================>.....] - ETA: 3:19 - loss: 0.0601 - acc: 0.9844
16/18 [=========================>....] - ETA: 2:13 - loss: 0.0583 - acc: 0.9844
17/18 [===========================>..] - ETA: 1:06 - loss: 0.0582 - acc: 0.9844
18/18 [==============================] - 1256s 70s/step - loss: 0.0603 - acc: 0.9844 - val_loss: 0.1558 - val_acc: 0.9467
Epoch 25/25

 1/18 [>.............................] - ETA: 19:16 - loss: 0.0945 - acc: 0.9844
 2/18 [==>...........................] - ETA: 18:06 - loss: 0.0782 - acc: 0.9922
 3/18 [====>.........................] - ETA: 16:56 - loss: 0.0642 - acc: 0.9948
 4/18 [=====>........................] - ETA: 15:52 - loss: 0.0552 - acc: 0.9961
 5/18 [=======>......................] - ETA: 13:56 - loss: 0.0668 - acc: 0.9885
 6/18 [=========>....................] - ETA: 12:56 - loss: 0.0700 - acc: 0.9878
 7/18 [==========>...................] - ETA: 11:56 - loss: 0.0633 - acc: 0.9896
 8/18 [============>.................] - ETA: 10:55 - loss: 0.0625 - acc: 0.9909
 9/18 [==============>...............] - ETA: 9:53 - loss: 0.0583 - acc: 0.9919 
10/18 [===============>..............] - ETA: 8:49 - loss: 0.0558 - acc: 0.9927
11/18 [=================>............] - ETA: 7:44 - loss: 0.0575 - acc: 0.9920
12/18 [===================>..........] - ETA: 6:40 - loss: 0.0606 - acc: 0.9913
13/18 [====================>.........] - ETA: 5:34 - loss: 0.0605 - acc: 0.9920
14/18 [======================>.......] - ETA: 4:27 - loss: 0.0622 - acc: 0.9903
15/18 [========================>.....] - ETA: 3:20 - loss: 0.0600 - acc: 0.9910
16/18 [=========================>....] - ETA: 2:15 - loss: 0.0615 - acc: 0.9896
17/18 [===========================>..] - ETA: 1:07 - loss: 0.0620 - acc: 0.9893
18/18 [==============================] - 1268s 70s/step - loss: 0.0620 - acc: 0.9890 - val_loss: 0.1522 - val_acc: 0.9433
Using TensorFlow backend.
No handles with labels found to put in legend.
[INFO] evaluating network...
              precision    recall  f1-score   support

     Bedroom       0.93      0.92      0.93       116
       Coast       0.92      0.94      0.93       260
      Forest       0.94      0.94      0.94       228
     Highway       0.95      0.96      0.95       160
  Industrial       0.94      0.92      0.93       211
  InsideCity       0.92      0.89      0.90       208
     Kitchen       0.91      0.94      0.92       110
  LivingRoom       0.91      0.93      0.92       189
    Mountain       0.96      0.92      0.94       274
      Office       0.98      0.96      0.97       115
 OpenCountry       0.86      0.88      0.87       310
       Store       0.96      0.98      0.97       215
      Street       0.93      0.97      0.95       192
      Suburb       0.94      0.99      0.96       141
TallBuilding       0.98      0.93      0.95       256

 avg / total       0.93      0.93      0.93      2985

Accuracy: 0.9323283082077052
[[107   0   0   0   0   0   0   9   0   0   0   0   0   0   0]
 [  0 245   1   2   0   0   0   0   1   0  11   0   0   0   0]
 [  0   0 214   0   0   0   0   0   0   0  14   0   0   0   0]
 [  0   0   0 153   0   1   0   0   0   0   2   1   3   0   0]
 [  0   0   1   2 194   3   1   0   0   0   1   1   4   2   2]
 [  0   0   0   0   5 185   0   0   0   0   0   4   4   7   3]
 [  2   0   0   0   0   0 103   2   0   1   0   2   0   0   0]
 [  5   0   0   0   0   0   9 175   0   0   0   0   0   0   0]
 [  0   2   1   0   0   0   0   0 253   0  18   0   0   0   0]
 [  0   0   0   0   0   0   0   5   0 110   0   0   0   0   0]
 [  0  20   6   2   0   0   0   0  10   0 272   0   0   0   0]
 [  1   0   0   0   1   1   0   1   0   1   0 210   0   0   0]
 [  0   0   0   2   2   1   0   0   0   0   0   0 186   0   1]
 [  0   0   0   0   0   2   0   0   0   0   0   0   0 139   0]
 [  0   0   4   0   5   8   0   0   0   0   0   0   2   0 237]]
[INFO] serializing network and label binarizer...
[INFO] plotting and saving results...
Dropout: 0.6 BS: 64
