2018-11-15 00:56:44.741099: I tensorflow/core/platform/cpu_feature_guard.cc:141] Your CPU supports instructions that this TensorFlow binary was not compiled to use: AVX2 FMA
[INFO] loading images...
[INFO] training network...
Epoch 1/25

 1/25 [>.............................] - ETA: 24:10 - loss: 2.6669 - acc: 0.1042
 2/25 [=>............................] - ETA: 22:17 - loss: 2.7189 - acc: 0.0938
 3/25 [==>...........................] - ETA: 20:25 - loss: 2.7446 - acc: 0.0764
 4/25 [===>..........................] - ETA: 19:02 - loss: 2.7546 - acc: 0.0833
 5/25 [=====>........................] - ETA: 17:48 - loss: 2.7682 - acc: 0.0708
 6/25 [======>.......................] - ETA: 16:36 - loss: 2.7606 - acc: 0.0764
 7/25 [=======>......................] - ETA: 15:38 - loss: 2.7794 - acc: 0.0655
 8/25 [========>.....................] - ETA: 14:41 - loss: 2.7788 - acc: 0.0677
 9/25 [=========>....................] - ETA: 13:42 - loss: 2.7998 - acc: 0.0625
10/25 [===========>..................] - ETA: 12:45 - loss: 2.7962 - acc: 0.0646
11/25 [============>.................] - ETA: 11:50 - loss: 2.7822 - acc: 0.0663
12/25 [=============>................] - ETA: 10:57 - loss: 2.7820 - acc: 0.0660
13/25 [==============>...............] - ETA: 10:04 - loss: 2.7841 - acc: 0.0657
14/25 [===============>..............] - ETA: 9:14 - loss: 2.7854 - acc: 0.0699 
15/25 [=================>............] - ETA: 8:22 - loss: 2.7847 - acc: 0.0681
16/25 [==================>...........] - ETA: 7:30 - loss: 2.7812 - acc: 0.0703
17/25 [===================>..........] - ETA: 6:40 - loss: 2.7790 - acc: 0.0711
18/25 [====================>.........] - ETA: 5:49 - loss: 2.7832 - acc: 0.0706
19/25 [=====================>........] - ETA: 4:59 - loss: 2.7791 - acc: 0.0713
20/25 [=======================>......] - ETA: 4:09 - loss: 2.7756 - acc: 0.0719
21/25 [========================>.....] - ETA: 3:18 - loss: 2.7759 - acc: 0.0704
22/25 [=========================>....] - ETA: 2:28 - loss: 2.7693 - acc: 0.0739
23/25 [==========================>...] - ETA: 1:39 - loss: 2.7613 - acc: 0.0752
24/25 [===========================>..] - ETA: 49s - loss: 2.7554 - acc: 0.0790 
25/25 [==============================] - 1288s 52s/step - loss: 2.7528 - acc: 0.0817 - val_loss: 2.6112 - val_acc: 0.2167
Epoch 2/25

 1/25 [>.............................] - ETA: 20:30 - loss: 2.7187 - acc: 0.0625
 2/25 [=>............................] - ETA: 20:06 - loss: 2.6974 - acc: 0.0729
 3/25 [==>...........................] - ETA: 18:19 - loss: 2.6829 - acc: 0.1042
 4/25 [===>..........................] - ETA: 17:14 - loss: 2.6692 - acc: 0.1094
 5/25 [=====>........................] - ETA: 16:24 - loss: 2.6568 - acc: 0.1042
 6/25 [======>.......................] - ETA: 15:34 - loss: 2.6539 - acc: 0.1146
 7/25 [=======>......................] - ETA: 14:38 - loss: 2.6473 - acc: 0.1190
 8/25 [========>.....................] - ETA: 13:54 - loss: 2.6437 - acc: 0.1198
 9/25 [=========>....................] - ETA: 13:06 - loss: 2.6421 - acc: 0.1157
10/25 [===========>..................] - ETA: 12:13 - loss: 2.6299 - acc: 0.1208
11/25 [============>.................] - ETA: 11:25 - loss: 2.6190 - acc: 0.1231
12/25 [=============>................] - ETA: 10:39 - loss: 2.6196 - acc: 0.1163
13/25 [==============>...............] - ETA: 9:49 - loss: 2.6061 - acc: 0.1218 
14/25 [===============>..............] - ETA: 8:58 - loss: 2.6024 - acc: 0.1280
15/25 [=================>............] - ETA: 8:08 - loss: 2.6054 - acc: 0.1278
16/25 [==================>...........] - ETA: 7:19 - loss: 2.5993 - acc: 0.1315
17/25 [===================>..........] - ETA: 6:30 - loss: 2.5981 - acc: 0.1311
18/25 [====================>.........] - ETA: 5:41 - loss: 2.6000 - acc: 0.1331
19/25 [=====================>........] - ETA: 4:52 - loss: 2.6008 - acc: 0.1283
20/25 [=======================>......] - ETA: 4:03 - loss: 2.5928 - acc: 0.1323
21/25 [========================>.....] - ETA: 3:14 - loss: 2.5860 - acc: 0.1369
22/25 [=========================>....] - ETA: 2:25 - loss: 2.5763 - acc: 0.1439
23/25 [==========================>...] - ETA: 1:37 - loss: 2.5760 - acc: 0.1440
24/25 [===========================>..] - ETA: 48s - loss: 2.5744 - acc: 0.1450 
25/25 [==============================] - 1267s 51s/step - loss: 2.5663 - acc: 0.1517 - val_loss: 2.4278 - val_acc: 0.4367
Epoch 3/25

 1/25 [>.............................] - ETA: 20:30 - loss: 2.3923 - acc: 0.2083
 2/25 [=>............................] - ETA: 19:49 - loss: 2.3753 - acc: 0.2396
 3/25 [==>...........................] - ETA: 18:25 - loss: 2.3913 - acc: 0.2292
 4/25 [===>..........................] - ETA: 17:14 - loss: 2.4202 - acc: 0.2344
 5/25 [=====>........................] - ETA: 16:16 - loss: 2.4255 - acc: 0.2250
 6/25 [======>.......................] - ETA: 15:25 - loss: 2.3967 - acc: 0.2465
 7/25 [=======>......................] - ETA: 14:28 - loss: 2.3983 - acc: 0.2470
 8/25 [========>.....................] - ETA: 13:41 - loss: 2.4013 - acc: 0.2422
 9/25 [=========>....................] - ETA: 12:57 - loss: 2.4064 - acc: 0.2384
10/25 [===========>..................] - ETA: 12:10 - loss: 2.3960 - acc: 0.2354
11/25 [============>.................] - ETA: 11:18 - loss: 2.3991 - acc: 0.2311
12/25 [=============>................] - ETA: 10:31 - loss: 2.3887 - acc: 0.2431
13/25 [==============>...............] - ETA: 9:43 - loss: 2.3847 - acc: 0.2500 
14/25 [===============>..............] - ETA: 8:53 - loss: 2.3857 - acc: 0.2455
15/25 [=================>............] - ETA: 8:05 - loss: 2.3810 - acc: 0.2486
16/25 [==================>...........] - ETA: 7:17 - loss: 2.3757 - acc: 0.2487
17/25 [===================>..........] - ETA: 6:27 - loss: 2.3706 - acc: 0.2549
18/25 [====================>.........] - ETA: 5:39 - loss: 2.3581 - acc: 0.2674
19/25 [=====================>........] - ETA: 4:50 - loss: 2.3604 - acc: 0.2643
20/25 [=======================>......] - ETA: 4:02 - loss: 2.3525 - acc: 0.2677
21/25 [========================>.....] - ETA: 3:14 - loss: 2.3480 - acc: 0.2669
22/25 [=========================>....] - ETA: 2:25 - loss: 2.3427 - acc: 0.2670
23/25 [==========================>...] - ETA: 1:37 - loss: 2.3394 - acc: 0.2708
24/25 [===========================>..] - ETA: 48s - loss: 2.3328 - acc: 0.2734 
25/25 [==============================] - 1264s 51s/step - loss: 2.3275 - acc: 0.2750 - val_loss: 2.1347 - val_acc: 0.6167
Epoch 4/25

 1/25 [>.............................] - ETA: 21:03 - loss: 2.0681 - acc: 0.4792
 2/25 [=>............................] - ETA: 20:08 - loss: 2.0632 - acc: 0.4479
 3/25 [==>...........................] - ETA: 18:46 - loss: 2.0814 - acc: 0.4167
 4/25 [===>..........................] - ETA: 17:25 - loss: 2.1127 - acc: 0.3698
 5/25 [=====>........................] - ETA: 16:33 - loss: 2.0897 - acc: 0.3958
 6/25 [======>.......................] - ETA: 15:37 - loss: 2.0661 - acc: 0.4028
 7/25 [=======>......................] - ETA: 14:39 - loss: 2.0567 - acc: 0.4137
 8/25 [========>.....................] - ETA: 13:51 - loss: 2.0631 - acc: 0.4115
 9/25 [=========>....................] - ETA: 13:05 - loss: 2.0676 - acc: 0.4074
10/25 [===========>..................] - ETA: 12:13 - loss: 2.0586 - acc: 0.4125
11/25 [============>.................] - ETA: 11:22 - loss: 2.0386 - acc: 0.4337
12/25 [=============>................] - ETA: 10:34 - loss: 2.0317 - acc: 0.4358
13/25 [==============>...............] - ETA: 9:45 - loss: 2.0224 - acc: 0.4391 
14/25 [===============>..............] - ETA: 8:55 - loss: 2.0214 - acc: 0.4464
15/25 [=================>............] - ETA: 8:07 - loss: 2.0156 - acc: 0.4514
16/25 [==================>...........] - ETA: 7:18 - loss: 2.0076 - acc: 0.4622
17/25 [===================>..........] - ETA: 6:30 - loss: 1.9906 - acc: 0.4718
18/25 [====================>.........] - ETA: 5:40 - loss: 1.9822 - acc: 0.4745
19/25 [=====================>........] - ETA: 4:52 - loss: 1.9738 - acc: 0.4759
20/25 [=======================>......] - ETA: 4:03 - loss: 1.9642 - acc: 0.4833
21/25 [========================>.....] - ETA: 3:15 - loss: 1.9571 - acc: 0.4861
22/25 [=========================>....] - ETA: 2:25 - loss: 1.9442 - acc: 0.4924
23/25 [==========================>...] - ETA: 1:37 - loss: 1.9340 - acc: 0.4937
24/25 [===========================>..] - ETA: 48s - loss: 1.9207 - acc: 0.5009 
25/25 [==============================] - 1267s 51s/step - loss: 1.9044 - acc: 0.5100 - val_loss: 1.6619 - val_acc: 0.7200
Epoch 5/25

 1/25 [>.............................] - ETA: 20:36 - loss: 1.6380 - acc: 0.6250
 2/25 [=>............................] - ETA: 19:31 - loss: 1.5841 - acc: 0.6458
 3/25 [==>...........................] - ETA: 18:18 - loss: 1.5618 - acc: 0.6528
 4/25 [===>..........................] - ETA: 17:16 - loss: 1.5568 - acc: 0.6354
 5/25 [=====>........................] - ETA: 16:23 - loss: 1.5564 - acc: 0.6208
 6/25 [======>.......................] - ETA: 15:29 - loss: 1.5704 - acc: 0.6111
 7/25 [=======>......................] - ETA: 14:33 - loss: 1.5871 - acc: 0.6071
 8/25 [========>.....................] - ETA: 13:43 - loss: 1.5569 - acc: 0.6172
 9/25 [=========>....................] - ETA: 12:54 - loss: 1.5529 - acc: 0.6181
10/25 [===========>..................] - ETA: 12:05 - loss: 1.5246 - acc: 0.6229
11/25 [============>.................] - ETA: 11:15 - loss: 1.5151 - acc: 0.6250
12/25 [=============>................] - ETA: 10:28 - loss: 1.5096 - acc: 0.6285
13/25 [==============>...............] - ETA: 9:39 - loss: 1.5090 - acc: 0.6218 
14/25 [===============>..............] - ETA: 8:50 - loss: 1.4986 - acc: 0.6250
15/25 [=================>............] - ETA: 8:02 - loss: 1.5051 - acc: 0.6153
16/25 [==================>...........] - ETA: 7:14 - loss: 1.4875 - acc: 0.6224
17/25 [===================>..........] - ETA: 6:25 - loss: 1.4770 - acc: 0.6213
18/25 [====================>.........] - ETA: 5:38 - loss: 1.4683 - acc: 0.6238
19/25 [=====================>........] - ETA: 4:50 - loss: 1.4581 - acc: 0.6250
20/25 [=======================>......] - ETA: 4:01 - loss: 1.4449 - acc: 0.6281
21/25 [========================>.....] - ETA: 3:13 - loss: 1.4337 - acc: 0.6319
22/25 [=========================>....] - ETA: 2:25 - loss: 1.4182 - acc: 0.6354
23/25 [==========================>...] - ETA: 1:36 - loss: 1.4067 - acc: 0.6386
24/25 [===========================>..] - ETA: 48s - loss: 1.3967 - acc: 0.6398 
25/25 [==============================] - 1260s 50s/step - loss: 1.3860 - acc: 0.6375 - val_loss: 1.0917 - val_acc: 0.8033
Epoch 6/25

 1/25 [>.............................] - ETA: 20:16 - loss: 1.2417 - acc: 0.6250
 2/25 [=>............................] - ETA: 19:43 - loss: 1.1611 - acc: 0.7083
 3/25 [==>...........................] - ETA: 18:23 - loss: 1.0988 - acc: 0.7222
 4/25 [===>..........................] - ETA: 17:16 - loss: 1.0684 - acc: 0.7292
 5/25 [=====>........................] - ETA: 16:20 - loss: 1.0435 - acc: 0.7333
 6/25 [======>.......................] - ETA: 15:27 - loss: 1.0590 - acc: 0.7083
 7/25 [=======>......................] - ETA: 14:29 - loss: 1.0280 - acc: 0.7202
 8/25 [========>.....................] - ETA: 13:41 - loss: 1.0237 - acc: 0.7161
 9/25 [=========>....................] - ETA: 12:53 - loss: 1.0090 - acc: 0.7199
10/25 [===========>..................] - ETA: 12:04 - loss: 0.9986 - acc: 0.7292
11/25 [============>.................] - ETA: 11:14 - loss: 0.9896 - acc: 0.7367
12/25 [=============>................] - ETA: 10:26 - loss: 0.9818 - acc: 0.7413
13/25 [==============>...............] - ETA: 9:38 - loss: 0.9768 - acc: 0.7404 
14/25 [===============>..............] - ETA: 8:48 - loss: 0.9807 - acc: 0.7396
15/25 [=================>............] - ETA: 8:01 - loss: 0.9651 - acc: 0.7431
16/25 [==================>...........] - ETA: 7:13 - loss: 0.9514 - acc: 0.7474
17/25 [===================>..........] - ETA: 6:24 - loss: 0.9425 - acc: 0.7451
18/25 [====================>.........] - ETA: 5:36 - loss: 0.9391 - acc: 0.7465
19/25 [=====================>........] - ETA: 4:48 - loss: 0.9330 - acc: 0.7478
20/25 [=======================>......] - ETA: 4:00 - loss: 0.9379 - acc: 0.7448
21/25 [========================>.....] - ETA: 3:12 - loss: 0.9400 - acc: 0.7440
22/25 [=========================>....] - ETA: 2:24 - loss: 0.9344 - acc: 0.7415
23/25 [==========================>...] - ETA: 1:36 - loss: 0.9198 - acc: 0.7482
24/25 [===========================>..] - ETA: 48s - loss: 0.9165 - acc: 0.7474 
25/25 [==============================] - 1259s 50s/step - loss: 0.9148 - acc: 0.7458 - val_loss: 0.6644 - val_acc: 0.8733
Epoch 7/25

 1/25 [>.............................] - ETA: 19:38 - loss: 0.7903 - acc: 0.7292
 2/25 [=>............................] - ETA: 19:39 - loss: 0.7130 - acc: 0.7604
 3/25 [==>...........................] - ETA: 18:22 - loss: 0.6962 - acc: 0.7778
 4/25 [===>..........................] - ETA: 17:18 - loss: 0.6822 - acc: 0.8021
 5/25 [=====>........................] - ETA: 16:33 - loss: 0.7153 - acc: 0.7917
 6/25 [======>.......................] - ETA: 15:40 - loss: 0.7016 - acc: 0.7951
 7/25 [=======>......................] - ETA: 14:41 - loss: 0.6959 - acc: 0.7946
 8/25 [========>.....................] - ETA: 13:51 - loss: 0.6691 - acc: 0.8047
 9/25 [=========>....................] - ETA: 13:00 - loss: 0.6587 - acc: 0.8102
10/25 [===========>..................] - ETA: 12:11 - loss: 0.6652 - acc: 0.8083
11/25 [============>.................] - ETA: 11:20 - loss: 0.6628 - acc: 0.8030
12/25 [=============>................] - ETA: 10:32 - loss: 0.6530 - acc: 0.8108
13/25 [==============>...............] - ETA: 9:43 - loss: 0.6550 - acc: 0.8045 
14/25 [===============>..............] - ETA: 8:54 - loss: 0.6418 - acc: 0.8095
15/25 [=================>............] - ETA: 8:05 - loss: 0.6228 - acc: 0.8167
16/25 [==================>...........] - ETA: 7:16 - loss: 0.6183 - acc: 0.8190
17/25 [===================>..........] - ETA: 6:28 - loss: 0.6044 - acc: 0.8248
18/25 [====================>.........] - ETA: 5:39 - loss: 0.6045 - acc: 0.8241
19/25 [=====================>........] - ETA: 4:51 - loss: 0.6004 - acc: 0.8213
20/25 [=======================>......] - ETA: 4:02 - loss: 0.5996 - acc: 0.8219
21/25 [========================>.....] - ETA: 3:14 - loss: 0.5965 - acc: 0.8244
22/25 [=========================>....] - ETA: 2:25 - loss: 0.5941 - acc: 0.8248
23/25 [==========================>...] - ETA: 1:37 - loss: 0.5885 - acc: 0.8261
24/25 [===========================>..] - ETA: 48s - loss: 0.5915 - acc: 0.8247 
25/25 [==============================] - 1266s 51s/step - loss: 0.5849 - acc: 0.8258 - val_loss: 0.4554 - val_acc: 0.8633
Epoch 8/25

 1/25 [>.............................] - ETA: 20:05 - loss: 0.5133 - acc: 0.8958
 2/25 [=>............................] - ETA: 19:38 - loss: 0.5329 - acc: 0.8854
 3/25 [==>...........................] - ETA: 18:11 - loss: 0.5249 - acc: 0.8681
 4/25 [===>..........................] - ETA: 16:59 - loss: 0.5307 - acc: 0.8594
 5/25 [=====>........................] - ETA: 16:11 - loss: 0.5330 - acc: 0.8417
 6/25 [======>.......................] - ETA: 15:21 - loss: 0.5082 - acc: 0.8472
 7/25 [=======>......................] - ETA: 14:25 - loss: 0.4846 - acc: 0.8542
 8/25 [========>.....................] - ETA: 13:37 - loss: 0.4696 - acc: 0.8594
 9/25 [=========>....................] - ETA: 12:47 - loss: 0.4894 - acc: 0.8542
10/25 [===========>..................] - ETA: 11:56 - loss: 0.4753 - acc: 0.8521
11/25 [============>.................] - ETA: 11:11 - loss: 0.4706 - acc: 0.8542
12/25 [=============>................] - ETA: 10:23 - loss: 0.4524 - acc: 0.8646
13/25 [==============>...............] - ETA: 9:34 - loss: 0.4514 - acc: 0.8670 
14/25 [===============>..............] - ETA: 8:46 - loss: 0.4430 - acc: 0.8661
15/25 [=================>............] - ETA: 7:59 - loss: 0.4358 - acc: 0.8694
16/25 [==================>...........] - ETA: 7:11 - loss: 0.4323 - acc: 0.8724
17/25 [===================>..........] - ETA: 6:23 - loss: 0.4331 - acc: 0.8713
18/25 [====================>.........] - ETA: 5:35 - loss: 0.4325 - acc: 0.8715
19/25 [=====================>........] - ETA: 4:47 - loss: 0.4254 - acc: 0.8761
20/25 [=======================>......] - ETA: 3:59 - loss: 0.4268 - acc: 0.8750
21/25 [========================>.....] - ETA: 3:11 - loss: 0.4247 - acc: 0.8760
22/25 [=========================>....] - ETA: 2:23 - loss: 0.4169 - acc: 0.8807
23/25 [==========================>...] - ETA: 1:35 - loss: 0.4119 - acc: 0.8822
24/25 [===========================>..] - ETA: 47s - loss: 0.4028 - acc: 0.8863 
25/25 [==============================] - 1247s 50s/step - loss: 0.4076 - acc: 0.8800 - val_loss: 0.3351 - val_acc: 0.8967
Epoch 9/25

 1/25 [>.............................] - ETA: 19:44 - loss: 0.3267 - acc: 0.9167
 2/25 [=>............................] - ETA: 19:49 - loss: 0.3423 - acc: 0.8854
 3/25 [==>...........................] - ETA: 18:06 - loss: 0.3347 - acc: 0.8958
 4/25 [===>..........................] - ETA: 17:10 - loss: 0.3232 - acc: 0.9063
 5/25 [=====>........................] - ETA: 16:16 - loss: 0.3077 - acc: 0.9125
 6/25 [======>.......................] - ETA: 15:21 - loss: 0.3088 - acc: 0.9097
 7/25 [=======>......................] - ETA: 14:29 - loss: 0.3059 - acc: 0.9107
 8/25 [========>.....................] - ETA: 13:39 - loss: 0.3196 - acc: 0.9063
 9/25 [=========>....................] - ETA: 12:48 - loss: 0.3134 - acc: 0.9074
10/25 [===========>..................] - ETA: 11:58 - loss: 0.3319 - acc: 0.8958
11/25 [============>.................] - ETA: 11:11 - loss: 0.3248 - acc: 0.8977
12/25 [=============>................] - ETA: 10:23 - loss: 0.3276 - acc: 0.8941
13/25 [==============>...............] - ETA: 9:35 - loss: 0.3223 - acc: 0.8958 
14/25 [===============>..............] - ETA: 8:49 - loss: 0.3198 - acc: 0.8973
15/25 [=================>............] - ETA: 8:00 - loss: 0.3117 - acc: 0.9000
16/25 [==================>...........] - ETA: 7:11 - loss: 0.3107 - acc: 0.9023
17/25 [===================>..........] - ETA: 6:23 - loss: 0.3086 - acc: 0.9020
18/25 [====================>.........] - ETA: 5:35 - loss: 0.3136 - acc: 0.8970
19/25 [=====================>........] - ETA: 4:47 - loss: 0.3112 - acc: 0.8969
20/25 [=======================>......] - ETA: 3:59 - loss: 0.3080 - acc: 0.8990
21/25 [========================>.....] - ETA: 3:11 - loss: 0.3113 - acc: 0.8958
22/25 [=========================>....] - ETA: 2:23 - loss: 0.3088 - acc: 0.8987
23/25 [==========================>...] - ETA: 1:35 - loss: 0.3096 - acc: 0.8976
24/25 [===========================>..] - ETA: 47s - loss: 0.3084 - acc: 0.8984 
25/25 [==============================] - 1249s 50s/step - loss: 0.3083 - acc: 0.9000 - val_loss: 0.2780 - val_acc: 0.9233
Epoch 10/25

 1/25 [>.............................] - ETA: 18:48 - loss: 0.3241 - acc: 0.8750
 2/25 [=>............................] - ETA: 18:57 - loss: 0.2864 - acc: 0.9167
 3/25 [==>...........................] - ETA: 18:30 - loss: 0.2878 - acc: 0.9167
 4/25 [===>..........................] - ETA: 17:25 - loss: 0.3254 - acc: 0.9062
 5/25 [=====>........................] - ETA: 16:30 - loss: 0.3107 - acc: 0.9042
 6/25 [======>.......................] - ETA: 15:31 - loss: 0.2956 - acc: 0.9132
 7/25 [=======>......................] - ETA: 14:44 - loss: 0.2811 - acc: 0.9167
 8/25 [========>.....................] - ETA: 13:52 - loss: 0.2705 - acc: 0.9167
 9/25 [=========>....................] - ETA: 12:58 - loss: 0.2798 - acc: 0.9167
10/25 [===========>..................] - ETA: 12:08 - loss: 0.2776 - acc: 0.9208
11/25 [============>.................] - ETA: 11:19 - loss: 0.2655 - acc: 0.9242
12/25 [=============>................] - ETA: 10:29 - loss: 0.2588 - acc: 0.9288
13/25 [==============>...............] - ETA: 9:39 - loss: 0.2648 - acc: 0.9263 
14/25 [===============>..............] - ETA: 8:50 - loss: 0.2641 - acc: 0.9241
15/25 [=================>............] - ETA: 8:03 - loss: 0.2591 - acc: 0.9250
16/25 [==================>...........] - ETA: 7:13 - loss: 0.2572 - acc: 0.9271
17/25 [===================>..........] - ETA: 6:24 - loss: 0.2650 - acc: 0.9252
18/25 [====================>.........] - ETA: 5:36 - loss: 0.2666 - acc: 0.9248
19/25 [=====================>........] - ETA: 4:48 - loss: 0.2702 - acc: 0.9232
20/25 [=======================>......] - ETA: 4:00 - loss: 0.2651 - acc: 0.9240
21/25 [========================>.....] - ETA: 3:12 - loss: 0.2647 - acc: 0.9236
22/25 [=========================>....] - ETA: 2:24 - loss: 0.2645 - acc: 0.9233
23/25 [==========================>...] - ETA: 1:36 - loss: 0.2624 - acc: 0.9239
24/25 [===========================>..] - ETA: 48s - loss: 0.2647 - acc: 0.9236 
25/25 [==============================] - 1253s 50s/step - loss: 0.2595 - acc: 0.9258 - val_loss: 0.2839 - val_acc: 0.8933
Epoch 11/25

 1/25 [>.............................] - ETA: 20:00 - loss: 0.1932 - acc: 0.9583
 2/25 [=>............................] - ETA: 19:02 - loss: 0.2483 - acc: 0.9375
 3/25 [==>...........................] - ETA: 18:43 - loss: 0.2336 - acc: 0.9375
 4/25 [===>..........................] - ETA: 17:23 - loss: 0.2524 - acc: 0.9323
 5/25 [=====>........................] - ETA: 16:32 - loss: 0.2400 - acc: 0.9375
 6/25 [======>.......................] - ETA: 15:32 - loss: 0.2472 - acc: 0.9306
 7/25 [=======>......................] - ETA: 14:39 - loss: 0.2393 - acc: 0.9345
 8/25 [========>.....................] - ETA: 13:46 - loss: 0.2387 - acc: 0.9375
 9/25 [=========>....................] - ETA: 12:52 - loss: 0.2361 - acc: 0.9352
10/25 [===========>..................] - ETA: 12:04 - loss: 0.2373 - acc: 0.9354
11/25 [============>.................] - ETA: 11:15 - loss: 0.2411 - acc: 0.9337
12/25 [=============>................] - ETA: 10:24 - loss: 0.2476 - acc: 0.9306
13/25 [==============>...............] - ETA: 9:36 - loss: 0.2455 - acc: 0.9311 
14/25 [===============>..............] - ETA: 8:48 - loss: 0.2470 - acc: 0.9315
15/25 [=================>............] - ETA: 7:58 - loss: 0.2448 - acc: 0.9306
16/25 [==================>...........] - ETA: 7:10 - loss: 0.2478 - acc: 0.9284
17/25 [===================>..........] - ETA: 6:23 - loss: 0.2415 - acc: 0.9301
18/25 [====================>.........] - ETA: 5:35 - loss: 0.2375 - acc: 0.9317
19/25 [=====================>........] - ETA: 4:46 - loss: 0.2314 - acc: 0.9331
20/25 [=======================>......] - ETA: 3:59 - loss: 0.2264 - acc: 0.9365
21/25 [========================>.....] - ETA: 3:11 - loss: 0.2277 - acc: 0.9365
22/25 [=========================>....] - ETA: 2:23 - loss: 0.2216 - acc: 0.9384
23/25 [==========================>...] - ETA: 1:35 - loss: 0.2233 - acc: 0.9375
24/25 [===========================>..] - ETA: 47s - loss: 0.2260 - acc: 0.9366 
25/25 [==============================] - 1246s 50s/step - loss: 0.2201 - acc: 0.9392 - val_loss: 0.2714 - val_acc: 0.9033
Epoch 12/25

 1/25 [>.............................] - ETA: 19:12 - loss: 0.3135 - acc: 0.9167
 2/25 [=>............................] - ETA: 17:47 - loss: 0.2539 - acc: 0.9271
 3/25 [==>...........................] - ETA: 18:09 - loss: 0.2263 - acc: 0.9236
 4/25 [===>..........................] - ETA: 17:11 - loss: 0.1956 - acc: 0.9427
 5/25 [=====>........................] - ETA: 16:20 - loss: 0.1724 - acc: 0.9542
 6/25 [======>.......................] - ETA: 15:30 - loss: 0.1635 - acc: 0.9514
 7/25 [=======>......................] - ETA: 14:38 - loss: 0.1541 - acc: 0.9554
 8/25 [========>.....................] - ETA: 13:42 - loss: 0.1456 - acc: 0.9583
 9/25 [=========>....................] - ETA: 12:55 - loss: 0.1498 - acc: 0.9560
10/25 [===========>..................] - ETA: 12:04 - loss: 0.1614 - acc: 0.9521
11/25 [============>.................] - ETA: 11:11 - loss: 0.1704 - acc: 0.9489
12/25 [=============>................] - ETA: 10:25 - loss: 0.1647 - acc: 0.9514
13/25 [==============>...............] - ETA: 9:37 - loss: 0.1648 - acc: 0.9503 
14/25 [===============>..............] - ETA: 8:47 - loss: 0.1695 - acc: 0.9494
15/25 [=================>............] - ETA: 7:58 - loss: 0.1729 - acc: 0.9472
16/25 [==================>...........] - ETA: 7:09 - loss: 0.1841 - acc: 0.9440
17/25 [===================>..........] - ETA: 6:21 - loss: 0.1903 - acc: 0.9400
18/25 [====================>.........] - ETA: 5:33 - loss: 0.1899 - acc: 0.9410
19/25 [=====================>........] - ETA: 4:45 - loss: 0.1853 - acc: 0.9430
20/25 [=======================>......] - ETA: 3:58 - loss: 0.1912 - acc: 0.9417
21/25 [========================>.....] - ETA: 3:10 - loss: 0.1902 - acc: 0.9425
22/25 [=========================>....] - ETA: 2:22 - loss: 0.1883 - acc: 0.9422
23/25 [==========================>...] - ETA: 1:35 - loss: 0.1901 - acc: 0.9411
24/25 [===========================>..] - ETA: 47s - loss: 0.1957 - acc: 0.9375 
25/25 [==============================] - 1242s 50s/step - loss: 0.1932 - acc: 0.9383 - val_loss: 0.2384 - val_acc: 0.9000
Epoch 13/25

 1/25 [>.............................] - ETA: 17:59 - loss: 0.0950 - acc: 0.9792
 2/25 [=>............................] - ETA: 17:39 - loss: 0.1123 - acc: 0.9688
 3/25 [==>...........................] - ETA: 17:19 - loss: 0.1417 - acc: 0.9583
 4/25 [===>..........................] - ETA: 16:53 - loss: 0.1484 - acc: 0.9635
 5/25 [=====>........................] - ETA: 15:55 - loss: 0.1407 - acc: 0.9667
 6/25 [======>.......................] - ETA: 14:59 - loss: 0.1469 - acc: 0.9688
 7/25 [=======>......................] - ETA: 14:13 - loss: 0.1354 - acc: 0.9732
 8/25 [========>.....................] - ETA: 13:24 - loss: 0.1292 - acc: 0.9740
 9/25 [=========>....................] - ETA: 12:37 - loss: 0.1292 - acc: 0.9745
10/25 [===========>..................] - ETA: 11:47 - loss: 0.1333 - acc: 0.9708
11/25 [============>.................] - ETA: 11:02 - loss: 0.1485 - acc: 0.9621
12/25 [=============>................] - ETA: 10:16 - loss: 0.1488 - acc: 0.9601
13/25 [==============>...............] - ETA: 9:27 - loss: 0.1420 - acc: 0.9631 
14/25 [===============>..............] - ETA: 8:40 - loss: 0.1387 - acc: 0.9658
15/25 [=================>............] - ETA: 7:53 - loss: 0.1410 - acc: 0.9639
16/25 [==================>...........] - ETA: 7:05 - loss: 0.1394 - acc: 0.9648
17/25 [===================>..........] - ETA: 6:18 - loss: 0.1364 - acc: 0.9669
18/25 [====================>.........] - ETA: 5:31 - loss: 0.1385 - acc: 0.9653
19/25 [=====================>........] - ETA: 4:43 - loss: 0.1395 - acc: 0.9638
20/25 [=======================>......] - ETA: 3:56 - loss: 0.1370 - acc: 0.9646
21/25 [========================>.....] - ETA: 3:09 - loss: 0.1358 - acc: 0.9633
22/25 [=========================>....] - ETA: 2:21 - loss: 0.1390 - acc: 0.9631
23/25 [==========================>...] - ETA: 1:34 - loss: 0.1426 - acc: 0.9620
24/25 [===========================>..] - ETA: 47s - loss: 0.1402 - acc: 0.9635 
25/25 [==============================] - 1234s 49s/step - loss: 0.1429 - acc: 0.9600 - val_loss: 0.2444 - val_acc: 0.9200
Epoch 14/25

 1/25 [>.............................] - ETA: 19:19 - loss: 0.1719 - acc: 0.9375
 2/25 [=>............................] - ETA: 18:26 - loss: 0.1964 - acc: 0.9375
 3/25 [==>...........................] - ETA: 17:34 - loss: 0.1720 - acc: 0.9514
 4/25 [===>..........................] - ETA: 17:22 - loss: 0.1485 - acc: 0.9583
 5/25 [=====>........................] - ETA: 16:27 - loss: 0.1596 - acc: 0.9542
 6/25 [======>.......................] - ETA: 15:34 - loss: 0.1489 - acc: 0.9549
 7/25 [=======>......................] - ETA: 14:40 - loss: 0.1784 - acc: 0.9524
 8/25 [========>.....................] - ETA: 13:44 - loss: 0.1665 - acc: 0.9531
 9/25 [=========>....................] - ETA: 12:57 - loss: 0.1567 - acc: 0.9583
10/25 [===========>..................] - ETA: 12:08 - loss: 0.1500 - acc: 0.9604
11/25 [============>.................] - ETA: 11:19 - loss: 0.1472 - acc: 0.9583
12/25 [=============>................] - ETA: 10:28 - loss: 0.1482 - acc: 0.9549
13/25 [==============>...............] - ETA: 9:40 - loss: 0.1521 - acc: 0.9535 
14/25 [===============>..............] - ETA: 8:52 - loss: 0.1446 - acc: 0.9568
15/25 [=================>............] - ETA: 8:04 - loss: 0.1442 - acc: 0.9569
16/25 [==================>...........] - ETA: 7:14 - loss: 0.1479 - acc: 0.9570
17/25 [===================>..........] - ETA: 6:26 - loss: 0.1458 - acc: 0.9571
18/25 [====================>.........] - ETA: 5:38 - loss: 0.1426 - acc: 0.9583
19/25 [=====================>........] - ETA: 4:49 - loss: 0.1460 - acc: 0.9572
20/25 [=======================>......] - ETA: 4:01 - loss: 0.1486 - acc: 0.9563
21/25 [========================>.....] - ETA: 3:12 - loss: 0.1501 - acc: 0.9554
22/25 [=========================>....] - ETA: 2:24 - loss: 0.1503 - acc: 0.9545
23/25 [==========================>...] - ETA: 1:36 - loss: 0.1459 - acc: 0.9556
24/25 [===========================>..] - ETA: 48s - loss: 0.1429 - acc: 0.9575 
25/25 [==============================] - 1254s 50s/step - loss: 0.1390 - acc: 0.9592 - val_loss: 0.2242 - val_acc: 0.9200
Epoch 15/25

 1/25 [>.............................] - ETA: 19:08 - loss: 0.1105 - acc: 0.9792
 2/25 [=>............................] - ETA: 18:14 - loss: 0.1328 - acc: 0.9688
 3/25 [==>...........................] - ETA: 17:06 - loss: 0.1230 - acc: 0.9722
 4/25 [===>..........................] - ETA: 16:43 - loss: 0.1244 - acc: 0.9740
 5/25 [=====>........................] - ETA: 15:47 - loss: 0.1300 - acc: 0.9750
 6/25 [======>.......................] - ETA: 15:26 - loss: 0.1182 - acc: 0.9792
 7/25 [=======>......................] - ETA: 14:53 - loss: 0.1109 - acc: 0.9821
 8/25 [========>.....................] - ETA: 14:14 - loss: 0.1108 - acc: 0.9844
 9/25 [=========>....................] - ETA: 13:33 - loss: 0.1049 - acc: 0.9838
10/25 [===========>..................] - ETA: 12:49 - loss: 0.1090 - acc: 0.9792
11/25 [============>.................] - ETA: 12:03 - loss: 0.1161 - acc: 0.9754
12/25 [=============>................] - ETA: 11:15 - loss: 0.1223 - acc: 0.9705
13/25 [==============>...............] - ETA: 10:26 - loss: 0.1236 - acc: 0.9696
14/25 [===============>..............] - ETA: 9:34 - loss: 0.1218 - acc: 0.9702 
15/25 [=================>............] - ETA: 8:32 - loss: 0.1173 - acc: 0.9722
16/25 [==================>...........] - ETA: 7:32 - loss: 0.1221 - acc: 0.9701
17/25 [===================>..........] - ETA: 6:35 - loss: 0.1187 - acc: 0.9706
18/25 [====================>.........] - ETA: 5:41 - loss: 0.1263 - acc: 0.9676
19/25 [=====================>........] - ETA: 4:48 - loss: 0.1227 - acc: 0.9693
20/25 [=======================>......] - ETA: 3:56 - loss: 0.1224 - acc: 0.9698
21/25 [========================>.....] - ETA: 3:07 - loss: 0.1216 - acc: 0.9702
22/25 [=========================>....] - ETA: 2:19 - loss: 0.1216 - acc: 0.9706
23/25 [==========================>...] - ETA: 1:31 - loss: 0.1188 - acc: 0.9719
24/25 [===========================>..] - ETA: 45s - loss: 0.1199 - acc: 0.9705 
25/25 [==============================] - 1165s 47s/step - loss: 0.1183 - acc: 0.9708 - val_loss: 0.2131 - val_acc: 0.9200
Epoch 16/25

 1/25 [>.............................] - ETA: 14:04 - loss: 0.1592 - acc: 0.9167
 2/25 [=>............................] - ETA: 13:28 - loss: 0.1663 - acc: 0.9271
 3/25 [==>...........................] - ETA: 12:55 - loss: 0.1615 - acc: 0.9306
 4/25 [===>..........................] - ETA: 12:19 - loss: 0.1603 - acc: 0.9375
 5/25 [=====>........................] - ETA: 11:46 - loss: 0.1470 - acc: 0.9458
 6/25 [======>.......................] - ETA: 11:11 - loss: 0.1299 - acc: 0.9549
 7/25 [=======>......................] - ETA: 10:36 - loss: 0.1289 - acc: 0.9554
 8/25 [========>.....................] - ETA: 10:02 - loss: 0.1284 - acc: 0.9583
 9/25 [=========>....................] - ETA: 9:28 - loss: 0.1301 - acc: 0.9583 
10/25 [===========>..................] - ETA: 8:52 - loss: 0.1245 - acc: 0.9604
11/25 [============>.................] - ETA: 8:17 - loss: 0.1221 - acc: 0.9621
12/25 [=============>................] - ETA: 7:42 - loss: 0.1161 - acc: 0.9653
13/25 [==============>...............] - ETA: 7:08 - loss: 0.1149 - acc: 0.9647
14/25 [===============>..............] - ETA: 6:32 - loss: 0.1165 - acc: 0.9613
15/25 [=================>............] - ETA: 5:57 - loss: 0.1168 - acc: 0.9597
16/25 [==================>...........] - ETA: 5:22 - loss: 0.1138 - acc: 0.9609
17/25 [===================>..........] - ETA: 4:46 - loss: 0.1126 - acc: 0.9608
18/25 [====================>.........] - ETA: 4:10 - loss: 0.1137 - acc: 0.9583
19/25 [=====================>........] - ETA: 3:34 - loss: 0.1111 - acc: 0.9594
20/25 [=======================>......] - ETA: 2:58 - loss: 0.1094 - acc: 0.9604
21/25 [========================>.....] - ETA: 2:23 - loss: 0.1158 - acc: 0.9593
22/25 [=========================>....] - ETA: 1:47 - loss: 0.1159 - acc: 0.9574
23/25 [==========================>...] - ETA: 1:11 - loss: 0.1148 - acc: 0.9574
24/25 [===========================>..] - ETA: 35s - loss: 0.1156 - acc: 0.9566 
25/25 [==============================] - 934s 37s/step - loss: 0.1187 - acc: 0.9558 - val_loss: 0.2193 - val_acc: 0.9167
Epoch 17/25

 1/25 [>.............................] - ETA: 14:04 - loss: 0.1505 - acc: 0.9583
 2/25 [=>............................] - ETA: 13:33 - loss: 0.1911 - acc: 0.9479
 3/25 [==>...........................] - ETA: 12:57 - loss: 0.1665 - acc: 0.9583
 4/25 [===>..........................] - ETA: 12:23 - loss: 0.1501 - acc: 0.9635
 5/25 [=====>........................] - ETA: 11:51 - loss: 0.1417 - acc: 0.9625
 6/25 [======>.......................] - ETA: 11:18 - loss: 0.1285 - acc: 0.9688
 7/25 [=======>......................] - ETA: 10:41 - loss: 0.1288 - acc: 0.9673
 8/25 [========>.....................] - ETA: 10:05 - loss: 0.1286 - acc: 0.9688
 9/25 [=========>....................] - ETA: 9:30 - loss: 0.1184 - acc: 0.9722 
10/25 [===========>..................] - ETA: 8:54 - loss: 0.1208 - acc: 0.9708
11/25 [============>.................] - ETA: 8:18 - loss: 0.1203 - acc: 0.9697
12/25 [=============>................] - ETA: 7:44 - loss: 0.1204 - acc: 0.9705
13/25 [==============>...............] - ETA: 7:09 - loss: 0.1199 - acc: 0.9696
14/25 [===============>..............] - ETA: 6:33 - loss: 0.1173 - acc: 0.9717
15/25 [=================>............] - ETA: 5:57 - loss: 0.1223 - acc: 0.9708
16/25 [==================>...........] - ETA: 5:22 - loss: 0.1235 - acc: 0.9701
17/25 [===================>..........] - ETA: 4:46 - loss: 0.1203 - acc: 0.9718
18/25 [====================>.........] - ETA: 4:10 - loss: 0.1237 - acc: 0.9711
19/25 [=====================>........] - ETA: 3:34 - loss: 0.1221 - acc: 0.9715
20/25 [=======================>......] - ETA: 2:58 - loss: 0.1221 - acc: 0.9698
21/25 [========================>.....] - ETA: 2:22 - loss: 0.1186 - acc: 0.9712
22/25 [=========================>....] - ETA: 1:47 - loss: 0.1175 - acc: 0.9716
23/25 [==========================>...] - ETA: 1:11 - loss: 0.1158 - acc: 0.9728
24/25 [===========================>..] - ETA: 35s - loss: 0.1119 - acc: 0.9740 
25/25 [==============================] - 932s 37s/step - loss: 0.1092 - acc: 0.9750 - val_loss: 0.2211 - val_acc: 0.9067
Epoch 18/25

 1/25 [>.............................] - ETA: 14:03 - loss: 0.0793 - acc: 0.9583
 2/25 [=>............................] - ETA: 13:38 - loss: 0.0881 - acc: 0.9688
 3/25 [==>...........................] - ETA: 13:09 - loss: 0.0879 - acc: 0.9653
 4/25 [===>..........................] - ETA: 12:30 - loss: 0.0854 - acc: 0.9740
 5/25 [=====>........................] - ETA: 11:53 - loss: 0.1130 - acc: 0.9667
 6/25 [======>.......................] - ETA: 11:18 - loss: 0.1081 - acc: 0.9722
 7/25 [=======>......................] - ETA: 10:43 - loss: 0.1081 - acc: 0.9732
 8/25 [========>.....................] - ETA: 10:07 - loss: 0.1012 - acc: 0.9740
 9/25 [=========>....................] - ETA: 9:31 - loss: 0.0996 - acc: 0.9745 
10/25 [===========>..................] - ETA: 8:55 - loss: 0.0983 - acc: 0.9750
11/25 [============>.................] - ETA: 8:19 - loss: 0.0979 - acc: 0.9754
12/25 [=============>................] - ETA: 7:43 - loss: 0.1017 - acc: 0.9740
13/25 [==============>...............] - ETA: 7:08 - loss: 0.0977 - acc: 0.9760
14/25 [===============>..............] - ETA: 6:32 - loss: 0.0922 - acc: 0.9777
15/25 [=================>............] - ETA: 5:56 - loss: 0.0918 - acc: 0.9778
16/25 [==================>...........] - ETA: 5:20 - loss: 0.0933 - acc: 0.9779
17/25 [===================>..........] - ETA: 4:44 - loss: 0.0937 - acc: 0.9767
18/25 [====================>.........] - ETA: 4:09 - loss: 0.0965 - acc: 0.9734
19/25 [=====================>........] - ETA: 3:33 - loss: 0.0949 - acc: 0.9748
20/25 [=======================>......] - ETA: 2:57 - loss: 0.0926 - acc: 0.9760
21/25 [========================>.....] - ETA: 2:22 - loss: 0.0933 - acc: 0.9752
22/25 [=========================>....] - ETA: 1:46 - loss: 0.0937 - acc: 0.9754
23/25 [==========================>...] - ETA: 1:11 - loss: 0.0918 - acc: 0.9764
24/25 [===========================>..] - ETA: 35s - loss: 0.0929 - acc: 0.9757 
25/25 [==============================] - 928s 37s/step - loss: 0.0956 - acc: 0.9750 - val_loss: 0.2132 - val_acc: 0.9233
Epoch 19/25

 1/25 [>.............................] - ETA: 14:24 - loss: 0.0757 - acc: 1.0000
 2/25 [=>............................] - ETA: 13:46 - loss: 0.0858 - acc: 0.9688
 3/25 [==>...........................] - ETA: 13:06 - loss: 0.1020 - acc: 0.9583
 4/25 [===>..........................] - ETA: 12:32 - loss: 0.0834 - acc: 0.9688
 5/25 [=====>........................] - ETA: 11:54 - loss: 0.0825 - acc: 0.9667
 6/25 [======>.......................] - ETA: 11:19 - loss: 0.0986 - acc: 0.9653
 7/25 [=======>......................] - ETA: 10:43 - loss: 0.0959 - acc: 0.9702
 8/25 [========>.....................] - ETA: 10:07 - loss: 0.0985 - acc: 0.9687
 9/25 [=========>....................] - ETA: 9:32 - loss: 0.1005 - acc: 0.9653 
10/25 [===========>..................] - ETA: 8:56 - loss: 0.0984 - acc: 0.9667
11/25 [============>.................] - ETA: 8:20 - loss: 0.0930 - acc: 0.9697
12/25 [=============>................] - ETA: 7:45 - loss: 0.0886 - acc: 0.9705
13/25 [==============>...............] - ETA: 7:09 - loss: 0.0895 - acc: 0.9696
14/25 [===============>..............] - ETA: 6:33 - loss: 0.0910 - acc: 0.9687
15/25 [=================>............] - ETA: 5:57 - loss: 0.0935 - acc: 0.9694
16/25 [==================>...........] - ETA: 5:22 - loss: 0.0922 - acc: 0.9701
17/25 [===================>..........] - ETA: 4:46 - loss: 0.0921 - acc: 0.9718
18/25 [====================>.........] - ETA: 4:10 - loss: 0.0927 - acc: 0.9711
19/25 [=====================>........] - ETA: 3:34 - loss: 0.0952 - acc: 0.9704
20/25 [=======================>......] - ETA: 2:58 - loss: 0.0946 - acc: 0.9719
21/25 [========================>.....] - ETA: 2:22 - loss: 0.0914 - acc: 0.9732
22/25 [=========================>....] - ETA: 1:47 - loss: 0.0887 - acc: 0.9744
23/25 [==========================>...] - ETA: 1:11 - loss: 0.0869 - acc: 0.9755
24/25 [===========================>..] - ETA: 35s - loss: 0.0871 - acc: 0.9757 
25/25 [==============================] - 931s 37s/step - loss: 0.0892 - acc: 0.9742 - val_loss: 0.2092 - val_acc: 0.9267
Epoch 20/25

 1/25 [>.............................] - ETA: 14:02 - loss: 0.1129 - acc: 0.9583
 2/25 [=>............................] - ETA: 13:30 - loss: 0.0786 - acc: 0.9792
 3/25 [==>...........................] - ETA: 12:57 - loss: 0.0919 - acc: 0.9792
 4/25 [===>..........................] - ETA: 12:22 - loss: 0.0857 - acc: 0.9740
 5/25 [=====>........................] - ETA: 11:46 - loss: 0.0768 - acc: 0.9792
 6/25 [======>.......................] - ETA: 11:11 - loss: 0.0859 - acc: 0.9792
 7/25 [=======>......................] - ETA: 10:35 - loss: 0.0831 - acc: 0.9821
 8/25 [========>.....................] - ETA: 10:01 - loss: 0.0782 - acc: 0.9844
 9/25 [=========>....................] - ETA: 9:25 - loss: 0.0781 - acc: 0.9838 
10/25 [===========>..................] - ETA: 8:51 - loss: 0.0773 - acc: 0.9812
11/25 [============>.................] - ETA: 8:16 - loss: 0.0772 - acc: 0.9830
12/25 [=============>................] - ETA: 7:41 - loss: 0.0825 - acc: 0.9774
13/25 [==============>...............] - ETA: 7:05 - loss: 0.0830 - acc: 0.9776
14/25 [===============>..............] - ETA: 6:30 - loss: 0.0825 - acc: 0.9762
15/25 [=================>............] - ETA: 5:55 - loss: 0.0796 - acc: 0.9778
16/25 [==================>...........] - ETA: 5:19 - loss: 0.0799 - acc: 0.9779
17/25 [===================>..........] - ETA: 4:44 - loss: 0.0780 - acc: 0.9779
18/25 [====================>.........] - ETA: 4:08 - loss: 0.0818 - acc: 0.9780
19/25 [=====================>........] - ETA: 3:33 - loss: 0.0812 - acc: 0.9781
20/25 [=======================>......] - ETA: 2:57 - loss: 0.0806 - acc: 0.9781
21/25 [========================>.....] - ETA: 2:22 - loss: 0.0805 - acc: 0.9782
22/25 [=========================>....] - ETA: 1:46 - loss: 0.0801 - acc: 0.9782
23/25 [==========================>...] - ETA: 1:11 - loss: 0.0828 - acc: 0.9764
24/25 [===========================>..] - ETA: 35s - loss: 0.0837 - acc: 0.9757 
25/25 [==============================] - 928s 37s/step - loss: 0.0835 - acc: 0.9750 - val_loss: 0.1926 - val_acc: 0.9267
Epoch 21/25

 1/25 [>.............................] - ETA: 14:25 - loss: 0.0808 - acc: 0.9583
 2/25 [=>............................] - ETA: 13:38 - loss: 0.0703 - acc: 0.9792
 3/25 [==>...........................] - ETA: 12:59 - loss: 0.0783 - acc: 0.9792
 4/25 [===>..........................] - ETA: 12:24 - loss: 0.0698 - acc: 0.9844
 5/25 [=====>........................] - ETA: 11:48 - loss: 0.0654 - acc: 0.9833
 6/25 [======>.......................] - ETA: 11:14 - loss: 0.0675 - acc: 0.9861
 7/25 [=======>......................] - ETA: 10:38 - loss: 0.0663 - acc: 0.9851
 8/25 [========>.....................] - ETA: 10:02 - loss: 0.0660 - acc: 0.9844
 9/25 [=========>....................] - ETA: 9:26 - loss: 0.0609 - acc: 0.9861 
10/25 [===========>..................] - ETA: 8:51 - loss: 0.0563 - acc: 0.9875
11/25 [============>.................] - ETA: 8:15 - loss: 0.0566 - acc: 0.9848
12/25 [=============>................] - ETA: 7:40 - loss: 0.0569 - acc: 0.9861
13/25 [==============>...............] - ETA: 7:05 - loss: 0.0550 - acc: 0.9872
14/25 [===============>..............] - ETA: 6:29 - loss: 0.0563 - acc: 0.9881
15/25 [=================>............] - ETA: 5:54 - loss: 0.0598 - acc: 0.9847
16/25 [==================>...........] - ETA: 5:19 - loss: 0.0575 - acc: 0.9857
17/25 [===================>..........] - ETA: 4:43 - loss: 0.0571 - acc: 0.9865
18/25 [====================>.........] - ETA: 4:08 - loss: 0.0590 - acc: 0.9850
19/25 [=====================>........] - ETA: 3:33 - loss: 0.0588 - acc: 0.9846
20/25 [=======================>......] - ETA: 2:57 - loss: 0.0598 - acc: 0.9854
21/25 [========================>.....] - ETA: 2:22 - loss: 0.0597 - acc: 0.9861
22/25 [=========================>....] - ETA: 1:46 - loss: 0.0598 - acc: 0.9867
23/25 [==========================>...] - ETA: 1:11 - loss: 0.0597 - acc: 0.9873
24/25 [===========================>..] - ETA: 35s - loss: 0.0626 - acc: 0.9861 
25/25 [==============================] - 930s 37s/step - loss: 0.0638 - acc: 0.9858 - val_loss: 0.2002 - val_acc: 0.9167
Epoch 22/25

 1/25 [>.............................] - ETA: 14:10 - loss: 0.0369 - acc: 1.0000
 2/25 [=>............................] - ETA: 13:30 - loss: 0.0463 - acc: 0.9896
 3/25 [==>...........................] - ETA: 13:00 - loss: 0.0599 - acc: 0.9931
 4/25 [===>..........................] - ETA: 12:26 - loss: 0.0752 - acc: 0.9896
 5/25 [=====>........................] - ETA: 11:52 - loss: 0.0720 - acc: 0.9875
 6/25 [======>.......................] - ETA: 11:15 - loss: 0.0764 - acc: 0.9826
 7/25 [=======>......................] - ETA: 10:39 - loss: 0.0690 - acc: 0.9851
 8/25 [========>.....................] - ETA: 10:03 - loss: 0.0705 - acc: 0.9870
 9/25 [=========>....................] - ETA: 9:29 - loss: 0.0696 - acc: 0.9861 
10/25 [===========>..................] - ETA: 8:53 - loss: 0.0660 - acc: 0.9875
11/25 [============>.................] - ETA: 8:18 - loss: 0.0640 - acc: 0.9867
12/25 [=============>................] - ETA: 7:43 - loss: 0.0635 - acc: 0.9878
13/25 [==============>...............] - ETA: 7:07 - loss: 0.0684 - acc: 0.9856
14/25 [===============>..............] - ETA: 6:32 - loss: 0.0663 - acc: 0.9851
15/25 [=================>............] - ETA: 5:57 - loss: 0.0650 - acc: 0.9861
16/25 [==================>...........] - ETA: 5:21 - loss: 0.0641 - acc: 0.9857
17/25 [===================>..........] - ETA: 4:45 - loss: 0.0653 - acc: 0.9853
18/25 [====================>.........] - ETA: 4:09 - loss: 0.0724 - acc: 0.9815
19/25 [=====================>........] - ETA: 3:34 - loss: 0.0731 - acc: 0.9814
20/25 [=======================>......] - ETA: 2:58 - loss: 0.0766 - acc: 0.9792
21/25 [========================>.....] - ETA: 2:22 - loss: 0.0801 - acc: 0.9762
22/25 [=========================>....] - ETA: 1:47 - loss: 0.0803 - acc: 0.9773
23/25 [==========================>...] - ETA: 1:11 - loss: 0.0816 - acc: 0.9755
24/25 [===========================>..] - ETA: 35s - loss: 0.0807 - acc: 0.9757 
25/25 [==============================] - 935s 37s/step - loss: 0.0826 - acc: 0.9750 - val_loss: 0.2027 - val_acc: 0.9300
Epoch 23/25

 1/25 [>.............................] - ETA: 14:04 - loss: 0.0477 - acc: 0.9792
 2/25 [=>............................] - ETA: 13:27 - loss: 0.0423 - acc: 0.9896
 3/25 [==>...........................] - ETA: 12:58 - loss: 0.0416 - acc: 0.9931
 4/25 [===>..........................] - ETA: 12:22 - loss: 0.0542 - acc: 0.9896
 5/25 [=====>........................] - ETA: 11:49 - loss: 0.0539 - acc: 0.9917
 6/25 [======>.......................] - ETA: 11:13 - loss: 0.0545 - acc: 0.9931
 7/25 [=======>......................] - ETA: 10:39 - loss: 0.0519 - acc: 0.9940
 8/25 [========>.....................] - ETA: 10:04 - loss: 0.0568 - acc: 0.9922
 9/25 [=========>....................] - ETA: 9:28 - loss: 0.0686 - acc: 0.9815 
10/25 [===========>..................] - ETA: 8:53 - loss: 0.0652 - acc: 0.9833
11/25 [============>.................] - ETA: 8:18 - loss: 0.0623 - acc: 0.9848
12/25 [=============>................] - ETA: 7:42 - loss: 0.0629 - acc: 0.9844
13/25 [==============>...............] - ETA: 7:06 - loss: 0.0622 - acc: 0.9840
14/25 [===============>..............] - ETA: 6:31 - loss: 0.0601 - acc: 0.9851
15/25 [=================>............] - ETA: 5:55 - loss: 0.0604 - acc: 0.9847
16/25 [==================>...........] - ETA: 5:19 - loss: 0.0628 - acc: 0.9831
17/25 [===================>..........] - ETA: 4:44 - loss: 0.0627 - acc: 0.9828
18/25 [====================>.........] - ETA: 4:09 - loss: 0.0631 - acc: 0.9838
19/25 [=====================>........] - ETA: 3:33 - loss: 0.0623 - acc: 0.9836
20/25 [=======================>......] - ETA: 2:58 - loss: 0.0605 - acc: 0.9844
21/25 [========================>.....] - ETA: 2:22 - loss: 0.0590 - acc: 0.9851
22/25 [=========================>....] - ETA: 1:46 - loss: 0.0584 - acc: 0.9858
23/25 [==========================>...] - ETA: 1:11 - loss: 0.0570 - acc: 0.9864
24/25 [===========================>..] - ETA: 35s - loss: 0.0564 - acc: 0.9870 
25/25 [==============================] - 929s 37s/step - loss: 0.0561 - acc: 0.9875 - val_loss: 0.2047 - val_acc: 0.9433
Epoch 24/25

 1/25 [>.............................] - ETA: 14:35 - loss: 0.0756 - acc: 0.9583
 2/25 [=>............................] - ETA: 13:47 - loss: 0.1084 - acc: 0.9688
 3/25 [==>...........................] - ETA: 13:08 - loss: 0.1039 - acc: 0.9722
 4/25 [===>..........................] - ETA: 12:29 - loss: 0.0872 - acc: 0.9792
 5/25 [=====>........................] - ETA: 11:54 - loss: 0.0824 - acc: 0.9792
 6/25 [======>.......................] - ETA: 11:20 - loss: 0.0833 - acc: 0.9792
 7/25 [=======>......................] - ETA: 10:45 - loss: 0.0778 - acc: 0.9821
 8/25 [========>.....................] - ETA: 10:08 - loss: 0.0861 - acc: 0.9792
 9/25 [=========>....................] - ETA: 9:32 - loss: 0.0957 - acc: 0.9792 
10/25 [===========>..................] - ETA: 8:56 - loss: 0.0989 - acc: 0.9792
11/25 [============>.................] - ETA: 8:20 - loss: 0.0945 - acc: 0.9792
12/25 [=============>................] - ETA: 7:44 - loss: 0.0960 - acc: 0.9774
13/25 [==============>...............] - ETA: 7:08 - loss: 0.0926 - acc: 0.9776
14/25 [===============>..............] - ETA: 6:32 - loss: 0.0884 - acc: 0.9792
15/25 [=================>............] - ETA: 5:56 - loss: 0.0845 - acc: 0.9806
16/25 [==================>...........] - ETA: 5:21 - loss: 0.0801 - acc: 0.9818
17/25 [===================>..........] - ETA: 4:45 - loss: 0.0801 - acc: 0.9804
18/25 [====================>.........] - ETA: 4:09 - loss: 0.0769 - acc: 0.9815
19/25 [=====================>........] - ETA: 3:34 - loss: 0.0756 - acc: 0.9825
20/25 [=======================>......] - ETA: 2:58 - loss: 0.0734 - acc: 0.9833
21/25 [========================>.....] - ETA: 2:22 - loss: 0.0710 - acc: 0.9841
22/25 [=========================>....] - ETA: 1:47 - loss: 0.0701 - acc: 0.9839
23/25 [==========================>...] - ETA: 1:11 - loss: 0.0711 - acc: 0.9837
24/25 [===========================>..] - ETA: 35s - loss: 0.0719 - acc: 0.9826 
25/25 [==============================] - 932s 37s/step - loss: 0.0703 - acc: 0.9833 - val_loss: 0.2021 - val_acc: 0.9433
Epoch 25/25

 1/25 [>.............................] - ETA: 14:10 - loss: 0.0506 - acc: 0.9792
 2/25 [=>............................] - ETA: 13:38 - loss: 0.0436 - acc: 0.9896
 3/25 [==>...........................] - ETA: 13:06 - loss: 0.0508 - acc: 0.9861
 4/25 [===>..........................] - ETA: 12:28 - loss: 0.0564 - acc: 0.9844
 5/25 [=====>........................] - ETA: 11:50 - loss: 0.0520 - acc: 0.9875
 6/25 [======>.......................] - ETA: 11:15 - loss: 0.0486 - acc: 0.9896
 7/25 [=======>......................] - ETA: 10:39 - loss: 0.0519 - acc: 0.9881
 8/25 [========>.....................] - ETA: 10:03 - loss: 0.0483 - acc: 0.9896
 9/25 [=========>....................] - ETA: 9:28 - loss: 0.0447 - acc: 0.9907 
10/25 [===========>..................] - ETA: 8:52 - loss: 0.0411 - acc: 0.9917
11/25 [============>.................] - ETA: 8:17 - loss: 0.0589 - acc: 0.9811
12/25 [=============>................] - ETA: 7:41 - loss: 0.0558 - acc: 0.9826
13/25 [==============>...............] - ETA: 7:05 - loss: 0.0574 - acc: 0.9808
14/25 [===============>..............] - ETA: 6:30 - loss: 0.0555 - acc: 0.9821
15/25 [=================>............] - ETA: 5:55 - loss: 0.0564 - acc: 0.9819
16/25 [==================>...........] - ETA: 5:19 - loss: 0.0551 - acc: 0.9831
17/25 [===================>..........] - ETA: 4:43 - loss: 0.0567 - acc: 0.9816
18/25 [====================>.........] - ETA: 4:08 - loss: 0.0563 - acc: 0.9815
19/25 [=====================>........] - ETA: 3:33 - loss: 0.0557 - acc: 0.9814
20/25 [=======================>......] - ETA: 2:57 - loss: 0.0570 - acc: 0.9813
21/25 [========================>.....] - ETA: 2:22 - loss: 0.0570 - acc: 0.9821
22/25 [=========================>....] - ETA: 1:46 - loss: 0.0573 - acc: 0.9820
23/25 [==========================>...] - ETA: 1:11 - loss: 0.0576 - acc: 0.9819
24/25 [===========================>..] - ETA: 35s - loss: 0.0607 - acc: 0.9818 
25/25 [==============================] - 928s 37s/step - loss: 0.0622 - acc: 0.9817 - val_loss: 0.2066 - val_acc: 0.9133
Using TensorFlow backend.
No handles with labels found to put in legend.
[INFO] evaluating network...
              precision    recall  f1-score   support

     Bedroom       0.94      0.87      0.90       116
       Coast       0.88      0.96      0.92       260
      Forest       0.94      0.96      0.95       228
     Highway       0.90      0.98      0.94       160
  Industrial       0.95      0.91      0.93       211
  InsideCity       0.90      0.92      0.91       208
     Kitchen       0.85      0.95      0.90       110
  LivingRoom       0.90      0.90      0.90       189
    Mountain       0.96      0.90      0.93       274
      Office       0.97      0.95      0.96       115
 OpenCountry       0.88      0.83      0.85       310
       Store       0.96      0.98      0.97       215
      Street       0.94      0.98      0.96       192
      Suburb       0.97      0.99      0.98       141
TallBuilding       0.99      0.91      0.95       256

 avg / total       0.93      0.93      0.93      2985

Accuracy: 0.9266331658291457
[[101   0   0   0   0   0   0  14   0   1   0   0   0   0   0]
 [  0 249   1   2   0   0   0   0   1   0   7   0   0   0   0]
 [  0   0 218   0   0   0   0   0   0   0  10   0   0   0   0]
 [  0   0   0 157   1   0   0   0   0   0   0   0   2   0   0]
 [  0   1   0   4 192   5   2   0   0   0   1   2   2   2   0]
 [  0   0   0   0   3 192   0   0   0   0   0   3   7   2   1]
 [  2   0   0   0   0   0 104   1   0   1   0   2   0   0   0]
 [  5   0   0   0   0   0  11 171   0   0   0   2   0   0   0]
 [  0   4   4   2   0   0   0   0 247   0  17   0   0   0   0]
 [  0   0   0   0   0   0   2   4   0 109   0   0   0   0   0]
 [  0  29   8   8   0   0   0   0   9   0 256   0   0   0   0]
 [  0   0   0   0   0   0   3   1   0   1   0 210   0   0   0]
 [  0   0   0   2   0   1   0   0   0   0   0   0 188   0   1]
 [  0   0   0   0   0   2   0   0   0   0   0   0   0 139   0]
 [  0   0   2   0   7  13   0   0   0   0   0   0   1   0 233]]
[INFO] serializing network and label binarizer...
[INFO] plotting and saving results...
Dropout: 0.7 BS: 48
